###############################################################################
#
# IAR ANSI C/C++ Compiler V7.40.3.8902/W32 for ARM        12/Jul/2019  09:14:37
# Copyright 1999-2015 IAR Systems AB.
#
#    Cpu mode     =  thumb
#    Endian       =  little
#    Source file  =  
#        E:\MYWorkPlace\SVNData\zhouwanli\XF-SXT-N-V1.0\USER\APP\app_beep.c
#    Command line =  
#        E:\MYWorkPlace\SVNData\zhouwanli\XF-SXT-N-V1.0\USER\APP\app_beep.c -D
#        LORA_MODULE -lCN
#        E:\MYWorkPlace\SVNData\zhouwanli\XF-SXT-N-V1.0\EWIAR\Flash\List\ -o
#        E:\MYWorkPlace\SVNData\zhouwanli\XF-SXT-N-V1.0\EWIAR\Flash\Obj\
#        --no_unroll --no_inline --no_tbaa --no_scheduling --debug
#        --endian=little --cpu=Cortex-M3 -e --fpu=None --dlib_config
#        D:\Softwares\IAR7.40\arm\INC\c\DLib_Config_Full.h -I
#        E:\MYWorkPlace\SVNData\zhouwanli\XF-SXT-N-V1.0\EWIAR\..\UCOS-II\CPU\inc\
#        -I
#        E:\MYWorkPlace\SVNData\zhouwanli\XF-SXT-N-V1.0\EWIAR\..\UCOS-II\uC-CPU\
#        -I
#        E:\MYWorkPlace\SVNData\zhouwanli\XF-SXT-N-V1.0\EWIAR\..\UCOS-II\uC-CPU\
#        -I
#        E:\MYWorkPlace\SVNData\zhouwanli\XF-SXT-N-V1.0\EWIAR\..\UCOS-II\uC-LIB\
#        -I
#        E:\MYWorkPlace\SVNData\zhouwanli\XF-SXT-N-V1.0\EWIAR\..\UCOS-II\uC-OSII\Ports\
#        -I
#        E:\MYWorkPlace\SVNData\zhouwanli\XF-SXT-N-V1.0\EWIAR\..\UCOS-II\uC-OSII\Source\
#        -I E:\MYWorkPlace\SVNData\zhouwanli\XF-SXT-N-V1.0\EWIAR\..\USER\BSP\
#        -I E:\MYWorkPlace\SVNData\zhouwanli\XF-SXT-N-V1.0\EWIAR\..\USER\APP\
#        -Om --use_c++_inline
#    List file    =  
#        E:\MYWorkPlace\SVNData\zhouwanli\XF-SXT-N-V1.0\EWIAR\Flash\List\app_beep.lst
#    Object file  =  
#        E:\MYWorkPlace\SVNData\zhouwanli\XF-SXT-N-V1.0\EWIAR\Flash\Obj\app_beep.o
#
###############################################################################

E:\MYWorkPlace\SVNData\zhouwanli\XF-SXT-N-V1.0\USER\APP\app_beep.c
      1          /** @copyright XunFang Communication Tech Limited. All rights reserved. 2013.
      2            * @file  App_Beep.c
      3            * @author  netfire.liang
      4            * @version  V2.0.0
      5            * @date  08/01/2013
      6            * @brief  蜂鸣器程序
      7            */ 
      8          
      9          #include "app_cfg.h"
     10          #include "app_uart.h"
     11          #include <bsp_beep.h>
     12          #include "app_beep.h"
     13          #include "stdio.h"
     14          #include <stdarg.h>
     15          #include "bsp.h"
     16          
     17          /**
     18            * @brief 蜂鸣器队列
     19           */

   \                                 In section .bss, align 4
     20          static OS_EVENT *Beep_Queue;
   \                     Beep_Queue:
   \   00000000                      DS8 4
   \   00000004                      DS8 12
     21          
     22          /**
     23            * @brief 蜂鸣器队列长度
     24           */
     25          #define beep_queue_size 3
     26          
     27          /**
     28            * @brief 蜂鸣器队列数据
     29           */
     30          static INT32U beep_queue[beep_queue_size];
     31          
     32          
     33          /**
     34            * @brief 蜂鸣器主任务
     35            * @details 无
     36            * @param pdata 无用
     37            * @retval 无
     38           */

   \                                 In section .text, align 2, keep-with-next
     39          void App_BEEP_TASK(void)
     40          {
   \                     App_BEEP_TASK: (+1)
   \   00000000   0xB538             PUSH     {R3-R5,LR}
     41              INT8U err;
     42              INT32U beep_time;
     43              Beep_Queue = OSQCreate((void*)beep_queue, beep_queue_size);	/* 创建消息队列 */
   \   00000002   0x....             LDR.N    R4,??DataTable4
   \   00000004   0x2103             MOVS     R1,#+3
   \   00000006   0x1D20             ADDS     R0,R4,#+4
   \   00000008   0x.... 0x....      BL       OSQCreate
   \   0000000C   0x6020             STR      R0,[R4, #+0]
     44              assert_param(Beep_Queue);									/* 检查队列合法性 */
     45          	debug_printf( "[%s] enter!\r\n", __func__ );				/* debug */
   \   0000000E   0x.... 0x....      ADR.W    R1,??__func__
   \   00000012   0x.... 0x....      ADR.W    R0,?_0
   \   00000016   0x.... 0x....      BL       debug_printf
     46          	Beep_output_time(10);										/* 测试 */
   \   0000001A   0x200A             MOVS     R0,#+10
   \   0000001C   0x.... 0x....      BL       Beep_output_time
     47              while(1)
     48              {
     49          		beep_time = (INT32U)OSQPend(Beep_Queue, 0, &err);
   \                     ??App_BEEP_TASK_0: (+1)
   \   00000020   0xAA00             ADD      R2,SP,#+0
   \   00000022   0x2100             MOVS     R1,#+0
   \   00000024   0x6820             LDR      R0,[R4, #+0]
   \   00000026   0x.... 0x....      BL       OSQPend
   \   0000002A   0x4605             MOV      R5,R0
     50          		Beep_on();
   \   0000002C   0x.... 0x....      BL       Beep_on
     51          		OSTimeDly(beep_time);
   \   00000030   0x4628             MOV      R0,R5
   \   00000032   0xB280             UXTH     R0,R0
   \   00000034   0x.... 0x....      BL       OSTimeDly
     52          		Beep_off();
   \   00000038   0x.... 0x....      BL       Beep_off
     53          		OSTimeDlyHMSM(0, 0, 0, 1);								/* 用于任务调度 */
   \   0000003C   0x2301             MOVS     R3,#+1
   \   0000003E   0x2200             MOVS     R2,#+0
   \   00000040   0x4611             MOV      R1,R2
   \   00000042   0x4608             MOV      R0,R1
   \   00000044   0x.... 0x....      BL       OSTimeDlyHMSM
   \   00000048   0xE7EA             B.N      ??App_BEEP_TASK_0
     54              }
     55          }
     56          
     57          /**
     58            * @brief 设置蜂鸣器的时间
     59            * @details 无
     60            * @param time 时间长度
     61            * @retval 无
     62           */

   \                                 In section .text, align 2, keep-with-next
     63          void Beep_output_time(INT32U time)
     64          {
     65          	OSQPost(Beep_Queue, (void*)time);
   \                     Beep_output_time: (+1)
   \   00000000   0x4601             MOV      R1,R0
   \   00000002   0x....             LDR.N    R0,??DataTable4
   \   00000004   0x6800             LDR      R0,[R0, #+0]
   \   00000006   0x.... 0x....      B.W      OSQPost
     66          }
     67          
     68          /**
     69            * @brief 清除蜂鸣器的时间队列
     70            * @details 无
     71            * @param 无
     72            * @retval 无
     73           */

   \                                 In section .text, align 2, keep-with-next
     74          void Beep_clean(void)
     75          {
     76              OSQFlush(Beep_Queue);
   \                     Beep_clean: (+1)
   \   00000000   0x....             LDR.N    R0,??DataTable4
   \   00000002   0x6800             LDR      R0,[R0, #+0]
   \   00000004   0x.... 0x....      B.W      OSQFlush
     77          }

   \                                 In section .text, align 4, keep-with-next
   \                     ??DataTable4:
   \   00000000   0x........         DC32     Beep_Queue

   \                                 In section .text, align 4, keep-with-next
   \                     ?_0:
   \   00000000   0x5B 0x25          DC8 "[%s] enter!\015\012"
   \              0x73 0x5D    
   \              0x20 0x65    
   \              0x6E 0x74    
   \              0x65 0x72    
   \              0x21 0x0D    
   \              0x0A 0x00    
   \   0000000E   0x00 0x00          DC8 0, 0
     78          

   Maximum stack usage in bytes:

   .cstack Function
   ------- --------
      16   App_BEEP_TASK
        16   -> Beep_off
        16   -> Beep_on
        16   -> Beep_output_time
        16   -> OSQCreate
        16   -> OSQPend
        16   -> OSTimeDly
        16   -> OSTimeDlyHMSM
        16   -> debug_printf
       0   Beep_clean
         0   -> OSQFlush
       0   Beep_output_time
         0   -> OSQPost


   Section sizes:

   Bytes  Function/Label
   -----  --------------
       4  ??DataTable4
      16  ?_0
      74  App_BEEP_TASK
      16  Beep_Queue
          beep_queue
       8  Beep_clean
      10  Beep_output_time
      16  -- Other

 
  16 bytes in section .bss
 128 bytes in section .text
 
 128 bytes of CODE memory
  16 bytes of DATA memory

Errors: none
Warnings: none
