###############################################################################
#
# IAR ANSI C/C++ Compiler V7.40.3.8902/W32 for ARM        12/Jul/2019  09:14:38
# Copyright 1999-2015 IAR Systems AB.
#
#    Cpu mode     =  thumb
#    Endian       =  little
#    Source file  =  
#        E:\MYWorkPlace\SVNData\zhouwanli\XF-SXT-N-V1.0\USER\APP\app_lora.c
#    Command line =  
#        E:\MYWorkPlace\SVNData\zhouwanli\XF-SXT-N-V1.0\USER\APP\app_lora.c -D
#        LORA_MODULE -lCN
#        E:\MYWorkPlace\SVNData\zhouwanli\XF-SXT-N-V1.0\EWIAR\Flash\List\ -o
#        E:\MYWorkPlace\SVNData\zhouwanli\XF-SXT-N-V1.0\EWIAR\Flash\Obj\
#        --no_unroll --no_inline --no_tbaa --no_scheduling --debug
#        --endian=little --cpu=Cortex-M3 -e --fpu=None --dlib_config
#        D:\Softwares\IAR7.40\arm\INC\c\DLib_Config_Full.h -I
#        E:\MYWorkPlace\SVNData\zhouwanli\XF-SXT-N-V1.0\EWIAR\..\UCOS-II\CPU\inc\
#        -I
#        E:\MYWorkPlace\SVNData\zhouwanli\XF-SXT-N-V1.0\EWIAR\..\UCOS-II\uC-CPU\
#        -I
#        E:\MYWorkPlace\SVNData\zhouwanli\XF-SXT-N-V1.0\EWIAR\..\UCOS-II\uC-CPU\
#        -I
#        E:\MYWorkPlace\SVNData\zhouwanli\XF-SXT-N-V1.0\EWIAR\..\UCOS-II\uC-LIB\
#        -I
#        E:\MYWorkPlace\SVNData\zhouwanli\XF-SXT-N-V1.0\EWIAR\..\UCOS-II\uC-OSII\Ports\
#        -I
#        E:\MYWorkPlace\SVNData\zhouwanli\XF-SXT-N-V1.0\EWIAR\..\UCOS-II\uC-OSII\Source\
#        -I E:\MYWorkPlace\SVNData\zhouwanli\XF-SXT-N-V1.0\EWIAR\..\USER\BSP\
#        -I E:\MYWorkPlace\SVNData\zhouwanli\XF-SXT-N-V1.0\EWIAR\..\USER\APP\
#        -Om --use_c++_inline
#    List file    =  
#        E:\MYWorkPlace\SVNData\zhouwanli\XF-SXT-N-V1.0\EWIAR\Flash\List\app_lora.lst
#    Object file  =  
#        E:\MYWorkPlace\SVNData\zhouwanli\XF-SXT-N-V1.0\EWIAR\Flash\Obj\app_lora.o
#
###############################################################################

E:\MYWorkPlace\SVNData\zhouwanli\XF-SXT-N-V1.0\USER\APP\app_lora.c
      1          /** @copyright XunFang Communication Tech Limited. All rights reserved. 2019.
      2            * @file  app_nbiot.c
      3            * @author  walle
      4            * @version  V2.0.0
      5            * @date  08/05/2019
      6            * @brief  用户app_nbiot
      7            */ 
      8          #include "app_cfg.h"
      9          #include "app_nbiot.h"
     10          #include "app_uart.h"
     11          #include "bsp_uart.h"

   \                                 In section .text, align 2
   \   __intrinsic __nounwind __interwork __softfp char *strchr(char const *, int)
   \                     strchr: (+1)
   \   00000000   0x.... 0x....      B.W      __iar_Strchr

   \                                 In section .text, align 2
   \   __intrinsic __nounwind __interwork __softfp char *strstr(char const *, char const *)
   \                     strstr: (+1)
   \   00000000   0x.... 0x....      B.W      __iar_Strstr
     12          #include "bsp.h"
     13          #include "bsp_dma.h"
     14          #include "app_device.h"
     15          #include "string.h"
     16          #include "stdio.h"
     17          #include "stdlib.h"
     18          #include "app_lora.h"
     19          #include "bsp_lora.h"
     20          
     21          
     22          #define LORA_CMDEXECUTE_COUNT 	0x03                       	/* BC-35命令执行次数 */
     23          
     24          #define ENABLE_LORA_Tick		0x01						/* 使能NBIOT固定时间发送 */
     25          #define DISABLE_LORA_Tick   	0x00
     26          
     27          
     28          /* LORA操作结构体 */

   \                                 In section .bss, align 4
     29          static ST_LORA_OPERAION st_lora_operation = {0};
   \                     st_lora_operation:
   \   00000000                      DS8 28

   \                                 In section .bss, align 4
     30          static Device_packet_t LORADataPacket = {0};				/* LORA */
     31          static Device_packet_t LORATxdaPacket = {0};
   \                     LORATxdaPacket:
   \   00000000                      DS8 76
   \   0000004C                      DS8 76
     32          
     33          /**
     34            * @brief LORA模块设置结构体执行操作状态
     35           */

   \                                 In section .text, align 2, keep-with-next
     36          static void SetLORA_OperatStrState(PST_LORA_OPERATION pst_lora_operation, u8 curState, u8 nextState)
     37          {
     38          	pst_lora_operation->LastOperateState = pst_lora_operation->CurOperateState;
   \                     SetLORA_OperatStrState: (+1)
   \   00000000   0x7A03             LDRB     R3,[R0, #+8]
   \   00000002   0x7143             STRB     R3,[R0, #+5]
     39          	pst_lora_operation->CurOperateState = curState;
   \   00000004   0x7201             STRB     R1,[R0, #+8]
     40          	pst_lora_operation->NextOperateState = nextState;
   \   00000006   0x7242             STRB     R2,[R0, #+9]
     41          	debug_printf("%s:SEND\r\n", pst_lora_operation->CurCMD);
   \   00000008   0x6801             LDR      R1,[R0, #+0]
   \   0000000A   0x.... 0x....      ADR.W    R0,?_0
   \   0000000E   0x.... 0x....      B.W      debug_printf
     42          }
     43          
     44          /**
     45            * @brief LORA模块设置结构体执行处理状态
     46           */

   \                                 In section .text, align 2, keep-with-next
     47          static void SetLORA_ProceStrState(PST_LORA_OPERATION pst_lora_operation, u8 curState, u8 nextState)
     48          {
     49          	pst_lora_operation->CurProcState =  curState;
   \                     SetLORA_ProceStrState: (+1)
   \   00000000   0x7181             STRB     R1,[R0, #+6]
     50          	pst_lora_operation->NextProcState = nextState;
   \   00000002   0x71C2             STRB     R2,[R0, #+7]
     51          }
   \   00000004   0x4770             BX       LR               ;; return
     52          
     53          /**
     54            * @brief LORA操作初始化
     55           */

   \                                 In section .text, align 2, keep-with-next
     56          static u8 LORA_MODULE_INIT(PST_LORA_OPERATION pst_lora_operation)
     57          {
     58          	pst_lora_operation->CurProcState = EN_LORAPROCESS_OPEN;		/* 打开状态 */
   \                     LORA_MODULE_INIT: (+1)
   \   00000000   0x2101             MOVS     R1,#+1
   \   00000002   0x7181             STRB     R1,[R0, #+6]
     59          	pst_lora_operation->CurOperateState = EN_LORAOPEN_ADD;		/* 首先打开loraAT测试命令 */
   \   00000004   0x7201             STRB     R1,[R0, #+8]
     60          	pst_lora_operation->WAIT_TIME = 1000;						/* 延迟时间 */
   \   00000006   0xF44F 0x717A      MOV      R1,#+1000
   \   0000000A   0x60C1             STR      R1,[R0, #+12]
     61          	pst_lora_operation->ExecuCount = 1;
   \   0000000C   0x2101             MOVS     R1,#+1
   \   0000000E   0x7101             STRB     R1,[R0, #+4]
     62              return 0;
   \   00000010   0x2000             MOVS     R0,#+0
   \   00000012   0x4770             BX       LR               ;; return
     63          }
     64          
     65          /**
     66            * @brief LORA操作打开
     67           */

   \                                 In section .text, align 2, keep-with-next
     68          static u8 LORA_MODULE_OPEN(PST_LORA_OPERATION pst_lora_operation)
     69          {
   \                     LORA_MODULE_OPEN: (+1)
   \   00000000   0xB510             PUSH     {R4,LR}
   \   00000002   0x0004             MOVS     R4,R0
     70          	if(pst_lora_operation != NULL)
   \   00000004   0xD011             BEQ.N    ??LORA_MODULE_OPEN_0
     71          	{
     72          		/* AT命令检测 */
     73          		if(EN_LORAOPEN_ADD == pst_lora_operation->CurOperateState)
   \   00000006   0x7A20             LDRB     R0,[R4, #+8]
   \   00000008   0x4601             MOV      R1,R0
   \   0000000A   0x2901             CMP      R1,#+1
   \   0000000C   0xD10F             BNE.N    ??LORA_MODULE_OPEN_1
     74          		{
     75          			pst_lora_operation->CurCMD = "+++";
   \   0000000E   0x....             ADR.N    R0,??DataTable41  ;; "+++"
   \   00000010   0x6020             STR      R0,[R4, #+0]
     76          			pst_lora_operation->ExpectRcv = "OK";
   \   00000012   0x....             ADR.N    R0,??DataTable41_1  ;; 0x4F, 0x4B, 0x00, 0x00
   \   00000014   0x6160             STR      R0,[R4, #+20]
     77          			LORA_send_cmd(pst_lora_operation->CurCMD, pst_lora_operation->WAIT_TIME);
   \   00000016   0x68E1             LDR      R1,[R4, #+12]
   \   00000018   0xB289             UXTH     R1,R1
   \   0000001A   0x6820             LDR      R0,[R4, #+0]
   \   0000001C   0x.... 0x....      BL       LORA_send_cmd
     78          			SetLORA_OperatStrState(pst_lora_operation, EN_NBOPEN_IDLE, EN_LORAOPEN_REBOOT);
   \   00000020   0x2202             MOVS     R2,#+2
   \   00000022   0x2100             MOVS     R1,#+0
   \   00000024   0x4620             MOV      R0,R4
   \   00000026   0x.... 0x....      BL       SetLORA_OperatStrState
     79          		}
     80          		/* LORA模块重启 */
     81          		else if(EN_LORAOPEN_REBOOT == pst_lora_operation->CurOperateState)
     82          		{
     83          			pst_lora_operation->CurCMD = "AT+SRS\r\n";
     84          			pst_lora_operation->ExpectRcv = "OK";
     85          			LORA_send_cmd((char *)pst_lora_operation->CurCMD, pst_lora_operation->WAIT_TIME);
     86          			SetLORA_OperatStrState(pst_lora_operation, EN_NBOPEN_IDLE, EN_LORAOPEN_CHECKREBOOT);	
     87          		}
     88          		/* LORA模块检测重启是否成功 */
     89          		else if(EN_LORAOPEN_CHECKREBOOT == pst_lora_operation->CurOperateState)
     90          		{
     91          			OSTimeDlyHMSM(0, 0, 3, 0); /* 延迟等待模块重启成功 */ 	
     92          			pst_lora_operation->CurCMD = "+++";
     93          			pst_lora_operation->ExpectRcv = "OK";
     94          			LORA_send_cmd((char *)pst_lora_operation->CurCMD, pst_lora_operation->WAIT_TIME);
     95          			SetLORA_OperatStrState(pst_lora_operation, EN_NBOPEN_IDLE, EN_LORAOPEN_MOD);	
     96          		}
     97          		/* 设置工作模式 */
     98          		else if(EN_LORAOPEN_MOD == pst_lora_operation->CurOperateState)
     99          		{
    100          			pst_lora_operation->CurCMD = "AT+MOD=0\r\n";
    101          			pst_lora_operation->ExpectRcv = "OK";
    102          			LORA_send_cmd((char *)pst_lora_operation->CurCMD, pst_lora_operation->WAIT_TIME);
    103          			SetLORA_OperatStrState(pst_lora_operation, EN_NBOPEN_IDLE, EN_LORAOPEN_CLA);
    104          		}
    105          		/* 设置设备C类 */
    106          		else if(EN_LORAOPEN_CLA == pst_lora_operation->CurOperateState)
    107          		{
    108          			pst_lora_operation->CurCMD = "AT+CLA=C\r\n";
    109          			pst_lora_operation->ExpectRcv = "OK";
    110          			LORA_send_cmd((char *)pst_lora_operation->CurCMD, pst_lora_operation->WAIT_TIME);
    111          			SetLORA_OperatStrState(pst_lora_operation, EN_NBOPEN_IDLE, EN_LORAOPEN_JON);
    112          		}
    113          		/* 启动加网 */
    114          		else if(EN_LORAOPEN_JON == pst_lora_operation->CurOperateState)
    115          		{
    116          			pst_lora_operation->CurCMD = "AT+JON\r\n";
    117          			pst_lora_operation->ExpectRcv = "OK";
    118          			LORA_send_cmd((char *)pst_lora_operation->CurCMD, pst_lora_operation->WAIT_TIME);
    119          			SetLORA_OperatStrState(pst_lora_operation, EN_NBOPEN_IDLE, EN_LORAOPEN_RJN);
    120          		}
    121          		/* 重新启动加网 */
    122          		else if(EN_LORAOPEN_RJN == pst_lora_operation->CurOperateState)
    123          		{
    124          			pst_lora_operation->CurCMD = "AT+RJN\r\n";
    125          			pst_lora_operation->ExpectRcv = "OK";
    126          			OSTimeDlyHMSM(0, 0, 3, 0); 						/* 延迟等待模块重启成功 */ 	
    127          			LORA_send_cmd((char *)pst_lora_operation->CurCMD, pst_lora_operation->WAIT_TIME);
    128          			SetLORA_OperatStrState(pst_lora_operation, EN_NBOPEN_IDLE, EN_LORAOPEN_END);
    129          		}
    130          		/* 结束状态 */
    131          		else if(EN_LORAOPEN_END == pst_lora_operation->CurOperateState)
    132          		{
    133          			debug_printf("EN_LORAOPEN_END is END!!!\r\n");
    134          			SetLORA_OperatStrState(pst_lora_operation, EN_LORAPROCESS_HANDLE, EN_LORAOPEN_IDLE);
    135          			SetLORA_ProceStrState(pst_lora_operation, EN_LORAPROCESS_HANDLE, EN_LORAPROCESS_IDLE);
    136          			pst_lora_operation->LORATick_Flag = ENABLE_LORA_Tick;		/* 使能心跳发送 */
    137          		}
    138          		/* 空闲状态 */
    139          		else if(EN_LORAOPEN_IDLE == pst_lora_operation->CurOperateState)
    140          		{
    141          			/* 跳出状态循环，LORA模块的回应 */
    142          			LORA_MODULE_WAITRX(pst_lora_operation);
    143          			return 0;
    144          		}
    145          		/* 空闲等待接收LORA模块回应 */
    146          		else if(EN_LORAOPEN_ERROR == pst_lora_operation->CurOperateState)
    147          		{
    148          			/* TODO：错误状态下发送错误码到串口 */
    149          			return 0;
    150          		}
    151          	}
    152              return 0;
   \                     ??LORA_MODULE_OPEN_0: (+1)
   \   0000002A   0x2000             MOVS     R0,#+0
   \   0000002C   0xBD10             POP      {R4,PC}          ;; return
   \                     ??LORA_MODULE_OPEN_1: (+1)
   \   0000002E   0x2902             CMP      R1,#+2
   \   00000030   0xD10F             BNE.N    ??LORA_MODULE_OPEN_2
   \   00000032   0x.... 0x....      ADR.W    R0,?_3
   \   00000036   0x6020             STR      R0,[R4, #+0]
   \   00000038   0x....             ADR.N    R0,??DataTable41_1  ;; 0x4F, 0x4B, 0x00, 0x00
   \   0000003A   0x6160             STR      R0,[R4, #+20]
   \   0000003C   0x68E1             LDR      R1,[R4, #+12]
   \   0000003E   0xB289             UXTH     R1,R1
   \   00000040   0x6820             LDR      R0,[R4, #+0]
   \   00000042   0x.... 0x....      BL       LORA_send_cmd
   \   00000046   0x2203             MOVS     R2,#+3
   \   00000048   0x2100             MOVS     R1,#+0
   \   0000004A   0x4620             MOV      R0,R4
   \   0000004C   0x.... 0x....      BL       SetLORA_OperatStrState
   \   00000050   0xE7EB             B.N      ??LORA_MODULE_OPEN_0
   \                     ??LORA_MODULE_OPEN_2: (+1)
   \   00000052   0x2903             CMP      R1,#+3
   \   00000054   0xD114             BNE.N    ??LORA_MODULE_OPEN_3
   \   00000056   0x2300             MOVS     R3,#+0
   \   00000058   0x2203             MOVS     R2,#+3
   \   0000005A   0x4619             MOV      R1,R3
   \   0000005C   0x4608             MOV      R0,R1
   \   0000005E   0x.... 0x....      BL       OSTimeDlyHMSM
   \   00000062   0x....             ADR.N    R0,??DataTable41  ;; "+++"
   \   00000064   0x6020             STR      R0,[R4, #+0]
   \   00000066   0x....             ADR.N    R0,??DataTable41_1  ;; 0x4F, 0x4B, 0x00, 0x00
   \   00000068   0x6160             STR      R0,[R4, #+20]
   \   0000006A   0x68E1             LDR      R1,[R4, #+12]
   \   0000006C   0xB289             UXTH     R1,R1
   \   0000006E   0x6820             LDR      R0,[R4, #+0]
   \   00000070   0x.... 0x....      BL       LORA_send_cmd
   \   00000074   0x2204             MOVS     R2,#+4
   \   00000076   0x2100             MOVS     R1,#+0
   \   00000078   0x4620             MOV      R0,R4
   \   0000007A   0x.... 0x....      BL       SetLORA_OperatStrState
   \   0000007E   0xE7D4             B.N      ??LORA_MODULE_OPEN_0
   \                     ??LORA_MODULE_OPEN_3: (+1)
   \   00000080   0x2904             CMP      R1,#+4
   \   00000082   0xD10F             BNE.N    ??LORA_MODULE_OPEN_4
   \   00000084   0x.... 0x....      ADR.W    R0,?_4
   \   00000088   0x6020             STR      R0,[R4, #+0]
   \   0000008A   0x....             ADR.N    R0,??DataTable41_1  ;; 0x4F, 0x4B, 0x00, 0x00
   \   0000008C   0x6160             STR      R0,[R4, #+20]
   \   0000008E   0x68E1             LDR      R1,[R4, #+12]
   \   00000090   0xB289             UXTH     R1,R1
   \   00000092   0x6820             LDR      R0,[R4, #+0]
   \   00000094   0x.... 0x....      BL       LORA_send_cmd
   \   00000098   0x2205             MOVS     R2,#+5
   \   0000009A   0x2100             MOVS     R1,#+0
   \   0000009C   0x4620             MOV      R0,R4
   \   0000009E   0x.... 0x....      BL       SetLORA_OperatStrState
   \   000000A2   0xE7C2             B.N      ??LORA_MODULE_OPEN_0
   \                     ??LORA_MODULE_OPEN_4: (+1)
   \   000000A4   0x2905             CMP      R1,#+5
   \   000000A6   0xD10F             BNE.N    ??LORA_MODULE_OPEN_5
   \   000000A8   0x.... 0x....      ADR.W    R0,?_5
   \   000000AC   0x6020             STR      R0,[R4, #+0]
   \   000000AE   0x....             ADR.N    R0,??DataTable41_1  ;; 0x4F, 0x4B, 0x00, 0x00
   \   000000B0   0x6160             STR      R0,[R4, #+20]
   \   000000B2   0x68E1             LDR      R1,[R4, #+12]
   \   000000B4   0xB289             UXTH     R1,R1
   \   000000B6   0x6820             LDR      R0,[R4, #+0]
   \   000000B8   0x.... 0x....      BL       LORA_send_cmd
   \   000000BC   0x2206             MOVS     R2,#+6
   \   000000BE   0x2100             MOVS     R1,#+0
   \   000000C0   0x4620             MOV      R0,R4
   \   000000C2   0x.... 0x....      BL       SetLORA_OperatStrState
   \   000000C6   0xE7B0             B.N      ??LORA_MODULE_OPEN_0
   \                     ??LORA_MODULE_OPEN_5: (+1)
   \   000000C8   0x2906             CMP      R1,#+6
   \   000000CA   0xD10F             BNE.N    ??LORA_MODULE_OPEN_6
   \   000000CC   0x.... 0x....      ADR.W    R0,?_6
   \   000000D0   0x6020             STR      R0,[R4, #+0]
   \   000000D2   0x....             ADR.N    R0,??DataTable41_1  ;; 0x4F, 0x4B, 0x00, 0x00
   \   000000D4   0x6160             STR      R0,[R4, #+20]
   \   000000D6   0x68E1             LDR      R1,[R4, #+12]
   \   000000D8   0xB289             UXTH     R1,R1
   \   000000DA   0x6820             LDR      R0,[R4, #+0]
   \   000000DC   0x.... 0x....      BL       LORA_send_cmd
   \   000000E0   0x2207             MOVS     R2,#+7
   \   000000E2   0x2100             MOVS     R1,#+0
   \   000000E4   0x4620             MOV      R0,R4
   \   000000E6   0x.... 0x....      BL       SetLORA_OperatStrState
   \   000000EA   0xE79E             B.N      ??LORA_MODULE_OPEN_0
   \                     ??LORA_MODULE_OPEN_6: (+1)
   \   000000EC   0x2907             CMP      R1,#+7
   \   000000EE   0xD115             BNE.N    ??LORA_MODULE_OPEN_7
   \   000000F0   0x.... 0x....      ADR.W    R0,?_7
   \   000000F4   0x6020             STR      R0,[R4, #+0]
   \   000000F6   0x....             ADR.N    R0,??DataTable41_1  ;; 0x4F, 0x4B, 0x00, 0x00
   \   000000F8   0x6160             STR      R0,[R4, #+20]
   \   000000FA   0x2300             MOVS     R3,#+0
   \   000000FC   0x2203             MOVS     R2,#+3
   \   000000FE   0x4619             MOV      R1,R3
   \   00000100   0x4608             MOV      R0,R1
   \   00000102   0x.... 0x....      BL       OSTimeDlyHMSM
   \   00000106   0x68E1             LDR      R1,[R4, #+12]
   \   00000108   0xB289             UXTH     R1,R1
   \   0000010A   0x6820             LDR      R0,[R4, #+0]
   \   0000010C   0x.... 0x....      BL       LORA_send_cmd
   \   00000110   0x2208             MOVS     R2,#+8
   \   00000112   0x2100             MOVS     R1,#+0
   \   00000114   0x4620             MOV      R0,R4
   \   00000116   0x.... 0x....      BL       SetLORA_OperatStrState
   \   0000011A   0xE786             B.N      ??LORA_MODULE_OPEN_0
   \                     ??LORA_MODULE_OPEN_7: (+1)
   \   0000011C   0x2908             CMP      R1,#+8
   \   0000011E   0xD110             BNE.N    ??LORA_MODULE_OPEN_8
   \   00000120   0x.... 0x....      ADR.W    R0,?_8
   \   00000124   0x.... 0x....      BL       debug_printf
   \   00000128   0x2200             MOVS     R2,#+0
   \   0000012A   0x2102             MOVS     R1,#+2
   \   0000012C   0x4620             MOV      R0,R4
   \   0000012E   0x.... 0x....      BL       SetLORA_OperatStrState
   \   00000132   0x2204             MOVS     R2,#+4
   \   00000134   0x2102             MOVS     R1,#+2
   \   00000136   0x4620             MOV      R0,R4
   \   00000138   0x.... 0x....      BL       SetLORA_ProceStrState
   \   0000013C   0x2001             MOVS     R0,#+1
   \   0000013E   0x7420             STRB     R0,[R4, #+16]
   \   00000140   0xE773             B.N      ??LORA_MODULE_OPEN_0
   \                     ??LORA_MODULE_OPEN_8: (+1)
   \   00000142   0x2800             CMP      R0,#+0
   \   00000144   0xF47F 0xAF71      BNE.W    ??LORA_MODULE_OPEN_0
   \   00000148   0x4620             MOV      R0,R4
   \   0000014A   0x.... 0x....      BL       LORA_MODULE_WAITRX
   \   0000014E   0x2000             MOVS     R0,#+0
   \   00000150   0xBD10             POP      {R4,PC}
    153          }
    154          
    155          /**
    156            * @brief LORA模块处理
    157           */

   \                                 In section .text, align 2, keep-with-next
    158          static u8 LORAIOT_MODULE_HANDLE(PST_LORA_OPERATION pst_lora_operation)
    159          {
   \                     LORAIOT_MODULE_HANDLE: (+1)
   \   00000000   0xB500             PUSH     {LR}
   \   00000002   0xB0CB             SUB      SP,SP,#+300
    160          	char Tempbuf[300] = {0};						/* 缓冲接收buf */
   \   00000004   0xA800             ADD      R0,SP,#+0
   \   00000006   0xF44F 0x7196      MOV      R1,#+300
   \   0000000A   0x.... 0x....      BL       __aeabi_memclr4
    161          	if(LORAUartRecvData((u8 *)Tempbuf) > 0)			/* 一直检查平台接收 */
   \   0000000E   0xA800             ADD      R0,SP,#+0
   \   00000010   0x.... 0x....      BL       LORAUartRecvData
   \   00000014   0x2800             CMP      R0,#+0
   \   00000016   0xD012             BEQ.N    ??LORAIOT_MODULE_HANDLE_0
    162          	{
    163          		/* 判断接收的是否是数据 */
    164          		if(strstr(Tempbuf, "+RCV") != NULL)
   \   00000018   0x.... 0x....      ADR.W    R1,?_10
   \   0000001C   0xA800             ADD      R0,SP,#+0
   \   0000001E   0x.... 0x....      BL       strstr
   \   00000022   0x2800             CMP      R0,#+0
   \   00000024   0xD00B             BEQ.N    ??LORAIOT_MODULE_HANDLE_0
    165          		{
    166          			/* Test:分析接收的数据并显示 */
    167          			debug_printf("LocalRecvMessage:%s\r\n", (char *)Tempbuf);
   \   00000026   0xA900             ADD      R1,SP,#+0
   \   00000028   0x.... 0x....      ADR.W    R0,?_11
   \   0000002C   0x.... 0x....      BL       debug_printf
    168          			AnalysisLoRaMsg(&LORADataPacket, Tempbuf, &LORATxdaPacket);				/* 分析接收的COAP数据 */
   \   00000030   0x.... 0x....      LDR.W    R2,??DataTable42_1
   \   00000034   0xA900             ADD      R1,SP,#+0
   \   00000036   0xF102 0x004C      ADD      R0,R2,#+76
   \   0000003A   0x.... 0x....      BL       AnalysisLoRaMsg
    169          		}	
    170          	}
    171          	return 0;
   \                     ??LORAIOT_MODULE_HANDLE_0: (+1)
   \   0000003E   0x2000             MOVS     R0,#+0
   \   00000040   0xB04B             ADD      SP,SP,#+300
   \   00000042   0xBD00             POP      {PC}             ;; return
    172          }
    173          
    174          
    175          /**
    176            * @brief LORA软件定时发回调函数送
    177           */

   \                                 In section .text, align 2, keep-with-next
    178          void LORASystickTmr_callback(OS_TMR *ptmr, void *p_arg)
    179          {
    180          	if(ENABLE_LORA_Tick == st_lora_operation.LORATick_Flag)		/* LORA心跳发送 */
   \                     LORASystickTmr_callback: (+1)
   \   00000000   0x....             LDR.N    R0,??DataTable42_2
   \   00000002   0x7C00             LDRB     R0,[R0, #+16]
   \   00000004   0x2801             CMP      R0,#+1
   \   00000006   0xD103             BNE.N    ??LORASystickTmr_callback_0
    181          	{
    182          		LORA_send_cmd("AT+TXH=10,5A271008FF360000A3CA\r\n", 0);/* 节点心跳命令直接发送 */
   \   00000008   0x2100             MOVS     R1,#+0
   \   0000000A   0x.... 0x....      ADR.W    R0,?_12
   \   0000000E   0x....             B.N      LORA_send_cmd
    183          	}
    184          }
   \                     ??LORASystickTmr_callback_0: (+1)
   \   00000010   0x4770             BX       LR               ;; return
    185          
    186          /**
    187            * @brief LORA处理状态函数
    188           */

   \                                 In section .text, align 2, keep-with-next
    189          static u8 LORA_MODULE_PROCESS(PST_LORA_OPERATION pst_lora_operation)
    190          {
   \                     LORA_MODULE_PROCESS: (+1)
   \   00000000   0xB580             PUSH     {R7,LR}
    191          	if(pst_lora_operation != NULL)
   \   00000002   0x2800             CMP      R0,#+0
   \   00000004   0xD00B             BEQ.N    ??LORA_MODULE_PROCESS_0
    192          	{
    193          		if(EN_LORAPROCESS_IDLE == pst_lora_operation->CurProcState)			/* 模块空闲 */
   \   00000006   0x7981             LDRB     R1,[R0, #+6]
   \   00000008   0x2904             CMP      R1,#+4
   \   0000000A   0xD008             BEQ.N    ??LORA_MODULE_PROCESS_0
    194          		{
    195          			/* TODO SOMETHINGS */
    196          		}
    197          		else if(EN_LORAPROCESS_OPEN == pst_lora_operation->CurProcState)	/* LORA模块打开流程 */
   \   0000000C   0x2901             CMP      R1,#+1
   \   0000000E   0xD102             BNE.N    ??LORA_MODULE_PROCESS_1
    198          		{	
    199          		  	LORA_MODULE_OPEN(pst_lora_operation);
   \   00000010   0x.... 0x....      BL       LORA_MODULE_OPEN
   \   00000014   0xE003             B.N      ??LORA_MODULE_PROCESS_0
    200          		}
    201          		else if(EN_LORAPROCESS_HANDLE == pst_lora_operation->CurProcState)	/* LORA模块处理流程 */
   \                     ??LORA_MODULE_PROCESS_1: (+1)
   \   00000016   0x2902             CMP      R1,#+2
   \   00000018   0xD101             BNE.N    ??LORA_MODULE_PROCESS_0
    202          		{
    203          			LORAIOT_MODULE_HANDLE(pst_lora_operation);							/* TODO SOMETHINGS */
   \   0000001A   0x.... 0x....      BL       LORAIOT_MODULE_HANDLE
    204          		}
    205          	}
    206              return 0;
   \                     ??LORA_MODULE_PROCESS_0: (+1)
   \   0000001E   0x2000             MOVS     R0,#+0
   \   00000020   0xBD02             POP      {R1,PC}          ;; return
    207          }
    208          
    209          /**
    210            * @brief  LORA任务
    211           */

   \                                 In section .text, align 2, keep-with-next
    212          void App_LORA_TASK(void)
    213          {
   \                     App_LORA_TASK: (+1)
   \   00000000   0xB51F             PUSH     {R0-R4,LR}
    214          	u8 err;
    215          	OS_TMR  *LORASystickTmr; 												/* 软件定时器 */ 
    216              LORASystickTmr = OSTmrCreate(0, 300, OS_TMR_OPT_PERIODIC, 
    217          								(OS_TMR_CALLBACK)LORASystickTmr_callback, 	/* 定时器回调函数 */
    218          								0, "LORASystickTmr", &err);					/* 500ms执行一次 */
   \   00000002   0xA803             ADD      R0,SP,#+12
   \   00000004   0x9002             STR      R0,[SP, #+8]
   \   00000006   0x.... 0x....      ADR.W    R0,?_13
   \   0000000A   0x9001             STR      R0,[SP, #+4]
   \   0000000C   0x2000             MOVS     R0,#+0
   \   0000000E   0x9000             STR      R0,[SP, #+0]
   \   00000010   0x....             LDR.N    R3,??DataTable42_3
   \   00000012   0x2202             MOVS     R2,#+2
   \   00000014   0xF44F 0x7196      MOV      R1,#+300
   \   00000018   0x.... 0x....      BL       OSTmrCreate
    219              OSTmrStart(LORASystickTmr, &err);										/* 启动软件定时器 */
   \   0000001C   0xA903             ADD      R1,SP,#+12
   \   0000001E   0x.... 0x....      BL       OSTmrStart
    220          	LORA_MODULE_INIT(&st_lora_operation);									/* NB_IOT模块初始化 */
   \   00000022   0x....             LDR.N    R4,??DataTable42_2
   \   00000024   0x4620             MOV      R0,R4
   \   00000026   0x.... 0x....      BL       LORA_MODULE_INIT
    221          	debug_printf("[%s] enter.\r\n", __func__ );
   \   0000002A   0x.... 0x....      ADR.W    R1,??__func__
   \   0000002E   0x.... 0x....      ADR.W    R0,?_14
   \   00000032   0x.... 0x....      BL       debug_printf
    222          	while(1)
    223          	{
    224          		LORA_MODULE_PROCESS(&st_lora_operation);							/* NB_IOT模块处理 */
   \                     ??App_LORA_TASK_0: (+1)
   \   00000036   0x4620             MOV      R0,R4
   \   00000038   0x.... 0x....      BL       LORA_MODULE_PROCESS
    225          		OSTimeDlyHMSM(0, 0, 0, 1);  										/* 调用延时函数释放CPU控制权 */  
   \   0000003C   0x2301             MOVS     R3,#+1
   \   0000003E   0x2200             MOVS     R2,#+0
   \   00000040   0x4611             MOV      R1,R2
   \   00000042   0x4608             MOV      R0,R1
   \   00000044   0x.... 0x....      BL       OSTimeDlyHMSM
   \   00000048   0xE7F5             B.N      ??App_LORA_TASK_0
    226          	}
    227          }
    228          
    229          /**
    230            * @brief 向LoRa发送命令
    231           */

   \                                 In section .text, align 2, keep-with-next
    232          u8 LORA_send_cmd(char* ucCMD, u16 waittime)
    233          {
   \                     LORA_send_cmd: (+1)
   \   00000000   0xB538             PUSH     {R3-R5,LR}
   \   00000002   0x4604             MOV      R4,R0
   \   00000004   0x460D             MOV      R5,R1
    234          	//LoRaDMA_Send_Data(ucCMD);
    235          	Module_SendMessage(strlen(ucCMD), (char *)ucCMD);
   \   00000006   0x.... 0x....      BL       strlen
   \   0000000A   0x4621             MOV      R1,R4
   \   0000000C   0x.... 0x....      BL       Module_SendMessage
    236          	OSTimeDlyHMSM(0, 0, 0, waittime);
   \   00000010   0x462B             MOV      R3,R5
   \   00000012   0x2200             MOVS     R2,#+0
   \   00000014   0x4611             MOV      R1,R2
   \   00000016   0x4608             MOV      R0,R1
   \   00000018   0x.... 0x....      BL       OSTimeDlyHMSM
    237          	
    238              return 0;
   \   0000001C   0x2000             MOVS     R0,#+0
   \   0000001E   0xBD32             POP      {R1,R4,R5,PC}    ;; return
    239          }
    240          
    241          /**
    242            * @brief LORA模块等待接收消息
    243           */

   \                                 In section .text, align 2, keep-with-next
    244          static u8 LORA_MODULE_WAITRX(PST_LORA_OPERATION pst_lora_operation)
    245          {
   \                     LORA_MODULE_WAITRX: (+1)
   \   00000000   0xB530             PUSH     {R4,R5,LR}
   \   00000002   0xB0CB             SUB      SP,SP,#+300
   \   00000004   0x4604             MOV      R4,R0
    246          	static u32 TimeCount = 0;
    247          	char lpbuf[300] = {0};			/* 临时接收的数据存放位置 */
   \   00000006   0xA800             ADD      R0,SP,#+0
   \   00000008   0xF44F 0x7196      MOV      R1,#+300
   \   0000000C   0x.... 0x....      BL       __aeabi_memclr4
    248          	if(++ TimeCount <= 60000)		/* 这里LORA模块官方给出的数据是30s超时时间 */
   \   00000010   0x....             LDR.N    R5,??DataTable42_4
   \   00000012   0x6828             LDR      R0,[R5, #+0]
   \   00000014   0x1C40             ADDS     R0,R0,#+1
   \   00000016   0x6028             STR      R0,[R5, #+0]
   \   00000018   0xF64E 0x2161      MOVW     R1,#+60001
   \   0000001C   0x4288             CMP      R0,R1
   \   0000001E   0xD242             BCS.N    ??LORA_MODULE_WAITRX_0
    249          	{
    250          		if(LORAUartRecvData((u8 *)lpbuf) > 0)
   \   00000020   0xA800             ADD      R0,SP,#+0
   \   00000022   0x.... 0x....      BL       LORAUartRecvData
   \   00000026   0x2800             CMP      R0,#+0
   \   00000028   0xD059             BEQ.N    ??LORA_MODULE_WAITRX_1
    251          		{
    252          			debug_printf("RecvDebug:%s\r\n", (char *)lpbuf);/* 打印接收到的消息 */
   \   0000002A   0xA900             ADD      R1,SP,#+0
   \   0000002C   0x.... 0x....      ADR.W    R0,?_16
   \   00000030   0x.... 0x....      BL       debug_printf
    253          			/* 判断接收到的数据中是否有期望接收到的数据 */
    254          			if(strstr(lpbuf, (char *)pst_lora_operation->ExpectRcv) != NULL)
   \   00000034   0x6961             LDR      R1,[R4, #+20]
   \   00000036   0xA800             ADD      R0,SP,#+0
   \   00000038   0x.... 0x....      BL       strstr
   \   0000003C   0x2800             CMP      R0,#+0
   \   0000003E   0xD010             BEQ.N    ??LORA_MODULE_WAITRX_2
    255          			{
    256          				pst_lora_operation->CurOperateState = pst_lora_operation->NextOperateState;
   \   00000040   0x7A60             LDRB     R0,[R4, #+9]
   \   00000042   0x7220             STRB     R0,[R4, #+8]
    257          				pst_lora_operation->ExecuCount = 0;										/* 每次命令执行成功，则命令执行次数清零 */
   \   00000044   0x2000             MOVS     R0,#+0
   \   00000046   0x7120             STRB     R0,[R4, #+4]
    258          				debug_printf("%s:success\r\n", pst_lora_operation->CurCMD);
   \   00000048   0x6821             LDR      R1,[R4, #+0]
   \   0000004A   0x.... 0x....      ADR.W    R0,?_17
   \   0000004E   0x.... 0x....      BL       debug_printf
    259          				debug_printf("Enter The Next Operate State\r\n");
   \   00000052   0x.... 0x....      ADR.W    R0,?_18
   \   00000056   0x.... 0x....      BL       debug_printf
    260          				TimeCount = 0;
   \   0000005A   0x2000             MOVS     R0,#+0
   \   0000005C   0x6028             STR      R0,[R5, #+0]
    261          				return LORA_RESPONSE_SUCCESS;
   \   0000005E   0x20A0             MOVS     R0,#+160
   \   00000060   0xE03E             B.N      ??LORA_MODULE_WAITRX_3
    262          			}
    263          				
    264          			/* 如果接收到错误消息 */
    265          			else if(strstr(lpbuf, "ERROR") != NULL)
   \                     ??LORA_MODULE_WAITRX_2: (+1)
   \   00000062   0x.... 0x....      ADR.W    R1,?_19
   \   00000066   0xA800             ADD      R0,SP,#+0
   \   00000068   0x.... 0x....      BL       strstr
   \   0000006C   0x2800             CMP      R0,#+0
   \   0000006E   0xD036             BEQ.N    ??LORA_MODULE_WAITRX_1
    266          			{
    267          				pst_lora_operation->CurOperateState = pst_lora_operation->LastOperateState;
   \   00000070   0x7960             LDRB     R0,[R4, #+5]
   \   00000072   0x7220             STRB     R0,[R4, #+8]
    268          				debug_printf("!!!Attempt excute:%s -->count=%d!!!\r\n", pst_lora_operation->CurCMD, pst_lora_operation->ExecuCount);	/* debug */
   \   00000074   0x7922             LDRB     R2,[R4, #+4]
   \   00000076   0x6821             LDR      R1,[R4, #+0]
   \   00000078   0x.... 0x....      ADR.W    R0,?_20
   \   0000007C   0x.... 0x....      BL       debug_printf
    269          				if(++pst_lora_operation->ExecuCount >= 3)
   \   00000080   0x7920             LDRB     R0,[R4, #+4]
   \   00000082   0x1C40             ADDS     R0,R0,#+1
   \   00000084   0x7120             STRB     R0,[R4, #+4]
   \   00000086   0xB2C0             UXTB     R0,R0
   \   00000088   0x2803             CMP      R0,#+3
   \   0000008A   0xDB28             BLT.N    ??LORA_MODULE_WAITRX_1
    270          				{
    271          					pst_lora_operation->ExecuCount = 0;										/* 尝试次数清零 */
   \   0000008C   0x2000             MOVS     R0,#+0
   \   0000008E   0x7120             STRB     R0,[R4, #+4]
    272          					pst_lora_operation->CurOperateState = EN_LORAOPEN_ERROR;
   \   00000090   0x2009             MOVS     R0,#+9
   \   00000092   0x7220             STRB     R0,[R4, #+8]
    273          					TimeCount = 0;
   \   00000094   0x2000             MOVS     R0,#+0
   \   00000096   0x6028             STR      R0,[R5, #+0]
    274          					debug_printf("%s:No Response!!!\r\n", pst_lora_operation->CurCMD);		/* debug */
   \   00000098   0x6821             LDR      R1,[R4, #+0]
   \   0000009A   0x.... 0x....      ADR.W    R0,?_21
   \   0000009E   0x.... 0x....      BL       debug_printf
    275          					return LORA_ERROR_NORESPONSE; 											/* 尝试次数过多无响应 */
   \   000000A2   0x20F0             MOVS     R0,#+240
   \   000000A4   0xE01C             B.N      ??LORA_MODULE_WAITRX_3
    276          				}
    277          			}
    278          		}
    279          	}
    280          	else		/* 如果在规定时间内没有收到数据 */
    281          	{
    282          		TimeCount = 0;
   \                     ??LORA_MODULE_WAITRX_0: (+1)
   \   000000A6   0x2000             MOVS     R0,#+0
   \   000000A8   0x6028             STR      R0,[R5, #+0]
    283          		pst_lora_operation->CurOperateState = pst_lora_operation->LastOperateState;			/* 尝试重新执行一次 */
   \   000000AA   0x7960             LDRB     R0,[R4, #+5]
   \   000000AC   0x7220             STRB     R0,[R4, #+8]
    284          		debug_printf("!!!Attempt excute:%s -->count=%d!!!\r\n", pst_lora_operation->CurCMD, pst_lora_operation->ExecuCount);	/* debug */
   \   000000AE   0x7922             LDRB     R2,[R4, #+4]
   \   000000B0   0x6821             LDR      R1,[R4, #+0]
   \   000000B2   0x.... 0x....      ADR.W    R0,?_20
   \   000000B6   0x.... 0x....      BL       debug_printf
    285          		if(++ pst_lora_operation->ExecuCount >= 4)											
   \   000000BA   0x7920             LDRB     R0,[R4, #+4]
   \   000000BC   0x1C40             ADDS     R0,R0,#+1
   \   000000BE   0x7120             STRB     R0,[R4, #+4]
   \   000000C0   0xB2C0             UXTB     R0,R0
   \   000000C2   0x2804             CMP      R0,#+4
   \   000000C4   0xDB0B             BLT.N    ??LORA_MODULE_WAITRX_1
    286          		{
    287          			pst_lora_operation->CurOperateState = EN_LORAOPEN_ERROR;
   \   000000C6   0x2009             MOVS     R0,#+9
   \   000000C8   0x7220             STRB     R0,[R4, #+8]
    288          			pst_lora_operation->ExecuCount = 0;			/* 尝试次数清零 */
   \   000000CA   0x2000             MOVS     R0,#+0
   \   000000CC   0x7120             STRB     R0,[R4, #+4]
    289          			TimeCount = 0;
   \   000000CE   0x6028             STR      R0,[R5, #+0]
    290          			debug_printf("%s:Timeout!!!\r\n", pst_lora_operation->CurCMD);	/* debug */
   \   000000D0   0x6821             LDR      R1,[R4, #+0]
   \   000000D2   0x.... 0x....      ADR.W    R0,?_22
   \   000000D6   0x.... 0x....      BL       debug_printf
    291          			return LORA_ERROR_TIMEOUT; 					/* 返回超时 */
   \   000000DA   0x20FF             MOVS     R0,#+255
   \   000000DC   0xE000             B.N      ??LORA_MODULE_WAITRX_3
    292          		}
    293          	}
    294          	return -1;
   \                     ??LORA_MODULE_WAITRX_1: (+1)
   \   000000DE   0x20FF             MOVS     R0,#+255
   \                     ??LORA_MODULE_WAITRX_3: (+1)
   \   000000E0   0xB04B             ADD      SP,SP,#+300
   \   000000E2   0xBD30             POP      {R4,R5,PC}       ;; return
    295          }

   \                                 In section .bss, align 4
   \                     ??TimeCount:
   \   00000000                      DS8 4
    296          
    297          
    298          /**
    299            * @brief 分析平台发送的数据并显示
    300           */

   \                                 In section .text, align 2, keep-with-next
    301          static void AnalysisLoRaMsg(P_Device_packet_t p_device_packet, char* MSG, P_Device_packet_t ptx_device_packet)
    302          {
   \                     AnalysisLoRaMsg: (+1)
   \   00000000   0xE92D 0x41F0      PUSH     {R4-R8,LR}
   \   00000004   0x4604             MOV      R4,R0
   \   00000006   0x4608             MOV      R0,R1
   \   00000008   0x4615             MOV      R5,R2
    303          	char* TempMsg = NULL;
   \   0000000A   0x2600             MOVS     R6,#+0
    304          	u32 LoRaDataLen = 0;
    305          	if(MSG != NULL)
   \   0000000C   0x2800             CMP      R0,#+0
   \   0000000E   0xD003             BEQ.N    ??AnalysisLoRaMsg_0
    306          	{
    307          		TempMsg = strchr(MSG, ',');							/* 把之后的地址赋值给TempMsg */
   \   00000010   0x212C             MOVS     R1,#+44
   \   00000012   0x.... 0x....      BL       strchr
    308          		TempMsg ++;
   \   00000016   0x1C46             ADDS     R6,R0,#+1
    309          	}
    310          	LoRaDataLen = LORA_Datalen(TempMsg);
   \                     ??AnalysisLoRaMsg_0: (+1)
   \   00000018   0x4630             MOV      R0,R6
   \   0000001A   0x.... 0x....      BL       LORA_Datalen
   \   0000001E   0x4607             MOV      R7,R0
    311          	debug_printf("LoRadataLen = %d\n", LoRaDataLen);		/* 测试打印长度 */
   \   00000020   0x4639             MOV      R1,R7
   \   00000022   0x.... 0x....      ADR.W    R0,?_23
   \   00000026   0x.... 0x....      BL       debug_printf
    312          	if(LoRaDataLen == 0)									/* 如果接收的数据长度是等于0 */
   \   0000002A   0x2F00             CMP      R7,#+0
   \   0000002C   0xD103             BNE.N    ??AnalysisLoRaMsg_1
    313          	{
    314          		debug_printf("CS Server Send Data is not HEX!!!!!!\r\n");
   \   0000002E   0x.... 0x....      ADR.W    R0,?_24
   \   00000032   0x.... 0x....      BL       debug_printf
    315          	}
    316          	debug_printf("TempMsg = %s\n", TempMsg);				/* 测试打印长度 */
   \                     ??AnalysisLoRaMsg_1: (+1)
   \   00000036   0x4631             MOV      R1,R6
   \   00000038   0x.... 0x....      ADR.W    R0,?_25
   \   0000003C   0x.... 0x....      BL       debug_printf
    317          	/* Debug_Test */
    318          	for(int i = 0; i < LoRaDataLen; i ++) 
   \   00000040   0xF04F 0x0800      MOV      R8,#+0
   \   00000044   0xE008             B.N      ??AnalysisLoRaMsg_2
    319          	{
    320          		debug_printf("MSG[%d] = %x\r\n", i, TempMsg[i]);		
   \                     ??AnalysisLoRaMsg_3: (+1)
   \   00000046   0xF818 0x2006      LDRB     R2,[R8, R6]
   \   0000004A   0x4641             MOV      R1,R8
   \   0000004C   0x.... 0x....      ADR.W    R0,?_26
   \   00000050   0x.... 0x....      BL       debug_printf
    321          	}
   \   00000054   0xF108 0x0801      ADD      R8,R8,#+1
   \                     ??AnalysisLoRaMsg_2: (+1)
   \   00000058   0x45B8             CMP      R8,R7
   \   0000005A   0xD3F4             BCC.N    ??AnalysisLoRaMsg_3
    322          	if(TempMsg)
   \   0000005C   0x2E00             CMP      R6,#+0
   \   0000005E   0xD010             BEQ.N    ??AnalysisLoRaMsg_4
    323          	{
    324          		SplitLORAData(p_device_packet, (u8 *)TempMsg, LoRaDataLen, ptx_device_packet);	/* 拆分数据到数据包 */
   \   00000060   0x462B             MOV      R3,R5
   \   00000062   0x463A             MOV      R2,R7
   \   00000064   0x4631             MOV      R1,R6
   \   00000066   0x4620             MOV      R0,R4
   \   00000068   0x.... 0x....      BL       SplitLORAData
    325          		if(p_device_packet != NULL)														
   \   0000006C   0x2C00             CMP      R4,#+0
   \   0000006E   0xD008             BEQ.N    ??AnalysisLoRaMsg_4
    326          		{
    327          			debug_printf("LORA Pack Post\r\n");
   \   00000070   0x.... 0x....      ADR.W    R0,?_27
   \   00000074   0x.... 0x....      BL       debug_printf
    328          			DevicePacket_post(p_device_packet);											/* 发送设备控制数据到设备管理任务 */
   \   00000078   0x4620             MOV      R0,R4
   \   0000007A   0xE8BD 0x41F0      POP      {R4-R8,LR}
   \   0000007E   0x.... 0x....      B.W      DevicePacket_post
    329          		}																			
    330          	}
    331          }
   \                     ??AnalysisLoRaMsg_4: (+1)
   \   00000082   0xE8BD 0x81F0      POP      {R4-R8,PC}       ;; return
    332          
    333          /**
    334            * @brief 数据组包
    335           */

   \                                 In section .text, align 2, keep-with-next
    336          void GropPackLORAMsgSend(u8* Data, u32 DataLen)
    337          {
   \                     GropPackLORAMsgSend: (+1)
   \   00000000   0xB510             PUSH     {R4,LR}
    338          	
    339          	LORATxdaPacket.data_size = DataLen;					/* 赋值长度 */
   \   00000002   0x....             LDR.N    R4,??DataTable42_1
   \   00000004   0x7221             STRB     R1,[R4, #+8]
    340          	//LORATxdaPacket.data = Data;
    341          	memcpy(LORATxdaPacket.data, Data, DataLen);
   \   00000006   0x460A             MOV      R2,R1
   \   00000008   0x4601             MOV      R1,R0
   \   0000000A   0xF104 0x0009      ADD      R0,R4,#+9
   \   0000000E   0x.... 0x....      BL       __aeabi_memcpy
    342          	SendLORAMsgPack(&LORATxdaPacket); 					/* 数据包发送 */
   \   00000012   0x4620             MOV      R0,R4
   \   00000014   0xE8BD 0x4010      POP      {R4,LR}
   \   00000018                      REQUIRE SendLORAMsgPack
   \   00000018                      ;; // Fall through to label SendLORAMsgPack
    343          }
    344          
    345          /**
    346            * @brief 发送数据到平台
    347           */

   \                                 In section .text, align 2, keep-with-next
    348          void SendLORAMsgPack(P_Device_packet_t p_device_packet)
    349          {
   \                     SendLORAMsgPack: (+1)
   \   00000000   0xB510             PUSH     {R4,LR}
   \   00000002   0xB0D8             SUB      SP,SP,#+352
   \   00000004   0x4604             MOV      R4,R0
    350          	u8 sendbuf[32] = {0};				/* LORA Data发送缓冲区 */
   \   00000006   0xA800             ADD      R0,SP,#+0
   \   00000008   0x2120             MOVS     R1,#+32
   \   0000000A   0x.... 0x....      BL       __aeabi_memclr4
    351          	u8 TxNBiotLen = 0;					/* 总的NB消息长度 */
    352          	char NBIOTSendBuf[64] = {0};		/* 总的NB发送消息缓冲区--AT+NMGS=... */
   \   0000000E   0xA848             ADD      R0,SP,#+288
   \   00000010   0x2140             MOVS     R1,#+64
   \   00000012   0x.... 0x....      BL       __aeabi_memclr4
    353          	char NBDataBuf[255] = {0};			/* LORA发送数据缓冲区--保存发送数据用 */
   \   00000016   0xA808             ADD      R0,SP,#+32
   \   00000018   0xF44F 0x7180      MOV      R1,#+256
   \   0000001C   0x.... 0x....      BL       __aeabi_memclr4
    354          	memset(NBIOTSendBuf, 0, 64);
   \   00000020   0x2200             MOVS     R2,#+0
   \   00000022   0x2140             MOVS     R1,#+64
   \   00000024   0xA848             ADD      R0,SP,#+288
   \   00000026   0x.... 0x....      BL       __aeabi_memset4
    355          	memset(NBDataBuf, 0, 255);
   \   0000002A   0x2200             MOVS     R2,#+0
   \   0000002C   0x21FF             MOVS     R1,#+255
   \   0000002E   0xA808             ADD      R0,SP,#+32
   \   00000030   0x.... 0x....      BL       __aeabi_memset4
    356          	if(p_device_packet != NULL)			/* 打包赋值 */
   \   00000034   0x2C00             CMP      R4,#+0
   \   00000036   0xD042             BEQ.N    ??SendLORAMsgPack_0
    357          	{	
    358          		sendbuf[0] = p_device_packet->Starting_mark;
   \   00000038   0x7820             LDRB     R0,[R4, #+0]
   \   0000003A   0xF88D 0x0000      STRB     R0,[SP, #+0]
    359          		sendbuf[1] = (p_device_packet->Message_number & 0xFF00) >> 8;
   \   0000003E   0xA800             ADD      R0,SP,#+0
   \   00000040   0x8861             LDRH     R1,[R4, #+2]
   \   00000042   0x0A09             LSRS     R1,R1,#+8
   \   00000044   0x7041             STRB     R1,[R0, #+1]
    360          		sendbuf[2] = p_device_packet->Message_number & 0x00FF;
   \   00000046   0x8861             LDRH     R1,[R4, #+2]
   \   00000048   0x7081             STRB     R1,[R0, #+2]
    361          		sendbuf[3] = p_device_packet->Node_type;
   \   0000004A   0x7921             LDRB     R1,[R4, #+4]
   \   0000004C   0xF88D 0x1003      STRB     R1,[SP, #+3]
    362          		sendbuf[4] = p_device_packet->Device_type;
   \   00000050   0x7961             LDRB     R1,[R4, #+5]
   \   00000052   0x7101             STRB     R1,[R0, #+4]
    363          		sendbuf[5] = p_device_packet->Command_code;
   \   00000054   0x79A1             LDRB     R1,[R4, #+6]
   \   00000056   0x7141             STRB     R1,[R0, #+5]
    364          		sendbuf[6] = p_device_packet->ack;
   \   00000058   0x79E1             LDRB     R1,[R4, #+7]
   \   0000005A   0x7181             STRB     R1,[R0, #+6]
    365          		sendbuf[7] = p_device_packet->data_size;
   \   0000005C   0x7A21             LDRB     R1,[R4, #+8]
   \   0000005E   0x71C1             STRB     R1,[R0, #+7]
    366          		memcpy(&sendbuf[8], p_device_packet->data, p_device_packet->data_size);
   \   00000060   0x7A22             LDRB     R2,[R4, #+8]
   \   00000062   0xF104 0x0109      ADD      R1,R4,#+9
   \   00000066   0xA802             ADD      R0,SP,#+8
   \   00000068   0x.... 0x....      BL       __aeabi_memcpy
    367          		sendbuf[8 + p_device_packet->data_size] = p_device_packet->Check_code;
   \   0000006C   0xF104 0x0049      ADD      R0,R4,#+73
   \   00000070   0x7801             LDRB     R1,[R0, #+0]
   \   00000072   0xAA00             ADD      R2,SP,#+0
   \   00000074   0x7A23             LDRB     R3,[R4, #+8]
   \   00000076   0x189A             ADDS     R2,R3,R2
   \   00000078   0x7211             STRB     R1,[R2, #+8]
    368          		sendbuf[9 + p_device_packet->data_size] = p_device_packet->End_mark;
   \   0000007A   0x7840             LDRB     R0,[R0, #+1]
   \   0000007C   0xA900             ADD      R1,SP,#+0
   \   0000007E   0x7A22             LDRB     R2,[R4, #+8]
   \   00000080   0x1851             ADDS     R1,R2,R1
   \   00000082   0x7248             STRB     R0,[R1, #+9]
    369          		TxNBiotLen = p_device_packet->data_size + 10;
    370          		HexToAscii(sendbuf, (u8 *)NBDataBuf, TxNBiotLen);
   \   00000084   0x7A20             LDRB     R0,[R4, #+8]
   \   00000086   0xF100 0x020A      ADD      R2,R0,#+10
   \   0000008A   0xB2D2             UXTB     R2,R2
   \   0000008C   0xA908             ADD      R1,SP,#+32
   \   0000008E   0xA800             ADD      R0,SP,#+0
   \   00000090   0x.... 0x....      BL       HexToAscii
    371          		sprintf(NBIOTSendBuf,"AT+TXH=32,%s\r\n", NBDataBuf);				/* 默认端口32 */	
   \   00000094   0xAA08             ADD      R2,SP,#+32
   \   00000096   0x.... 0x....      ADR.W    R1,?_31
   \   0000009A   0xA848             ADD      R0,SP,#+288
   \   0000009C   0x.... 0x....      BL       sprintf
    372          		debug_printf("Back Show!!!:%s", NBIOTSendBuf);						/* debug */
   \   000000A0   0xA948             ADD      R1,SP,#+288
   \   000000A2   0x.... 0x....      ADR.W    R0,?_32
   \   000000A6   0x.... 0x....      BL       debug_printf
    373          		OSTimeDlyHMSM(0, 0, 0, 1);											/* 延迟5ms */
   \   000000AA   0x2301             MOVS     R3,#+1
   \   000000AC   0x2200             MOVS     R2,#+0
   \   000000AE   0x4611             MOV      R1,R2
   \   000000B0   0x4608             MOV      R0,R1
   \   000000B2   0x.... 0x....      BL       OSTimeDlyHMSM
    374          		LORA_send_cmd(NBIOTSendBuf, 0);									/* 启动数据发送 */		
   \   000000B6   0x2100             MOVS     R1,#+0
   \   000000B8   0xA848             ADD      R0,SP,#+288
   \   000000BA   0x.... 0x....      BL       LORA_send_cmd
    375          	}
    376          }
   \                     ??SendLORAMsgPack_0: (+1)
   \   000000BE   0xB058             ADD      SP,SP,#+352
   \   000000C0   0xBD10             POP      {R4,PC}          ;; return
    377          
    378          /**
    379            * @brief 解包平台数据
    380           */

   \                                 In section .text, align 2, keep-with-next
    381          static void SplitLORAData(P_Device_packet_t p_device_packet, u8* ReceiveBuf, u32 DataLen, P_Device_packet_t ptx_device_packet)
    382          {
   \                     SplitLORAData: (+1)
   \   00000000   0xB5F8             PUSH     {R3-R7,LR}
   \   00000002   0x4604             MOV      R4,R0
   \   00000004   0x460E             MOV      R6,R1
   \   00000006   0x4617             MOV      R7,R2
   \   00000008   0x461D             MOV      R5,R3
    383          	p_device_packet->Starting_mark 	= 	ReceiveBuf[0];			/* 起始标志 */
   \   0000000A   0x7830             LDRB     R0,[R6, #+0]
   \   0000000C   0x7020             STRB     R0,[R4, #+0]
    384          	p_device_packet->Message_number =	ReceiveBuf[1] << 8 | ReceiveBuf[2];	/* 消息序列号占两个字节 */
   \   0000000E   0x7870             LDRB     R0,[R6, #+1]
   \   00000010   0x78B1             LDRB     R1,[R6, #+2]
   \   00000012   0xEA41 0x2000      ORR      R0,R1,R0, LSL #+8
   \   00000016   0x8060             STRH     R0,[R4, #+2]
    385          	p_device_packet->Node_type 		= 	ReceiveBuf[3];
   \   00000018   0x78F0             LDRB     R0,[R6, #+3]
   \   0000001A   0x7120             STRB     R0,[R4, #+4]
    386          	p_device_packet->Device_type 	= 	ReceiveBuf[4];
   \   0000001C   0x7930             LDRB     R0,[R6, #+4]
   \   0000001E   0x7160             STRB     R0,[R4, #+5]
    387          	p_device_packet->Command_code 	= 	ReceiveBuf[5];
   \   00000020   0x7970             LDRB     R0,[R6, #+5]
   \   00000022   0x71A0             STRB     R0,[R4, #+6]
    388          	p_device_packet->ack 			=	ReceiveBuf[6];
   \   00000024   0x79B0             LDRB     R0,[R6, #+6]
   \   00000026   0x71E0             STRB     R0,[R4, #+7]
    389          	p_device_packet->data_size 		= 	ReceiveBuf[7];
   \   00000028   0x79F2             LDRB     R2,[R6, #+7]
   \   0000002A   0x7222             STRB     R2,[R4, #+8]
    390          	//p_device_packet->data 			=	(u8*)&ReceiveBuf[8];
    391          	memcpy(p_device_packet->data, &ReceiveBuf[8], p_device_packet->data_size);
   \   0000002C   0xF106 0x0108      ADD      R1,R6,#+8
   \   00000030   0xF104 0x0009      ADD      R0,R4,#+9
   \   00000034   0x.... 0x....      BL       __aeabi_memcpy
    392          	p_device_packet->Check_code 	= 	ReceiveBuf[DataLen - 2];
   \   00000038   0x19B8             ADDS     R0,R7,R6
   \   0000003A   0x1E80             SUBS     R0,R0,#+2
   \   0000003C   0xF104 0x0149      ADD      R1,R4,#+73
   \   00000040   0x7802             LDRB     R2,[R0, #+0]
   \   00000042   0x700A             STRB     R2,[R1, #+0]
    393          	p_device_packet->End_mark 		=	ReceiveBuf[DataLen - 1];					/* 协议中结束标志是0xCA */
   \   00000044   0x7840             LDRB     R0,[R0, #+1]
   \   00000046   0x7048             STRB     R0,[R1, #+1]
    394          
    395          	/* 发送固定数据赋值 */
    396          	ptx_device_packet->Starting_mark 	= p_device_packet->Starting_mark;
   \   00000048   0x7820             LDRB     R0,[R4, #+0]
   \   0000004A   0x7028             STRB     R0,[R5, #+0]
    397          	ptx_device_packet->Message_number 	= p_device_packet->Message_number;
   \   0000004C   0x8860             LDRH     R0,[R4, #+2]
   \   0000004E   0x8068             STRH     R0,[R5, #+2]
    398          	ptx_device_packet->Node_type 		= p_device_packet->Node_type;
   \   00000050   0x7920             LDRB     R0,[R4, #+4]
   \   00000052   0x7128             STRB     R0,[R5, #+4]
    399          	ptx_device_packet->Device_type 		= p_device_packet->Device_type;
   \   00000054   0x7960             LDRB     R0,[R4, #+5]
   \   00000056   0x7168             STRB     R0,[R5, #+5]
    400          	ptx_device_packet->Command_code 	= p_device_packet->Command_code;
   \   00000058   0x79A0             LDRB     R0,[R4, #+6]
   \   0000005A   0x71A8             STRB     R0,[R5, #+6]
    401          	ptx_device_packet->ack 				= p_device_packet->ack;
   \   0000005C   0x79E0             LDRB     R0,[R4, #+7]
   \   0000005E   0x71E8             STRB     R0,[R5, #+7]
    402          	ptx_device_packet->Check_code 		= p_device_packet->Check_code ;
   \   00000060   0xF105 0x0049      ADD      R0,R5,#+73
   \   00000064   0x780A             LDRB     R2,[R1, #+0]
   \   00000066   0x7002             STRB     R2,[R0, #+0]
    403          	ptx_device_packet->End_mark 		= p_device_packet->End_mark;
   \   00000068   0x7849             LDRB     R1,[R1, #+1]
   \   0000006A   0x7041             STRB     R1,[R0, #+1]
    404          	
    405          	for(int i = 0; i < p_device_packet->data_size; i ++)
   \   0000006C   0x2500             MOVS     R5,#+0
   \   0000006E   0xE006             B.N      ??SplitLORAData_0
    406          	{
    407          		debug_printf("%02X ", p_device_packet->data[i]);
   \                     ??SplitLORAData_1: (+1)
   \   00000070   0x1928             ADDS     R0,R5,R4
   \   00000072   0x7A41             LDRB     R1,[R0, #+9]
   \   00000074   0x.... 0x....      ADR.W    R0,?_33
   \   00000078   0x.... 0x....      BL       debug_printf
    408          	}
   \   0000007C   0x1C6D             ADDS     R5,R5,#+1
   \                     ??SplitLORAData_0: (+1)
   \   0000007E   0x7A20             LDRB     R0,[R4, #+8]
   \   00000080   0x4285             CMP      R5,R0
   \   00000082   0xDBF5             BLT.N    ??SplitLORAData_1
    409          	debug_printf("\r\n");
   \   00000084   0x....             ADR.N    R5,??DataTable42  ;; 0x0D, 0x0A, 0x00, 0x00
   \   00000086   0x4628             MOV      R0,R5
   \   00000088   0x.... 0x....      BL       debug_printf
    410          	for(int i = 0; i < 16; i ++)						/* 协议规定写入16字节数据 */		
   \   0000008C   0x2600             MOVS     R6,#+0
   \   0000008E   0xE008             B.N      ??SplitLORAData_2
    411          	{			
    412          		debug_printf("packet->data[%d] = %02X\r\n", 12 + i, p_device_packet->data[12 + i]);
   \                     ??SplitLORAData_3: (+1)
   \   00000090   0x1930             ADDS     R0,R6,R4
   \   00000092   0x7D42             LDRB     R2,[R0, #+21]
   \   00000094   0xF106 0x010C      ADD      R1,R6,#+12
   \   00000098   0x.... 0x....      ADR.W    R0,?_35
   \   0000009C   0x.... 0x....      BL       debug_printf
    413          	}
   \   000000A0   0x1C76             ADDS     R6,R6,#+1
   \                     ??SplitLORAData_2: (+1)
   \   000000A2   0x2E10             CMP      R6,#+16
   \   000000A4   0xDBF4             BLT.N    ??SplitLORAData_3
    414          	debug_printf("\r\n");
   \   000000A6   0x4628             MOV      R0,R5
   \   000000A8   0xE8BD 0x40F2      POP      {R1,R4-R7,LR}
   \   000000AC   0x.... 0x....      B.W      debug_printf
    415          	/*  测试接收到的数据 */
    416          	//GropPackLORAMsgSend(p_device_packet->data, p_device_packet->data_size);	/* debug--回显LORA数据测试 */
    417          }

   \                                 In section .text, align 4, keep-with-next
   \                     ??DataTable41:
   \   00000000   0x2B 0x2B          DC8      "+++"
   \              0x2B 0x00    

   \                                 In section .text, align 4, keep-with-next
   \                     ??DataTable41_1:
   \   00000000   0x4F 0x4B          DC8      0x4F, 0x4B, 0x00, 0x00
   \              0x00 0x00    

   \                                 In section .text, align 4, keep-with-next
   \                     ??DataTable42:
   \   00000000   0x0D 0x0A          DC8      0x0D, 0x0A, 0x00, 0x00
   \              0x00 0x00    

   \                                 In section .text, align 4, keep-with-next
   \                     ??DataTable42_1:
   \   00000000   0x........         DC32     LORATxdaPacket

   \                                 In section .text, align 4, keep-with-next
   \                     ??DataTable42_2:
   \   00000000   0x........         DC32     st_lora_operation

   \                                 In section .text, align 4, keep-with-next
   \                     ??DataTable42_3:
   \   00000000   0x........         DC32     LORASystickTmr_callback

   \                                 In section .text, align 4, keep-with-next
   \                     ??DataTable42_4:
   \   00000000   0x........         DC32     ??TimeCount

   \                                 In section .text, align 4, keep-with-next
   \                     ?_0:
   \   00000000   0x25 0x73          DC8 "%s:SEND\015\012"
   \              0x3A 0x53    
   \              0x45 0x4E    
   \              0x44 0x0D    
   \              0x0A 0x00    
   \   0000000A   0x00 0x00          DC8 0, 0

   \                                 In section .rodata, align 4, keep-with-next
   \                     ?_1:
   \   00000000   0x2B 0x2B          DC8 "+++"
   \              0x2B 0x00    

   \                                 In section .text, align 4, keep-with-next
   \                     ?_3:
   \   00000000   0x41 0x54          DC8 "AT+SRS\015\012"
   \              0x2B 0x53    
   \              0x52 0x53    
   \              0x0D 0x0A    
   \              0x00         
   \   00000009   0x00 0x00          DC8 0, 0, 0
   \              0x00         

   \                                 In section .text, align 4, keep-with-next
   \                     ?_4:
   \   00000000   0x41 0x54          DC8 "AT+MOD=0\015\012"
   \              0x2B 0x4D    
   \              0x4F 0x44    
   \              0x3D 0x30    
   \              0x0D 0x0A    
   \              0x00         
   \   0000000B   0x00               DC8 0

   \                                 In section .text, align 4, keep-with-next
   \                     ?_5:
   \   00000000   0x41 0x54          DC8 "AT+CLA=C\015\012"
   \              0x2B 0x43    
   \              0x4C 0x41    
   \              0x3D 0x43    
   \              0x0D 0x0A    
   \              0x00         
   \   0000000B   0x00               DC8 0

   \                                 In section .text, align 4, keep-with-next
   \                     ?_6:
   \   00000000   0x41 0x54          DC8 "AT+JON\015\012"
   \              0x2B 0x4A    
   \              0x4F 0x4E    
   \              0x0D 0x0A    
   \              0x00         
   \   00000009   0x00 0x00          DC8 0, 0, 0
   \              0x00         

   \                                 In section .text, align 4, keep-with-next
   \                     ?_7:
   \   00000000   0x41 0x54          DC8 "AT+RJN\015\012"
   \              0x2B 0x52    
   \              0x4A 0x4E    
   \              0x0D 0x0A    
   \              0x00         
   \   00000009   0x00 0x00          DC8 0, 0, 0
   \              0x00         

   \                                 In section .text, align 4, keep-with-next
   \                     ?_8:
   \   00000000   0x45 0x4E          DC8 "EN_LORAOPEN_END is END!!!\015\012"
   \              0x5F 0x4C    
   \              0x4F 0x52    
   \              0x41 0x4F    
   \              0x50 0x45    
   \              0x4E 0x5F    
   \              0x45 0x4E    
   \              0x44 0x20    
   \              0x69 0x73    
   \              0x20 0x45    
   \              0x4E 0x44    
   \              0x21 0x21    
   \              0x21 0x0D    
   \              0x0A 0x00    

   \                                 In section .text, align 4, keep-with-next
   \                     ?_10:
   \   00000000   0x2B 0x52          DC8 "+RCV"
   \              0x43 0x56    
   \              0x00         
   \   00000005   0x00 0x00          DC8 0, 0, 0
   \              0x00         

   \                                 In section .text, align 4, keep-with-next
   \                     ?_11:
   \   00000000   0x4C 0x6F          DC8 "LocalRecvMessage:%s\015\012"
   \              0x63 0x61    
   \              0x6C 0x52    
   \              0x65 0x63    
   \              0x76 0x4D    
   \              0x65 0x73    
   \              0x73 0x61    
   \              0x67 0x65    
   \              0x3A 0x25    
   \              0x73 0x0D    
   \              0x0A 0x00    
   \   00000016   0x00 0x00          DC8 0, 0

   \                                 In section .text, align 4, keep-with-next
   \                     ?_12:
   \   00000000   0x41 0x54          DC8 "AT+TXH=10,5A271008FF360000A3CA\015\012"
   \              0x2B 0x54    
   \              0x58 0x48    
   \              0x3D 0x31    
   \              0x30 0x2C    
   \              0x35 0x41    
   \              0x32 0x37    
   \              0x31 0x30    
   \              0x30 0x38    
   \              0x46 0x46    
   \              0x33 0x36    
   \              0x30 0x30    
   \              0x30 0x30    
   \              0x41 0x33    
   \              0x43 0x41    
   \              0x0D 0x0A    
   \              0x00         
   \   00000021   0x00 0x00          DC8 0, 0, 0
   \              0x00         

   \                                 In section .rodata, align 4, keep-with-next
   \                     ?_2:
   \   00000000   0x4F 0x4B          DC8 "OK"
   \              0x00         
   \   00000003   0x00               DC8 0

   \                                 In section .rodata, align 4, keep-with-next
   \                     ?_9:
   \   00000000   0x00 0x00          DC8 0, 0, 0, 0, 0, 0, 0, 0, 0, 0, 0, 0, 0, 0, 0, 0, 0, 0, 0, 0, 0, 0, 0
   \              0x00 0x00    
   \              0x00 0x00    
   \              0x00 0x00    
   \              0x00 0x00    
   \              0x00 0x00    
   \              0x00 0x00    
   \              0x00 0x00    
   \              0x00 0x00    
   \              0x00 0x00    
   \              0x00 0x00    
   \              0x00         
   \   00000017   0x00 0x00          DC8 0, 0, 0, 0, 0, 0, 0, 0, 0, 0, 0, 0, 0, 0, 0, 0, 0, 0, 0, 0, 0, 0, 0
   \              0x00 0x00    
   \              0x00 0x00    
   \              0x00 0x00    
   \              0x00 0x00    
   \              0x00 0x00    
   \              0x00 0x00    
   \              0x00 0x00    
   \              0x00 0x00    
   \              0x00 0x00    
   \              0x00 0x00    
   \              0x00         
   \   0000002E   0x00 0x00          DC8 0, 0, 0, 0, 0, 0, 0, 0, 0, 0, 0, 0, 0, 0, 0, 0, 0, 0, 0, 0, 0, 0, 0
   \              0x00 0x00    
   \              0x00 0x00    
   \              0x00 0x00    
   \              0x00 0x00    
   \              0x00 0x00    
   \              0x00 0x00    
   \              0x00 0x00    
   \              0x00 0x00    
   \              0x00 0x00    
   \              0x00 0x00    
   \              0x00         
   \   00000045   0x00 0x00          DC8 0, 0, 0, 0, 0, 0, 0, 0, 0, 0, 0, 0, 0, 0, 0, 0, 0, 0, 0, 0, 0, 0, 0
   \              0x00 0x00    
   \              0x00 0x00    
   \              0x00 0x00    
   \              0x00 0x00    
   \              0x00 0x00    
   \              0x00 0x00    
   \              0x00 0x00    
   \              0x00 0x00    
   \              0x00 0x00    
   \              0x00 0x00    
   \              0x00         
   \   0000005C   0x00 0x00          DC8 0, 0, 0, 0, 0, 0, 0, 0, 0, 0, 0, 0, 0, 0, 0, 0, 0, 0, 0, 0, 0, 0, 0
   \              0x00 0x00    
   \              0x00 0x00    
   \              0x00 0x00    
   \              0x00 0x00    
   \              0x00 0x00    
   \              0x00 0x00    
   \              0x00 0x00    
   \              0x00 0x00    
   \              0x00 0x00    
   \              0x00 0x00    
   \              0x00         
   \   00000073   0x00 0x00          DC8 0, 0, 0, 0, 0, 0, 0, 0, 0, 0, 0, 0, 0, 0, 0, 0, 0, 0, 0, 0, 0, 0, 0
   \              0x00 0x00    
   \              0x00 0x00    
   \              0x00 0x00    
   \              0x00 0x00    
   \              0x00 0x00    
   \              0x00 0x00    
   \              0x00 0x00    
   \              0x00 0x00    
   \              0x00 0x00    
   \              0x00 0x00    
   \              0x00         
   \   0000008A   0x00 0x00          DC8 0, 0, 0, 0, 0, 0, 0, 0, 0, 0, 0, 0, 0, 0, 0, 0, 0, 0, 0, 0, 0, 0, 0
   \              0x00 0x00    
   \              0x00 0x00    
   \              0x00 0x00    
   \              0x00 0x00    
   \              0x00 0x00    
   \              0x00 0x00    
   \              0x00 0x00    
   \              0x00 0x00    
   \              0x00 0x00    
   \              0x00 0x00    
   \              0x00         
   \   000000A1   0x00 0x00          DC8 0, 0, 0, 0, 0, 0, 0, 0, 0, 0, 0, 0, 0, 0, 0, 0, 0, 0, 0, 0, 0, 0, 0
   \              0x00 0x00    
   \              0x00 0x00    
   \              0x00 0x00    
   \              0x00 0x00    
   \              0x00 0x00    
   \              0x00 0x00    
   \              0x00 0x00    
   \              0x00 0x00    
   \              0x00 0x00    
   \              0x00 0x00    
   \              0x00         
   \   000000B8   0x00 0x00          DC8 0, 0, 0, 0, 0, 0, 0, 0, 0, 0, 0, 0, 0, 0, 0, 0, 0, 0, 0, 0, 0, 0, 0
   \              0x00 0x00    
   \              0x00 0x00    
   \              0x00 0x00    
   \              0x00 0x00    
   \              0x00 0x00    
   \              0x00 0x00    
   \              0x00 0x00    
   \              0x00 0x00    
   \              0x00 0x00    
   \              0x00 0x00    
   \              0x00         
   \   000000CF   0x00 0x00          DC8 0, 0, 0, 0, 0, 0, 0, 0, 0, 0, 0, 0, 0, 0, 0, 0, 0, 0, 0, 0, 0, 0, 0
   \              0x00 0x00    
   \              0x00 0x00    
   \              0x00 0x00    
   \              0x00 0x00    
   \              0x00 0x00    
   \              0x00 0x00    
   \              0x00 0x00    
   \              0x00 0x00    
   \              0x00 0x00    
   \              0x00 0x00    
   \              0x00         
   \   000000E6   0x00 0x00          DC8 0, 0, 0, 0, 0, 0, 0, 0, 0, 0, 0, 0, 0, 0, 0, 0, 0, 0, 0, 0, 0, 0, 0
   \              0x00 0x00    
   \              0x00 0x00    
   \              0x00 0x00    
   \              0x00 0x00    
   \              0x00 0x00    
   \              0x00 0x00    
   \              0x00 0x00    
   \              0x00 0x00    
   \              0x00 0x00    
   \              0x00 0x00    
   \              0x00         
   \   000000FD   0x00 0x00          DC8 0, 0, 0, 0, 0, 0, 0, 0, 0, 0, 0, 0, 0, 0, 0, 0, 0, 0, 0, 0, 0, 0, 0
   \              0x00 0x00    
   \              0x00 0x00    
   \              0x00 0x00    
   \              0x00 0x00    
   \              0x00 0x00    
   \              0x00 0x00    
   \              0x00 0x00    
   \              0x00 0x00    
   \              0x00 0x00    
   \              0x00 0x00    
   \              0x00         
   \   00000114   0x00 0x00          DC8 0, 0, 0, 0, 0, 0, 0, 0, 0, 0, 0, 0, 0, 0, 0, 0, 0, 0, 0, 0, 0, 0, 0
   \              0x00 0x00    
   \              0x00 0x00    
   \              0x00 0x00    
   \              0x00 0x00    
   \              0x00 0x00    
   \              0x00 0x00    
   \              0x00 0x00    
   \              0x00 0x00    
   \              0x00 0x00    
   \              0x00 0x00    
   \              0x00         
   \   0000012B   0x00               DC8 0

   \                                 In section .rodata, align 4, keep-with-next
   \                     ?_15:
   \   00000000   0x00 0x00          DC8 0, 0, 0, 0, 0, 0, 0, 0, 0, 0, 0, 0, 0, 0, 0, 0, 0, 0, 0, 0, 0, 0, 0
   \              0x00 0x00    
   \              0x00 0x00    
   \              0x00 0x00    
   \              0x00 0x00    
   \              0x00 0x00    
   \              0x00 0x00    
   \              0x00 0x00    
   \              0x00 0x00    
   \              0x00 0x00    
   \              0x00 0x00    
   \              0x00         
   \   00000017   0x00 0x00          DC8 0, 0, 0, 0, 0, 0, 0, 0, 0, 0, 0, 0, 0, 0, 0, 0, 0, 0, 0, 0, 0, 0, 0
   \              0x00 0x00    
   \              0x00 0x00    
   \              0x00 0x00    
   \              0x00 0x00    
   \              0x00 0x00    
   \              0x00 0x00    
   \              0x00 0x00    
   \              0x00 0x00    
   \              0x00 0x00    
   \              0x00 0x00    
   \              0x00         
   \   0000002E   0x00 0x00          DC8 0, 0, 0, 0, 0, 0, 0, 0, 0, 0, 0, 0, 0, 0, 0, 0, 0, 0, 0, 0, 0, 0, 0
   \              0x00 0x00    
   \              0x00 0x00    
   \              0x00 0x00    
   \              0x00 0x00    
   \              0x00 0x00    
   \              0x00 0x00    
   \              0x00 0x00    
   \              0x00 0x00    
   \              0x00 0x00    
   \              0x00 0x00    
   \              0x00         
   \   00000045   0x00 0x00          DC8 0, 0, 0, 0, 0, 0, 0, 0, 0, 0, 0, 0, 0, 0, 0, 0, 0, 0, 0, 0, 0, 0, 0
   \              0x00 0x00    
   \              0x00 0x00    
   \              0x00 0x00    
   \              0x00 0x00    
   \              0x00 0x00    
   \              0x00 0x00    
   \              0x00 0x00    
   \              0x00 0x00    
   \              0x00 0x00    
   \              0x00 0x00    
   \              0x00         
   \   0000005C   0x00 0x00          DC8 0, 0, 0, 0, 0, 0, 0, 0, 0, 0, 0, 0, 0, 0, 0, 0, 0, 0, 0, 0, 0, 0, 0
   \              0x00 0x00    
   \              0x00 0x00    
   \              0x00 0x00    
   \              0x00 0x00    
   \              0x00 0x00    
   \              0x00 0x00    
   \              0x00 0x00    
   \              0x00 0x00    
   \              0x00 0x00    
   \              0x00 0x00    
   \              0x00         
   \   00000073   0x00 0x00          DC8 0, 0, 0, 0, 0, 0, 0, 0, 0, 0, 0, 0, 0, 0, 0, 0, 0, 0, 0, 0, 0, 0, 0
   \              0x00 0x00    
   \              0x00 0x00    
   \              0x00 0x00    
   \              0x00 0x00    
   \              0x00 0x00    
   \              0x00 0x00    
   \              0x00 0x00    
   \              0x00 0x00    
   \              0x00 0x00    
   \              0x00 0x00    
   \              0x00         
   \   0000008A   0x00 0x00          DC8 0, 0, 0, 0, 0, 0, 0, 0, 0, 0, 0, 0, 0, 0, 0, 0, 0, 0, 0, 0, 0, 0, 0
   \              0x00 0x00    
   \              0x00 0x00    
   \              0x00 0x00    
   \              0x00 0x00    
   \              0x00 0x00    
   \              0x00 0x00    
   \              0x00 0x00    
   \              0x00 0x00    
   \              0x00 0x00    
   \              0x00 0x00    
   \              0x00         
   \   000000A1   0x00 0x00          DC8 0, 0, 0, 0, 0, 0, 0, 0, 0, 0, 0, 0, 0, 0, 0, 0, 0, 0, 0, 0, 0, 0, 0
   \              0x00 0x00    
   \              0x00 0x00    
   \              0x00 0x00    
   \              0x00 0x00    
   \              0x00 0x00    
   \              0x00 0x00    
   \              0x00 0x00    
   \              0x00 0x00    
   \              0x00 0x00    
   \              0x00 0x00    
   \              0x00         
   \   000000B8   0x00 0x00          DC8 0, 0, 0, 0, 0, 0, 0, 0, 0, 0, 0, 0, 0, 0, 0, 0, 0, 0, 0, 0, 0, 0, 0
   \              0x00 0x00    
   \              0x00 0x00    
   \              0x00 0x00    
   \              0x00 0x00    
   \              0x00 0x00    
   \              0x00 0x00    
   \              0x00 0x00    
   \              0x00 0x00    
   \              0x00 0x00    
   \              0x00 0x00    
   \              0x00         
   \   000000CF   0x00 0x00          DC8 0, 0, 0, 0, 0, 0, 0, 0, 0, 0, 0, 0, 0, 0, 0, 0, 0, 0, 0, 0, 0, 0, 0
   \              0x00 0x00    
   \              0x00 0x00    
   \              0x00 0x00    
   \              0x00 0x00    
   \              0x00 0x00    
   \              0x00 0x00    
   \              0x00 0x00    
   \              0x00 0x00    
   \              0x00 0x00    
   \              0x00 0x00    
   \              0x00         
   \   000000E6   0x00 0x00          DC8 0, 0, 0, 0, 0, 0, 0, 0, 0, 0, 0, 0, 0, 0, 0, 0, 0, 0, 0, 0, 0, 0, 0
   \              0x00 0x00    
   \              0x00 0x00    
   \              0x00 0x00    
   \              0x00 0x00    
   \              0x00 0x00    
   \              0x00 0x00    
   \              0x00 0x00    
   \              0x00 0x00    
   \              0x00 0x00    
   \              0x00 0x00    
   \              0x00         
   \   000000FD   0x00 0x00          DC8 0, 0, 0, 0, 0, 0, 0, 0, 0, 0, 0, 0, 0, 0, 0, 0, 0, 0, 0, 0, 0, 0, 0
   \              0x00 0x00    
   \              0x00 0x00    
   \              0x00 0x00    
   \              0x00 0x00    
   \              0x00 0x00    
   \              0x00 0x00    
   \              0x00 0x00    
   \              0x00 0x00    
   \              0x00 0x00    
   \              0x00 0x00    
   \              0x00         
   \   00000114   0x00 0x00          DC8 0, 0, 0, 0, 0, 0, 0, 0, 0, 0, 0, 0, 0, 0, 0, 0, 0, 0, 0, 0, 0, 0, 0
   \              0x00 0x00    
   \              0x00 0x00    
   \              0x00 0x00    
   \              0x00 0x00    
   \              0x00 0x00    
   \              0x00 0x00    
   \              0x00 0x00    
   \              0x00 0x00    
   \              0x00 0x00    
   \              0x00 0x00    
   \              0x00         
   \   0000012B   0x00               DC8 0

   \                                 In section .rodata, align 4, keep-with-next
   \                     ?_28:
   \   00000000   0x00 0x00          DC8 0, 0, 0, 0, 0, 0, 0, 0, 0, 0, 0, 0, 0, 0, 0, 0, 0, 0, 0, 0, 0, 0, 0
   \              0x00 0x00    
   \              0x00 0x00    
   \              0x00 0x00    
   \              0x00 0x00    
   \              0x00 0x00    
   \              0x00 0x00    
   \              0x00 0x00    
   \              0x00 0x00    
   \              0x00 0x00    
   \              0x00 0x00    
   \              0x00         
   \   00000017   0x00 0x00          DC8 0, 0, 0, 0, 0, 0, 0, 0, 0
   \              0x00 0x00    
   \              0x00 0x00    
   \              0x00 0x00    
   \              0x00         

   \                                 In section .rodata, align 4, keep-with-next
   \                     ?_29:
   \   00000000   0x00 0x00          DC8 0, 0, 0, 0, 0, 0, 0, 0, 0, 0, 0, 0, 0, 0, 0, 0, 0, 0, 0, 0, 0, 0, 0
   \              0x00 0x00    
   \              0x00 0x00    
   \              0x00 0x00    
   \              0x00 0x00    
   \              0x00 0x00    
   \              0x00 0x00    
   \              0x00 0x00    
   \              0x00 0x00    
   \              0x00 0x00    
   \              0x00 0x00    
   \              0x00         
   \   00000017   0x00 0x00          DC8 0, 0, 0, 0, 0, 0, 0, 0, 0, 0, 0, 0, 0, 0, 0, 0, 0, 0, 0, 0, 0, 0, 0
   \              0x00 0x00    
   \              0x00 0x00    
   \              0x00 0x00    
   \              0x00 0x00    
   \              0x00 0x00    
   \              0x00 0x00    
   \              0x00 0x00    
   \              0x00 0x00    
   \              0x00 0x00    
   \              0x00 0x00    
   \              0x00         
   \   0000002E   0x00 0x00          DC8 0, 0, 0, 0, 0, 0, 0, 0, 0, 0, 0, 0, 0, 0, 0, 0, 0, 0
   \              0x00 0x00    
   \              0x00 0x00    
   \              0x00 0x00    
   \              0x00 0x00    
   \              0x00 0x00    
   \              0x00 0x00    
   \              0x00 0x00    
   \              0x00 0x00    

   \                                 In section .rodata, align 4, keep-with-next
   \                     ?_30:
   \   00000000   0x00 0x00          DC8 0, 0, 0, 0, 0, 0, 0, 0, 0, 0, 0, 0, 0, 0, 0, 0, 0, 0, 0, 0, 0, 0, 0
   \              0x00 0x00    
   \              0x00 0x00    
   \              0x00 0x00    
   \              0x00 0x00    
   \              0x00 0x00    
   \              0x00 0x00    
   \              0x00 0x00    
   \              0x00 0x00    
   \              0x00 0x00    
   \              0x00 0x00    
   \              0x00         
   \   00000017   0x00 0x00          DC8 0, 0, 0, 0, 0, 0, 0, 0, 0, 0, 0, 0, 0, 0, 0, 0, 0, 0, 0, 0, 0, 0, 0
   \              0x00 0x00    
   \              0x00 0x00    
   \              0x00 0x00    
   \              0x00 0x00    
   \              0x00 0x00    
   \              0x00 0x00    
   \              0x00 0x00    
   \              0x00 0x00    
   \              0x00 0x00    
   \              0x00 0x00    
   \              0x00         
   \   0000002E   0x00 0x00          DC8 0, 0, 0, 0, 0, 0, 0, 0, 0, 0, 0, 0, 0, 0, 0, 0, 0, 0, 0, 0, 0, 0, 0
   \              0x00 0x00    
   \              0x00 0x00    
   \              0x00 0x00    
   \              0x00 0x00    
   \              0x00 0x00    
   \              0x00 0x00    
   \              0x00 0x00    
   \              0x00 0x00    
   \              0x00 0x00    
   \              0x00 0x00    
   \              0x00         
   \   00000045   0x00 0x00          DC8 0, 0, 0, 0, 0, 0, 0, 0, 0, 0, 0, 0, 0, 0, 0, 0, 0, 0, 0, 0, 0, 0, 0
   \              0x00 0x00    
   \              0x00 0x00    
   \              0x00 0x00    
   \              0x00 0x00    
   \              0x00 0x00    
   \              0x00 0x00    
   \              0x00 0x00    
   \              0x00 0x00    
   \              0x00 0x00    
   \              0x00 0x00    
   \              0x00         
   \   0000005C   0x00 0x00          DC8 0, 0, 0, 0, 0, 0, 0, 0, 0, 0, 0, 0, 0, 0, 0, 0, 0, 0, 0, 0, 0, 0, 0
   \              0x00 0x00    
   \              0x00 0x00    
   \              0x00 0x00    
   \              0x00 0x00    
   \              0x00 0x00    
   \              0x00 0x00    
   \              0x00 0x00    
   \              0x00 0x00    
   \              0x00 0x00    
   \              0x00 0x00    
   \              0x00         
   \   00000073   0x00 0x00          DC8 0, 0, 0, 0, 0, 0, 0, 0, 0, 0, 0, 0, 0, 0, 0, 0, 0, 0, 0, 0, 0, 0, 0
   \              0x00 0x00    
   \              0x00 0x00    
   \              0x00 0x00    
   \              0x00 0x00    
   \              0x00 0x00    
   \              0x00 0x00    
   \              0x00 0x00    
   \              0x00 0x00    
   \              0x00 0x00    
   \              0x00 0x00    
   \              0x00         
   \   0000008A   0x00 0x00          DC8 0, 0, 0, 0, 0, 0, 0, 0, 0, 0, 0, 0, 0, 0, 0, 0, 0, 0, 0, 0, 0, 0, 0
   \              0x00 0x00    
   \              0x00 0x00    
   \              0x00 0x00    
   \              0x00 0x00    
   \              0x00 0x00    
   \              0x00 0x00    
   \              0x00 0x00    
   \              0x00 0x00    
   \              0x00 0x00    
   \              0x00 0x00    
   \              0x00         
   \   000000A1   0x00 0x00          DC8 0, 0, 0, 0, 0, 0, 0, 0, 0, 0, 0, 0, 0, 0, 0, 0, 0, 0, 0, 0, 0, 0, 0
   \              0x00 0x00    
   \              0x00 0x00    
   \              0x00 0x00    
   \              0x00 0x00    
   \              0x00 0x00    
   \              0x00 0x00    
   \              0x00 0x00    
   \              0x00 0x00    
   \              0x00 0x00    
   \              0x00 0x00    
   \              0x00         
   \   000000B8   0x00 0x00          DC8 0, 0, 0, 0, 0, 0, 0, 0, 0, 0, 0, 0, 0, 0, 0, 0, 0, 0, 0, 0, 0, 0, 0
   \              0x00 0x00    
   \              0x00 0x00    
   \              0x00 0x00    
   \              0x00 0x00    
   \              0x00 0x00    
   \              0x00 0x00    
   \              0x00 0x00    
   \              0x00 0x00    
   \              0x00 0x00    
   \              0x00 0x00    
   \              0x00         
   \   000000CF   0x00 0x00          DC8 0, 0, 0, 0, 0, 0, 0, 0, 0, 0, 0, 0, 0, 0, 0, 0, 0, 0, 0, 0, 0, 0, 0
   \              0x00 0x00    
   \              0x00 0x00    
   \              0x00 0x00    
   \              0x00 0x00    
   \              0x00 0x00    
   \              0x00 0x00    
   \              0x00 0x00    
   \              0x00 0x00    
   \              0x00 0x00    
   \              0x00 0x00    
   \              0x00         
   \   000000E6   0x00 0x00          DC8 0, 0, 0, 0, 0, 0, 0, 0, 0, 0, 0, 0, 0, 0, 0, 0, 0, 0, 0, 0, 0, 0, 0
   \              0x00 0x00    
   \              0x00 0x00    
   \              0x00 0x00    
   \              0x00 0x00    
   \              0x00 0x00    
   \              0x00 0x00    
   \              0x00 0x00    
   \              0x00 0x00    
   \              0x00 0x00    
   \              0x00 0x00    
   \              0x00         
   \   000000FD   0x00 0x00          DC8 0, 0, 0
   \              0x00         

   \                                 In section .rodata, align 4, keep-with-next
   \                     ?_34:
   \   00000000   0x0D 0x0A          DC8 "\015\012"
   \              0x00         
   \   00000003   0x00               DC8 0

   \                                 In section .text, align 4, keep-with-next
   \                     ?_13:
   \   00000000   0x4C 0x4F          DC8 "LORASystickTmr"
   \              0x52 0x41    
   \              0x53 0x79    
   \              0x73 0x74    
   \              0x69 0x63    
   \              0x6B 0x54    
   \              0x6D 0x72    
   \              0x00         
   \   0000000F   0x00               DC8 0

   \                                 In section .text, align 4, keep-with-next
   \                     ?_14:
   \   00000000   0x5B 0x25          DC8 "[%s] enter.\015\012"
   \              0x73 0x5D    
   \              0x20 0x65    
   \              0x6E 0x74    
   \              0x65 0x72    
   \              0x2E 0x0D    
   \              0x0A 0x00    
   \   0000000E   0x00 0x00          DC8 0, 0

   \                                 In section .text, align 4, keep-with-next
   \                     ?_16:
   \   00000000   0x52 0x65          DC8 "RecvDebug:%s\015\012"
   \              0x63 0x76    
   \              0x44 0x65    
   \              0x62 0x75    
   \              0x67 0x3A    
   \              0x25 0x73    
   \              0x0D 0x0A    
   \              0x00         
   \   0000000F   0x00               DC8 0

   \                                 In section .text, align 4, keep-with-next
   \                     ?_17:
   \   00000000   0x25 0x73          DC8 "%s:success\015\012"
   \              0x3A 0x73    
   \              0x75 0x63    
   \              0x63 0x65    
   \              0x73 0x73    
   \              0x0D 0x0A    
   \              0x00         
   \   0000000D   0x00 0x00          DC8 0, 0, 0
   \              0x00         

   \                                 In section .text, align 4, keep-with-next
   \                     ?_18:
   \   00000000   0x45 0x6E          DC8 "Enter The Next Operate State\015\012"
   \              0x74 0x65    
   \              0x72 0x20    
   \              0x54 0x68    
   \              0x65 0x20    
   \              0x4E 0x65    
   \              0x78 0x74    
   \              0x20 0x4F    
   \              0x70 0x65    
   \              0x72 0x61    
   \              0x74 0x65    
   \              0x20 0x53    
   \              0x74 0x61    
   \              0x74 0x65    
   \              0x0D 0x0A    
   \              0x00         
   \   0000001F   0x00               DC8 0

   \                                 In section .text, align 4, keep-with-next
   \                     ?_19:
   \   00000000   0x45 0x52          DC8 "ERROR"
   \              0x52 0x4F    
   \              0x52 0x00    
   \   00000006   0x00 0x00          DC8 0, 0

   \                                 In section .text, align 4, keep-with-next
   \                     ?_20:
   \   00000000   0x21 0x21          DC8 "!!!Attempt excute:%s -->count=%d!!!\015\012"
   \              0x21 0x41    
   \              0x74 0x74    
   \              0x65 0x6D    
   \              0x70 0x74    
   \              0x20 0x65    
   \              0x78 0x63    
   \              0x75 0x74    
   \              0x65 0x3A    
   \              0x25 0x73    
   \              0x20 0x2D    
   \              0x2D 0x3E    
   \              0x63 0x6F    
   \              0x75 0x6E    
   \              0x74 0x3D    
   \              0x25 0x64    
   \              0x21 0x21    
   \              0x21 0x0D    
   \              0x0A 0x00    
   \   00000026   0x00 0x00          DC8 0, 0

   \                                 In section .text, align 4, keep-with-next
   \                     ?_21:
   \   00000000   0x25 0x73          DC8 "%s:No Response!!!\015\012"
   \              0x3A 0x4E    
   \              0x6F 0x20    
   \              0x52 0x65    
   \              0x73 0x70    
   \              0x6F 0x6E    
   \              0x73 0x65    
   \              0x21 0x21    
   \              0x21 0x0D    
   \              0x0A 0x00    

   \                                 In section .text, align 4, keep-with-next
   \                     ?_22:
   \   00000000   0x25 0x73          DC8 "%s:Timeout!!!\015\012"
   \              0x3A 0x54    
   \              0x69 0x6D    
   \              0x65 0x6F    
   \              0x75 0x74    
   \              0x21 0x21    
   \              0x21 0x0D    
   \              0x0A 0x00    

   \                                 In section .text, align 4, keep-with-next
   \                     ?_23:
   \   00000000   0x4C 0x6F          DC8 "LoRadataLen = %d\012"
   \              0x52 0x61    
   \              0x64 0x61    
   \              0x74 0x61    
   \              0x4C 0x65    
   \              0x6E 0x20    
   \              0x3D 0x20    
   \              0x25 0x64    
   \              0x0A 0x00    
   \   00000012   0x00 0x00          DC8 0, 0

   \                                 In section .text, align 4, keep-with-next
   \                     ?_24:
   \   00000000   0x43 0x53          DC8 "CS Server Send Data is not HEX!!!!!!\015\012"
   \              0x20 0x53    
   \              0x65 0x72    
   \              0x76 0x65    
   \              0x72 0x20    
   \              0x53 0x65    
   \              0x6E 0x64    
   \              0x20 0x44    
   \              0x61 0x74    
   \              0x61 0x20    
   \              0x69 0x73    
   \              0x20 0x6E    
   \              0x6F 0x74    
   \              0x20 0x48    
   \              0x45 0x58    
   \              0x21 0x21    
   \              0x21 0x21    
   \              0x21 0x21    
   \              0x0D 0x0A    
   \              0x00         
   \   00000027   0x00               DC8 0

   \                                 In section .text, align 4, keep-with-next
   \                     ?_25:
   \   00000000   0x54 0x65          DC8 "TempMsg = %s\012"
   \              0x6D 0x70    
   \              0x4D 0x73    
   \              0x67 0x20    
   \              0x3D 0x20    
   \              0x25 0x73    
   \              0x0A 0x00    
   \   0000000E   0x00 0x00          DC8 0, 0

   \                                 In section .text, align 4, keep-with-next
   \                     ?_26:
   \   00000000   0x4D 0x53          DC8 "MSG[%d] = %x\015\012"
   \              0x47 0x5B    
   \              0x25 0x64    
   \              0x5D 0x20    
   \              0x3D 0x20    
   \              0x25 0x78    
   \              0x0D 0x0A    
   \              0x00         
   \   0000000F   0x00               DC8 0

   \                                 In section .text, align 4, keep-with-next
   \                     ?_27:
   \   00000000   0x4C 0x4F          DC8 "LORA Pack Post\015\012"
   \              0x52 0x41    
   \              0x20 0x50    
   \              0x61 0x63    
   \              0x6B 0x20    
   \              0x50 0x6F    
   \              0x73 0x74    
   \              0x0D 0x0A    
   \              0x00         
   \   00000011   0x00 0x00          DC8 0, 0, 0
   \              0x00         

   \                                 In section .text, align 4, keep-with-next
   \                     ?_31:
   \   00000000   0x41 0x54          DC8 "AT+TXH=32,%s\015\012"
   \              0x2B 0x54    
   \              0x58 0x48    
   \              0x3D 0x33    
   \              0x32 0x2C    
   \              0x25 0x73    
   \              0x0D 0x0A    
   \              0x00         
   \   0000000F   0x00               DC8 0

   \                                 In section .text, align 4, keep-with-next
   \                     ?_32:
   \   00000000   0x42 0x61          DC8 "Back Show!!!:%s"
   \              0x63 0x6B    
   \              0x20 0x53    
   \              0x68 0x6F    
   \              0x77 0x21    
   \              0x21 0x21    
   \              0x3A 0x25    
   \              0x73 0x00    

   \                                 In section .text, align 4, keep-with-next
   \                     ?_33:
   \   00000000   0x25 0x30          DC8 "%02X "
   \              0x32 0x58    
   \              0x20 0x00    
   \   00000006   0x00 0x00          DC8 0, 0

   \                                 In section .text, align 4, keep-with-next
   \                     ?_35:
   \   00000000   0x70 0x61          DC8 "packet->data[%d] = %02X\015\012"
   \              0x63 0x6B    
   \              0x65 0x74    
   \              0x2D 0x3E    
   \              0x64 0x61    
   \              0x74 0x61    
   \              0x5B 0x25    
   \              0x64 0x5D    
   \              0x20 0x3D    
   \              0x20 0x25    
   \              0x30 0x32    
   \              0x58 0x0D    
   \              0x0A 0x00    
   \   0000001A   0x00 0x00          DC8 0, 0

   Maximum stack usage in bytes:

   .cstack Function
   ------- --------
      24   AnalysisLoRaMsg
        24   -> LORA_Datalen
        24   -> SplitLORAData
        24   -> debug_printf
        24   -> strchr
      24   App_LORA_TASK
        24   -> LORA_MODULE_INIT
        24   -> LORA_MODULE_PROCESS
        24   -> OSTimeDlyHMSM
        24   -> OSTmrCreate
        24   -> OSTmrStart
        24   -> debug_printf
       8   GropPackLORAMsgSend
         0   -> SendLORAMsgPack
         8   -> __aeabi_memcpy
     304   LORAIOT_MODULE_HANDLE
       304   -> AnalysisLoRaMsg
       304   -> LORAUartRecvData
       304   -> __aeabi_memclr4
       304   -> debug_printf
       304   -> strstr
       0   LORASystickTmr_callback
       0   LORA_MODULE_INIT
       8   LORA_MODULE_OPEN
         8   -> LORA_MODULE_WAITRX
         8   -> LORA_send_cmd
         8   -> OSTimeDlyHMSM
         8   -> SetLORA_OperatStrState
         8   -> SetLORA_ProceStrState
         8   -> debug_printf
       8   LORA_MODULE_PROCESS
         8   -> LORAIOT_MODULE_HANDLE
         8   -> LORA_MODULE_OPEN
     312   LORA_MODULE_WAITRX
       312   -> LORAUartRecvData
       312   -> __aeabi_memclr4
       312   -> debug_printf
       312   -> strstr
      16   LORA_send_cmd
        16   -> Module_SendMessage
        16   -> OSTimeDlyHMSM
        16   -> strlen
     360   SendLORAMsgPack
       360   -> HexToAscii
       360   -> LORA_send_cmd
       360   -> OSTimeDlyHMSM
       360   -> __aeabi_memclr4
       360   -> __aeabi_memcpy
       360   -> __aeabi_memset4
       360   -> debug_printf
       360   -> sprintf
       0   SetLORA_OperatStrState
         0   -> debug_printf
       0   SetLORA_ProceStrState
      24   SplitLORAData
        24   -> __aeabi_memcpy
         0   -> debug_printf
        24   -> debug_printf
       0   strchr
         0   -> __iar_Strchr
       0   strstr
         0   -> __iar_Strstr


   Section sizes:

   Bytes  Function/Label
   -----  --------------
       4  ??DataTable41
       4  ??DataTable41_1
       4  ??DataTable42
       4  ??DataTable42_1
       4  ??DataTable42_2
       4  ??DataTable42_3
       4  ??DataTable42_4
      12  ?_0
       4  ?_1
       8  ?_10
      24  ?_11
      36  ?_12
      16  ?_13
      16  ?_14
     300  ?_15
      16  ?_16
      16  ?_17
      32  ?_18
       8  ?_19
       4  ?_2
      40  ?_20
      20  ?_21
      16  ?_22
      20  ?_23
      40  ?_24
      16  ?_25
      16  ?_26
      20  ?_27
      32  ?_28
      64  ?_29
      12  ?_3
     256  ?_30
      16  ?_31
      16  ?_32
       8  ?_33
       4  ?_34
      28  ?_35
      12  ?_4
      12  ?_5
      12  ?_6
      12  ?_7
      28  ?_8
     300  ?_9
     134  AnalysisLoRaMsg
      74  App_LORA_TASK
      24  GropPackLORAMsgSend
      68  LORAIOT_MODULE_HANDLE
      18  LORASystickTmr_callback
     152  LORATxdaPacket
          LORADataPacket
      20  LORA_MODULE_INIT
     338  LORA_MODULE_OPEN
      34  LORA_MODULE_PROCESS
     228  LORA_MODULE_WAITRX
      32  LORA_send_cmd
     194  SendLORAMsgPack
      18  SetLORA_OperatStrState
       6  SetLORA_ProceStrState
     176  SplitLORAData
       4  TimeCount
      28  st_lora_operation
       4  strchr
       4  strstr
      16  -- Other

 
   184 bytes in section .bss
   964 bytes in section .rodata
 1 944 bytes in section .text
 
 1 936 bytes of CODE  memory (+ 8 bytes shared)
   964 bytes of CONST memory
   184 bytes of DATA  memory

Errors: none
Warnings: none
