###############################################################################
#
# IAR ANSI C/C++ Compiler V7.40.3.8902/W32 for ARM        12/Jul/2019  09:14:40
# Copyright 1999-2015 IAR Systems AB.
#
#    Cpu mode     =  thumb
#    Endian       =  little
#    Source file  =  
#        E:\MYWorkPlace\SVNData\zhouwanli\XF-SXT-N-V1.0\UCOS-II\uC-OSII\Source\os_q.c
#    Command line =  
#        E:\MYWorkPlace\SVNData\zhouwanli\XF-SXT-N-V1.0\UCOS-II\uC-OSII\Source\os_q.c
#        -D LORA_MODULE -lCN
#        E:\MYWorkPlace\SVNData\zhouwanli\XF-SXT-N-V1.0\EWIAR\Flash\List\ -o
#        E:\MYWorkPlace\SVNData\zhouwanli\XF-SXT-N-V1.0\EWIAR\Flash\Obj\
#        --no_unroll --no_inline --no_tbaa --no_scheduling --debug
#        --endian=little --cpu=Cortex-M3 -e --fpu=None --dlib_config
#        D:\Softwares\IAR7.40\arm\INC\c\DLib_Config_Full.h -I
#        E:\MYWorkPlace\SVNData\zhouwanli\XF-SXT-N-V1.0\EWIAR\..\UCOS-II\CPU\inc\
#        -I
#        E:\MYWorkPlace\SVNData\zhouwanli\XF-SXT-N-V1.0\EWIAR\..\UCOS-II\uC-CPU\
#        -I
#        E:\MYWorkPlace\SVNData\zhouwanli\XF-SXT-N-V1.0\EWIAR\..\UCOS-II\uC-CPU\
#        -I
#        E:\MYWorkPlace\SVNData\zhouwanli\XF-SXT-N-V1.0\EWIAR\..\UCOS-II\uC-LIB\
#        -I
#        E:\MYWorkPlace\SVNData\zhouwanli\XF-SXT-N-V1.0\EWIAR\..\UCOS-II\uC-OSII\Ports\
#        -I
#        E:\MYWorkPlace\SVNData\zhouwanli\XF-SXT-N-V1.0\EWIAR\..\UCOS-II\uC-OSII\Source\
#        -I E:\MYWorkPlace\SVNData\zhouwanli\XF-SXT-N-V1.0\EWIAR\..\USER\BSP\
#        -I E:\MYWorkPlace\SVNData\zhouwanli\XF-SXT-N-V1.0\EWIAR\..\USER\APP\
#        -Om --use_c++_inline
#    List file    =  
#        E:\MYWorkPlace\SVNData\zhouwanli\XF-SXT-N-V1.0\EWIAR\Flash\List\os_q.lst
#    Object file  =  
#        E:\MYWorkPlace\SVNData\zhouwanli\XF-SXT-N-V1.0\EWIAR\Flash\Obj\os_q.o
#
###############################################################################

E:\MYWorkPlace\SVNData\zhouwanli\XF-SXT-N-V1.0\UCOS-II\uC-OSII\Source\os_q.c
      1          /*
      2          *********************************************************************************************************
      3          *                                                uC/OS-II
      4          *                                          The Real-Time Kernel
      5          *                                        MESSAGE QUEUE MANAGEMENT
      6          *
      7          *                              (c) Copyright 1992-2007, Micrium, Weston, FL
      8          *                                           All Rights Reserved
      9          *
     10          * File    : OS_Q.C
     11          * By      : Jean J. Labrosse
     12          * Version : V2.86
     13          *
     14          * LICENSING TERMS:
     15          * ---------------
     16          *   uC/OS-II is provided in source form for FREE evaluation, for educational use or for peaceful research.  
     17          * If you plan on using  uC/OS-II  in a commercial product you need to contact Micriµm to properly license 
     18          * its use in your product. We provide ALL the source code for your convenience and to help you experience 
     19          * uC/OS-II.   The fact that the  source is provided does  NOT  mean that you can use it without  paying a 
     20          * licensing fee.
     21          *********************************************************************************************************
     22          */
     23          
     24          #ifndef  OS_MASTER_FILE
     25          #include <ucos_ii.h>
     26          #endif
     27          
     28          #if (OS_Q_EN > 0) && (OS_MAX_QS > 0)
     29          /*
     30          *********************************************************************************************************
     31          *                                      ACCEPT MESSAGE FROM QUEUE
     32          *
     33          * Description: This function checks the queue to see if a message is available.  Unlike OSQPend(),
     34          *              OSQAccept() does not suspend the calling task if a message is not available.
     35          *
     36          * Arguments  : pevent        is a pointer to the event control block
     37          *
     38          *              perr          is a pointer to where an error message will be deposited.  Possible error
     39          *                            messages are:
     40          *
     41          *                            OS_ERR_NONE         The call was successful and your task received a
     42          *                                                message.
     43          *                            OS_ERR_EVENT_TYPE   You didn't pass a pointer to a queue
     44          *                            OS_ERR_PEVENT_NULL  If 'pevent' is a NULL pointer
     45          *                            OS_ERR_Q_EMPTY      The queue did not contain any messages
     46          *
     47          * Returns    : != (void *)0  is the message in the queue if one is available.  The message is removed
     48          *                            from the so the next time OSQAccept() is called, the queue will contain
     49          *                            one less entry.
     50          *              == (void *)0  if you received a NULL pointer message
     51          *                            if the queue is empty or,
     52          *                            if 'pevent' is a NULL pointer or,
     53          *                            if you passed an invalid event type
     54          *
     55          * Note(s)    : As of V2.60, you can now pass NULL pointers through queues.  Because of this, the argument
     56          *              'perr' has been added to the API to tell you about the outcome of the call.
     57          *********************************************************************************************************
     58          */
     59          
     60          #if OS_Q_ACCEPT_EN > 0

   \                                 In section .text, align 2, keep-with-next
     61          void  *OSQAccept (OS_EVENT *pevent, INT8U *perr)
     62          {
   \                     OSQAccept: (+1)
   \   00000000   0xB538             PUSH     {R3-R5,LR}
   \   00000002   0x4605             MOV      R5,R0
   \   00000004   0x460C             MOV      R4,R1
     63              void      *pmsg;
     64              OS_Q      *pq;
     65          #if OS_CRITICAL_METHOD == 3                      /* Allocate storage for CPU status register           */
     66              OS_CPU_SR  cpu_sr = 0;
     67          #endif
     68          
     69          
     70          
     71          #if OS_ARG_CHK_EN > 0
     72              if (perr == (INT8U *)0) {                    /* Validate 'perr'                                    */
     73                  return ((void *)0);
     74              }
     75              if (pevent == (OS_EVENT *)0) {               /* Validate 'pevent'                                  */
     76                  *perr = OS_ERR_PEVENT_NULL;
     77                  return ((void *)0);
     78              }
     79          #endif
     80              if (pevent->OSEventType != OS_EVENT_TYPE_Q) {/* Validate event block type                          */
   \   00000006   0x7828             LDRB     R0,[R5, #+0]
   \   00000008   0x2802             CMP      R0,#+2
   \   0000000A   0xD003             BEQ.N    ??OSQAccept_0
     81                  *perr = OS_ERR_EVENT_TYPE;
   \   0000000C   0x2001             MOVS     R0,#+1
   \   0000000E   0x7020             STRB     R0,[R4, #+0]
     82                  return ((void *)0);
   \   00000010   0x2000             MOVS     R0,#+0
   \   00000012   0xBD32             POP      {R1,R4,R5,PC}
     83              }
     84              OS_ENTER_CRITICAL();
   \                     ??OSQAccept_0: (+1)
   \   00000014   0x.... 0x....      BL       OS_CPU_SR_Save
     85              pq = (OS_Q *)pevent->OSEventPtr;             /* Point at queue control block                       */
   \   00000018   0x6869             LDR      R1,[R5, #+4]
     86              if (pq->OSQEntries > 0) {                    /* See if any messages in the queue                   */
   \   0000001A   0x8ACA             LDRH     R2,[R1, #+22]
   \   0000001C   0x2A00             CMP      R2,#+0
   \   0000001E   0xD00F             BEQ.N    ??OSQAccept_1
     87                  pmsg = *pq->OSQOut++;                    /* Yes, extract oldest message from the queue         */
   \   00000020   0x690A             LDR      R2,[R1, #+16]
   \   00000022   0x1D13             ADDS     R3,R2,#+4
   \   00000024   0x610B             STR      R3,[R1, #+16]
   \   00000026   0x6815             LDR      R5,[R2, #+0]
     88                  pq->OSQEntries--;                        /* Update the number of entries in the queue          */
   \   00000028   0x8ACA             LDRH     R2,[R1, #+22]
   \   0000002A   0x1E52             SUBS     R2,R2,#+1
   \   0000002C   0x82CA             STRH     R2,[R1, #+22]
     89                  if (pq->OSQOut == pq->OSQEnd) {          /* Wrap OUT pointer if we are at the end of the queue */
   \   0000002E   0x690A             LDR      R2,[R1, #+16]
   \   00000030   0x688B             LDR      R3,[R1, #+8]
   \   00000032   0x429A             CMP      R2,R3
   \   00000034   0xD101             BNE.N    ??OSQAccept_2
     90                      pq->OSQOut = pq->OSQStart;
   \   00000036   0x684A             LDR      R2,[R1, #+4]
   \   00000038   0x610A             STR      R2,[R1, #+16]
     91                  }
     92                  *perr = OS_ERR_NONE;
   \                     ??OSQAccept_2: (+1)
   \   0000003A   0x2100             MOVS     R1,#+0
   \   0000003C   0x7021             STRB     R1,[R4, #+0]
   \   0000003E   0xE002             B.N      ??OSQAccept_3
     93              } else {
     94                  *perr = OS_ERR_Q_EMPTY;
   \                     ??OSQAccept_1: (+1)
   \   00000040   0x211F             MOVS     R1,#+31
   \   00000042   0x7021             STRB     R1,[R4, #+0]
     95                  pmsg  = (void *)0;                       /* Queue is empty                                     */
   \   00000044   0x2500             MOVS     R5,#+0
     96              }
     97              OS_EXIT_CRITICAL();
   \                     ??OSQAccept_3: (+1)
   \   00000046   0x.... 0x....      BL       OS_CPU_SR_Restore
     98              return (pmsg);                               /* Return message received (or NULL)                  */
   \   0000004A   0x4628             MOV      R0,R5
   \   0000004C   0xBD32             POP      {R1,R4,R5,PC}    ;; return
     99          }
    100          #endif
    101          /*$PAGE*/
    102          /*
    103          *********************************************************************************************************
    104          *                                        CREATE A MESSAGE QUEUE
    105          *
    106          * Description: This function creates a message queue if free event control blocks are available.
    107          *
    108          * Arguments  : start         is a pointer to the base address of the message queue storage area.  The
    109          *                            storage area MUST be declared as an array of pointers to 'void' as follows
    110          *
    111          *                            void *MessageStorage[size]
    112          *
    113          *              size          is the number of elements in the storage area
    114          *
    115          * Returns    : != (OS_EVENT *)0  is a pointer to the event control clock (OS_EVENT) associated with the
    116          *                                created queue
    117          *              == (OS_EVENT *)0  if no event control blocks were available or an error was detected
    118          *********************************************************************************************************
    119          */
    120          

   \                                 In section .text, align 2, keep-with-next
    121          OS_EVENT  *OSQCreate (void **start, INT16U size)
    122          {
   \                     OSQCreate: (+1)
   \   00000000   0xE92D 0x41F0      PUSH     {R4-R8,LR}
   \   00000004   0x4604             MOV      R4,R0
   \   00000006   0x460D             MOV      R5,R1
    123              OS_EVENT  *pevent;
    124              OS_Q      *pq;
    125          #if OS_CRITICAL_METHOD == 3                      /* Allocate storage for CPU status register           */
    126              OS_CPU_SR  cpu_sr = 0;
    127          #endif
    128          
    129          
    130          
    131              if (OSIntNesting > 0) {                      /* See if called from ISR ...                         */
   \   00000008   0x.... 0x....      LDR.W    R0,??DataTable3
   \   0000000C   0x7800             LDRB     R0,[R0, #+0]
   \   0000000E   0x2800             CMP      R0,#+0
   \   00000010   0xD001             BEQ.N    ??OSQCreate_0
    132                  return ((OS_EVENT *)0);                  /* ... can't CREATE from an ISR                       */
   \   00000012   0x2000             MOVS     R0,#+0
   \   00000014   0xE03D             B.N      ??OSQCreate_1
    133              }
    134              OS_ENTER_CRITICAL();
   \                     ??OSQCreate_0: (+1)
   \   00000016   0x.... 0x....      BL       OS_CPU_SR_Save
    135              pevent = OSEventFreeList;                    /* Get next free event control block                  */
   \   0000001A   0x.... 0x....      LDR.W    R6,??DataTable3_1
   \   0000001E   0x6831             LDR      R1,[R6, #+0]
   \   00000020   0x000F             MOVS     R7,R1
    136              if (OSEventFreeList != (OS_EVENT *)0) {      /* See if pool of free ECB pool was empty             */
   \   00000022   0xD001             BEQ.N    ??OSQCreate_2
    137                  OSEventFreeList = (OS_EVENT *)OSEventFreeList->OSEventPtr;
   \   00000024   0x6849             LDR      R1,[R1, #+4]
   \   00000026   0x6031             STR      R1,[R6, #+0]
    138              }
    139              OS_EXIT_CRITICAL();
   \                     ??OSQCreate_2: (+1)
   \   00000028   0x.... 0x....      BL       OS_CPU_SR_Restore
    140              if (pevent != (OS_EVENT *)0) {               /* See if we have an event control block              */
   \   0000002C   0x2F00             CMP      R7,#+0
   \   0000002E   0xD02F             BEQ.N    ??OSQCreate_3
    141                  OS_ENTER_CRITICAL();
   \   00000030   0x.... 0x....      BL       OS_CPU_SR_Save
    142                  pq = OSQFreeList;                        /* Get a free queue control block                     */
   \   00000034   0x.... 0x....      LDR.W    R1,??DataTable3_2
   \   00000038   0x680A             LDR      R2,[R1, #+0]
   \   0000003A   0x4690             MOV      R8,R2
    143                  if (pq != (OS_Q *)0) {                   /* Were we able to get a queue control block ?        */
   \   0000003C   0xF1B8 0x0F00      CMP      R8,#+0
   \   00000040   0xD020             BEQ.N    ??OSQCreate_4
    144                      OSQFreeList            = OSQFreeList->OSQPtr; /* Yes, Adjust free list pointer to next free*/
   \   00000042   0x6812             LDR      R2,[R2, #+0]
   \   00000044   0x600A             STR      R2,[R1, #+0]
    145                      OS_EXIT_CRITICAL();
   \   00000046   0x.... 0x....      BL       OS_CPU_SR_Restore
    146                      pq->OSQStart           = start;               /*      Initialize the queue                 */
   \   0000004A   0xF8C8 0x4004      STR      R4,[R8, #+4]
    147                      pq->OSQEnd             = &start[size];
   \   0000004E   0xEB04 0x0085      ADD      R0,R4,R5, LSL #+2
   \   00000052   0xF8C8 0x0008      STR      R0,[R8, #+8]
    148                      pq->OSQIn              = start;
   \   00000056   0xF8C8 0x400C      STR      R4,[R8, #+12]
    149                      pq->OSQOut             = start;
   \   0000005A   0xF8C8 0x4010      STR      R4,[R8, #+16]
    150                      pq->OSQSize            = size;
   \   0000005E   0xF8A8 0x5014      STRH     R5,[R8, #+20]
    151                      pq->OSQEntries         = 0;
   \   00000062   0x2000             MOVS     R0,#+0
   \   00000064   0xF8A8 0x0016      STRH     R0,[R8, #+22]
    152                      pevent->OSEventType    = OS_EVENT_TYPE_Q;
   \   00000068   0x2002             MOVS     R0,#+2
   \   0000006A   0x7038             STRB     R0,[R7, #+0]
    153                      pevent->OSEventCnt     = 0;
   \   0000006C   0x2000             MOVS     R0,#+0
   \   0000006E   0x8138             STRH     R0,[R7, #+8]
    154                      pevent->OSEventPtr     = pq;
   \   00000070   0xF8C7 0x8004      STR      R8,[R7, #+4]
    155          #if OS_EVENT_NAME_SIZE > 1
    156                      pevent->OSEventName[0] = '?';                  /* Unknown name                             */
   \   00000074   0x203F             MOVS     R0,#+63
   \   00000076   0x73F8             STRB     R0,[R7, #+15]
    157                      pevent->OSEventName[1] = OS_ASCII_NUL;
   \   00000078   0x2000             MOVS     R0,#+0
   \   0000007A   0x7438             STRB     R0,[R7, #+16]
    158          #endif
    159                      OS_EventWaitListInit(pevent);                 /*      Initalize the wait list              */
   \   0000007C   0x4638             MOV      R0,R7
   \   0000007E   0x.... 0x....      BL       OS_EventWaitListInit
   \   00000082   0xE005             B.N      ??OSQCreate_3
    160                  } else {
    161                      pevent->OSEventPtr = (void *)OSEventFreeList; /* No,  Return event control block on error  */
   \                     ??OSQCreate_4: (+1)
   \   00000084   0x6831             LDR      R1,[R6, #+0]
   \   00000086   0x6079             STR      R1,[R7, #+4]
    162                      OSEventFreeList    = pevent;
   \   00000088   0x6037             STR      R7,[R6, #+0]
    163                      OS_EXIT_CRITICAL();
   \   0000008A   0x.... 0x....      BL       OS_CPU_SR_Restore
    164                      pevent = (OS_EVENT *)0;
   \   0000008E   0x2700             MOVS     R7,#+0
    165                  }
    166              }
    167              return (pevent);
   \                     ??OSQCreate_3: (+1)
   \   00000090   0x4638             MOV      R0,R7
   \                     ??OSQCreate_1: (+1)
   \   00000092   0xE8BD 0x81F0      POP      {R4-R8,PC}       ;; return
    168          }
    169          /*$PAGE*/
    170          /*
    171          *********************************************************************************************************
    172          *                                        DELETE A MESSAGE QUEUE
    173          *
    174          * Description: This function deletes a message queue and readies all tasks pending on the queue.
    175          *
    176          * Arguments  : pevent        is a pointer to the event control block associated with the desired
    177          *                            queue.
    178          *
    179          *              opt           determines delete options as follows:
    180          *                            opt == OS_DEL_NO_PEND   Delete the queue ONLY if no task pending
    181          *                            opt == OS_DEL_ALWAYS    Deletes the queue even if tasks are waiting.
    182          *                                                    In this case, all the tasks pending will be readied.
    183          *
    184          *              perr          is a pointer to an error code that can contain one of the following values:
    185          *                            OS_ERR_NONE             The call was successful and the queue was deleted
    186          *                            OS_ERR_DEL_ISR          If you tried to delete the queue from an ISR
    187          *                            OS_ERR_INVALID_OPT      An invalid option was specified
    188          *                            OS_ERR_TASK_WAITING     One or more tasks were waiting on the queue
    189          *                            OS_ERR_EVENT_TYPE       If you didn't pass a pointer to a queue
    190          *                            OS_ERR_PEVENT_NULL      If 'pevent' is a NULL pointer.
    191          *
    192          * Returns    : pevent        upon error
    193          *              (OS_EVENT *)0 if the queue was successfully deleted.
    194          *
    195          * Note(s)    : 1) This function must be used with care.  Tasks that would normally expect the presence of
    196          *                 the queue MUST check the return code of OSQPend().
    197          *              2) OSQAccept() callers will not know that the intended queue has been deleted unless
    198          *                 they check 'pevent' to see that it's a NULL pointer.
    199          *              3) This call can potentially disable interrupts for a long time.  The interrupt disable
    200          *                 time is directly proportional to the number of tasks waiting on the queue.
    201          *              4) Because ALL tasks pending on the queue will be readied, you MUST be careful in
    202          *                 applications where the queue is used for mutual exclusion because the resource(s)
    203          *                 will no longer be guarded by the queue.
    204          *              5) If the storage for the message queue was allocated dynamically (i.e. using a malloc()
    205          *                 type call) then your application MUST release the memory storage by call the counterpart
    206          *                 call of the dynamic allocation scheme used.  If the queue storage was created statically
    207          *                 then, the storage can be reused.
    208          *********************************************************************************************************
    209          */
    210          
    211          #if OS_Q_DEL_EN > 0

   \                                 In section .text, align 2, keep-with-next
    212          OS_EVENT  *OSQDel (OS_EVENT *pevent, INT8U opt, INT8U *perr)
    213          {
   \                     OSQDel: (+1)
   \   00000000   0xE92D 0x41F0      PUSH     {R4-R8,LR}
   \   00000004   0x4604             MOV      R4,R0
   \   00000006   0x460E             MOV      R6,R1
   \   00000008   0x4615             MOV      R5,R2
    214              BOOLEAN    tasks_waiting;
    215              OS_EVENT  *pevent_return;
    216              OS_Q      *pq;
    217          #if OS_CRITICAL_METHOD == 3                                /* Allocate storage for CPU status register */
    218              OS_CPU_SR  cpu_sr = 0;
    219          #endif
    220          
    221          
    222          
    223          #if OS_ARG_CHK_EN > 0
    224              if (perr == (INT8U *)0) {                              /* Validate 'perr'                          */
    225                  return (pevent);
    226              }
    227              if (pevent == (OS_EVENT *)0) {                         /* Validate 'pevent'                        */
    228                  *perr = OS_ERR_PEVENT_NULL;
    229                  return (pevent);
    230              }
    231          #endif
    232              if (pevent->OSEventType != OS_EVENT_TYPE_Q) {          /* Validate event block type                */
   \   0000000A   0x7820             LDRB     R0,[R4, #+0]
   \   0000000C   0x2802             CMP      R0,#+2
   \   0000000E   0xD003             BEQ.N    ??OSQDel_0
    233                  *perr = OS_ERR_EVENT_TYPE;
   \   00000010   0x2001             MOVS     R0,#+1
   \   00000012   0x7028             STRB     R0,[R5, #+0]
    234                  return (pevent);
   \   00000014   0x4620             MOV      R0,R4
   \   00000016   0xE06A             B.N      ??OSQDel_1
    235              }
    236              if (OSIntNesting > 0) {                                /* See if called from ISR ...               */
   \                     ??OSQDel_0: (+1)
   \   00000018   0x.... 0x....      LDR.W    R0,??DataTable3
   \   0000001C   0x7800             LDRB     R0,[R0, #+0]
   \   0000001E   0x2800             CMP      R0,#+0
   \   00000020   0xD003             BEQ.N    ??OSQDel_2
    237                  *perr = OS_ERR_DEL_ISR;                            /* ... can't DELETE from an ISR             */
   \   00000022   0x200F             MOVS     R0,#+15
   \   00000024   0x7028             STRB     R0,[R5, #+0]
    238                  return (pevent);
   \   00000026   0x4620             MOV      R0,R4
   \   00000028   0xE061             B.N      ??OSQDel_1
    239              }
    240              OS_ENTER_CRITICAL();
   \                     ??OSQDel_2: (+1)
   \   0000002A   0x.... 0x....      BL       OS_CPU_SR_Save
   \   0000002E   0x4607             MOV      R7,R0
    241              if (pevent->OSEventGrp != 0) {                         /* See if any tasks waiting on queue        */
   \   00000030   0x7AA0             LDRB     R0,[R4, #+10]
   \   00000032   0xF1B0 0x0801      SUBS     R8,R0,#+1
   \   00000036   0xEB68 0x0808      SBC      R8,R8,R8
   \   0000003A   0xEA6F 0x0808      MVN      R8,R8
   \   0000003E   0xEA4F 0x78D8      LSR      R8,R8,#+31
    242                  tasks_waiting = OS_TRUE;                           /* Yes                                      */
    243              } else {
    244                  tasks_waiting = OS_FALSE;                          /* No                                       */
    245              }
    246              switch (opt) {
   \   00000042   0x2E00             CMP      R6,#+0
   \   00000044   0xD002             BEQ.N    ??OSQDel_3
   \   00000046   0x2E01             CMP      R6,#+1
   \   00000048   0xD029             BEQ.N    ??OSQDel_4
   \   0000004A   0xE04A             B.N      ??OSQDel_5
    247                  case OS_DEL_NO_PEND:                               /* Delete queue only if no task waiting     */
    248                       if (tasks_waiting == OS_FALSE) {
   \                     ??OSQDel_3: (+1)
   \   0000004C   0xF1B8 0x0F00      CMP      R8,#+0
   \   00000050   0xD119             BNE.N    ??OSQDel_6
    249          #if OS_EVENT_NAME_SIZE > 1
    250                           pevent->OSEventName[0] = '?';             /* Unknown name                             */
   \   00000052   0x203F             MOVS     R0,#+63
   \   00000054   0x73E0             STRB     R0,[R4, #+15]
    251                           pevent->OSEventName[1] = OS_ASCII_NUL;
   \   00000056   0x2000             MOVS     R0,#+0
   \   00000058   0x7420             STRB     R0,[R4, #+16]
    252          #endif
    253                           pq                     = (OS_Q *)pevent->OSEventPtr;  /* Return OS_Q to free list     */
   \   0000005A   0x6860             LDR      R0,[R4, #+4]
    254                           pq->OSQPtr             = OSQFreeList;
   \   0000005C   0x.... 0x....      LDR.W    R1,??DataTable3_2
   \   00000060   0x680A             LDR      R2,[R1, #+0]
   \   00000062   0x6002             STR      R2,[R0, #+0]
    255                           OSQFreeList            = pq;
   \   00000064   0x6008             STR      R0,[R1, #+0]
    256                           pevent->OSEventType    = OS_EVENT_TYPE_UNUSED;
   \   00000066   0x2000             MOVS     R0,#+0
   \   00000068   0x7020             STRB     R0,[R4, #+0]
    257                           pevent->OSEventPtr     = OSEventFreeList; /* Return Event Control Block to free list  */
   \   0000006A   0x.... 0x....      LDR.W    R0,??DataTable3_1
   \   0000006E   0x6801             LDR      R1,[R0, #+0]
   \   00000070   0x6061             STR      R1,[R4, #+4]
    258                           pevent->OSEventCnt     = 0;
   \   00000072   0x2100             MOVS     R1,#+0
   \   00000074   0x8121             STRH     R1,[R4, #+8]
    259                           OSEventFreeList        = pevent;          /* Get next free event control block        */
   \   00000076   0x6004             STR      R4,[R0, #+0]
    260                           OS_EXIT_CRITICAL();
   \   00000078   0x4638             MOV      R0,R7
   \   0000007A   0x.... 0x....      BL       OS_CPU_SR_Restore
    261                           *perr                  = OS_ERR_NONE;
   \   0000007E   0x2000             MOVS     R0,#+0
   \   00000080   0x7028             STRB     R0,[R5, #+0]
    262                           pevent_return          = (OS_EVENT *)0;   /* Queue has been deleted                   */
   \   00000082   0x4604             MOV      R4,R0
   \   00000084   0xE032             B.N      ??OSQDel_7
    263                       } else {
    264                           OS_EXIT_CRITICAL();
   \                     ??OSQDel_6: (+1)
   \   00000086   0x4638             MOV      R0,R7
   \   00000088   0x.... 0x....      BL       OS_CPU_SR_Restore
    265                           *perr                  = OS_ERR_TASK_WAITING;
   \   0000008C   0x2049             MOVS     R0,#+73
   \   0000008E   0x7028             STRB     R0,[R5, #+0]
    266                           pevent_return          = pevent;
   \   00000090   0xE02C             B.N      ??OSQDel_7
    267                       }
    268                       break;
    269          
    270                  case OS_DEL_ALWAYS:                                /* Always delete the queue                  */
    271                       while (pevent->OSEventGrp != 0) {             /* Ready ALL tasks waiting for queue        */
    272                           (void)OS_EventTaskRdy(pevent, (void *)0, OS_STAT_Q, OS_STAT_PEND_OK);
   \                     ??OSQDel_8: (+1)
   \   00000092   0x2300             MOVS     R3,#+0
   \   00000094   0x2204             MOVS     R2,#+4
   \   00000096   0x4619             MOV      R1,R3
   \   00000098   0x4620             MOV      R0,R4
   \   0000009A   0x.... 0x....      BL       OS_EventTaskRdy
    273                       }
   \                     ??OSQDel_4: (+1)
   \   0000009E   0x7AA0             LDRB     R0,[R4, #+10]
   \   000000A0   0x2800             CMP      R0,#+0
   \   000000A2   0xD1F6             BNE.N    ??OSQDel_8
    274          #if OS_EVENT_NAME_SIZE > 1
    275                       pevent->OSEventName[0] = '?';                 /* Unknown name                             */
   \   000000A4   0x203F             MOVS     R0,#+63
   \   000000A6   0x73E0             STRB     R0,[R4, #+15]
    276                       pevent->OSEventName[1] = OS_ASCII_NUL;
   \   000000A8   0x2000             MOVS     R0,#+0
   \   000000AA   0x7420             STRB     R0,[R4, #+16]
    277          #endif
    278                       pq                     = (OS_Q *)pevent->OSEventPtr;   /* Return OS_Q to free list        */
   \   000000AC   0x6860             LDR      R0,[R4, #+4]
    279                       pq->OSQPtr             = OSQFreeList;
   \   000000AE   0x.... 0x....      LDR.W    R1,??DataTable3_2
   \   000000B2   0x680A             LDR      R2,[R1, #+0]
   \   000000B4   0x6002             STR      R2,[R0, #+0]
    280                       OSQFreeList            = pq;
   \   000000B6   0x6008             STR      R0,[R1, #+0]
    281                       pevent->OSEventType    = OS_EVENT_TYPE_UNUSED;
   \   000000B8   0x2000             MOVS     R0,#+0
   \   000000BA   0x7020             STRB     R0,[R4, #+0]
    282                       pevent->OSEventPtr     = OSEventFreeList;     /* Return Event Control Block to free list  */
   \   000000BC   0x.... 0x....      LDR.W    R0,??DataTable3_1
   \   000000C0   0x6801             LDR      R1,[R0, #+0]
   \   000000C2   0x6061             STR      R1,[R4, #+4]
    283                       pevent->OSEventCnt     = 0;
   \   000000C4   0x2100             MOVS     R1,#+0
   \   000000C6   0x8121             STRH     R1,[R4, #+8]
    284                       OSEventFreeList        = pevent;              /* Get next free event control block        */
   \   000000C8   0x6004             STR      R4,[R0, #+0]
    285                       OS_EXIT_CRITICAL();
   \   000000CA   0x4638             MOV      R0,R7
   \   000000CC   0x.... 0x....      BL       OS_CPU_SR_Restore
    286                       if (tasks_waiting == OS_TRUE) {               /* Reschedule only if task(s) were waiting  */
   \   000000D0   0xF1B8 0x0F01      CMP      R8,#+1
   \   000000D4   0xD101             BNE.N    ??OSQDel_9
    287                           OS_Sched();                               /* Find highest priority task ready to run  */
   \   000000D6   0x.... 0x....      BL       OS_Sched
    288                       }
    289                       *perr                  = OS_ERR_NONE;
   \                     ??OSQDel_9: (+1)
   \   000000DA   0x2000             MOVS     R0,#+0
   \   000000DC   0x7028             STRB     R0,[R5, #+0]
    290                       pevent_return          = (OS_EVENT *)0;       /* Queue has been deleted                   */
   \   000000DE   0x4604             MOV      R4,R0
    291                       break;
   \   000000E0   0xE004             B.N      ??OSQDel_7
    292          
    293                  default:
    294                       OS_EXIT_CRITICAL();
   \                     ??OSQDel_5: (+1)
   \   000000E2   0x4638             MOV      R0,R7
   \   000000E4   0x.... 0x....      BL       OS_CPU_SR_Restore
    295                       *perr                  = OS_ERR_INVALID_OPT;
   \   000000E8   0x2007             MOVS     R0,#+7
   \   000000EA   0x7028             STRB     R0,[R5, #+0]
    296                       pevent_return          = pevent;
    297                       break;
    298              }
    299              return (pevent_return);
   \                     ??OSQDel_7: (+1)
   \   000000EC   0x4620             MOV      R0,R4
   \                     ??OSQDel_1: (+1)
   \   000000EE   0xE8BD 0x81F0      POP      {R4-R8,PC}       ;; return
    300          }
    301          #endif
    302          
    303          /*$PAGE*/
    304          /*
    305          *********************************************************************************************************
    306          *                                             FLUSH QUEUE
    307          *
    308          * Description : This function is used to flush the contents of the message queue.
    309          *
    310          * Arguments   : none
    311          *
    312          * Returns     : OS_ERR_NONE         upon success
    313          *               OS_ERR_EVENT_TYPE   If you didn't pass a pointer to a queue
    314          *               OS_ERR_PEVENT_NULL  If 'pevent' is a NULL pointer
    315          *
    316          * WARNING     : You should use this function with great care because, when to flush the queue, you LOOSE
    317          *               the references to what the queue entries are pointing to and thus, you could cause
    318          *               'memory leaks'.  In other words, the data you are pointing to that's being referenced
    319          *               by the queue entries should, most likely, need to be de-allocated (i.e. freed).
    320          *********************************************************************************************************
    321          */
    322          
    323          #if OS_Q_FLUSH_EN > 0

   \                                 In section .text, align 2, keep-with-next
    324          INT8U  OSQFlush (OS_EVENT *pevent)
    325          {
   \                     OSQFlush: (+1)
   \   00000000   0xB510             PUSH     {R4,LR}
   \   00000002   0x4604             MOV      R4,R0
    326              OS_Q      *pq;
    327          #if OS_CRITICAL_METHOD == 3                           /* Allocate storage for CPU status register      */
    328              OS_CPU_SR  cpu_sr = 0;
    329          #endif
    330          
    331          
    332          
    333          #if OS_ARG_CHK_EN > 0
    334              if (pevent == (OS_EVENT *)0) {                    /* Validate 'pevent'                             */
    335                  return (OS_ERR_PEVENT_NULL);
    336              }
    337              if (pevent->OSEventType != OS_EVENT_TYPE_Q) {     /* Validate event block type                     */
    338                  return (OS_ERR_EVENT_TYPE);
    339              }
    340          #endif
    341              OS_ENTER_CRITICAL();
   \   00000004   0x.... 0x....      BL       OS_CPU_SR_Save
    342              pq             = (OS_Q *)pevent->OSEventPtr;      /* Point to queue storage structure              */
   \   00000008   0x6861             LDR      R1,[R4, #+4]
    343              pq->OSQIn      = pq->OSQStart;
   \   0000000A   0x684A             LDR      R2,[R1, #+4]
   \   0000000C   0x60CA             STR      R2,[R1, #+12]
    344              pq->OSQOut     = pq->OSQStart;
   \   0000000E   0x684A             LDR      R2,[R1, #+4]
   \   00000010   0x610A             STR      R2,[R1, #+16]
    345              pq->OSQEntries = 0;
   \   00000012   0x2200             MOVS     R2,#+0
   \   00000014   0x82CA             STRH     R2,[R1, #+22]
    346              OS_EXIT_CRITICAL();
   \   00000016   0x.... 0x....      BL       OS_CPU_SR_Restore
    347              return (OS_ERR_NONE);
   \   0000001A   0x2000             MOVS     R0,#+0
   \   0000001C   0xBD10             POP      {R4,PC}          ;; return
    348          }
    349          #endif
    350          
    351          /*$PAGE*/
    352          /*
    353          *********************************************************************************************************
    354          *                                     PEND ON A QUEUE FOR A MESSAGE
    355          *
    356          * Description: This function waits for a message to be sent to a queue
    357          *
    358          * Arguments  : pevent        is a pointer to the event control block associated with the desired queue
    359          *
    360          *              timeout       is an optional timeout period (in clock ticks).  If non-zero, your task will
    361          *                            wait for a message to arrive at the queue up to the amount of time
    362          *                            specified by this argument.  If you specify 0, however, your task will wait
    363          *                            forever at the specified queue or, until a message arrives.
    364          *
    365          *              perr          is a pointer to where an error message will be deposited.  Possible error
    366          *                            messages are:
    367          *
    368          *                            OS_ERR_NONE         The call was successful and your task received a
    369          *                                                message.
    370          *                            OS_ERR_TIMEOUT      A message was not received within the specified 'timeout'.
    371          *                            OS_ERR_PEND_ABORT   The wait on the queue was aborted.
    372          *                            OS_ERR_EVENT_TYPE   You didn't pass a pointer to a queue
    373          *                            OS_ERR_PEVENT_NULL  If 'pevent' is a NULL pointer
    374          *                            OS_ERR_PEND_ISR     If you called this function from an ISR and the result
    375          *                                                would lead to a suspension.
    376          *                            OS_ERR_PEND_LOCKED  If you called this function with the scheduler is locked
    377          *
    378          * Returns    : != (void *)0  is a pointer to the message received
    379          *              == (void *)0  if you received a NULL pointer message or,
    380          *                            if no message was received or,
    381          *                            if 'pevent' is a NULL pointer or,
    382          *                            if you didn't pass a pointer to a queue.
    383          *
    384          * Note(s)    : As of V2.60, this function allows you to receive NULL pointer messages.
    385          *********************************************************************************************************
    386          */
    387          

   \                                 In section .text, align 2, keep-with-next
    388          void  *OSQPend (OS_EVENT *pevent, INT16U timeout, INT8U *perr)
    389          {
   \                     OSQPend: (+1)
   \   00000000   0xE92D 0x41F0      PUSH     {R4-R8,LR}
   \   00000004   0x4606             MOV      R6,R0
   \   00000006   0x460F             MOV      R7,R1
   \   00000008   0x4614             MOV      R4,R2
    390              void      *pmsg;
    391              OS_Q      *pq;
    392          #if OS_CRITICAL_METHOD == 3                      /* Allocate storage for CPU status register           */
    393              OS_CPU_SR  cpu_sr = 0;
    394          #endif
    395          
    396          
    397          
    398          #if OS_ARG_CHK_EN > 0
    399              if (perr == (INT8U *)0) {                    /* Validate 'perr'                                    */
    400                  return ((void *)0);
    401              }
    402              if (pevent == (OS_EVENT *)0) {               /* Validate 'pevent'                                  */
    403                  *perr = OS_ERR_PEVENT_NULL;
    404                  return ((void *)0);
    405              }
    406          #endif
    407              if (pevent->OSEventType != OS_EVENT_TYPE_Q) {/* Validate event block type                          */
   \   0000000A   0x7830             LDRB     R0,[R6, #+0]
   \   0000000C   0x2802             CMP      R0,#+2
   \   0000000E   0xD003             BEQ.N    ??OSQPend_0
    408                  *perr = OS_ERR_EVENT_TYPE;
   \   00000010   0x2001             MOVS     R0,#+1
   \   00000012   0x7020             STRB     R0,[R4, #+0]
    409                  return ((void *)0);
   \   00000014   0x2000             MOVS     R0,#+0
   \   00000016   0xE075             B.N      ??OSQPend_1
    410              }
    411              if (OSIntNesting > 0) {                      /* See if called from ISR ...                         */
   \                     ??OSQPend_0: (+1)
   \   00000018   0x....             LDR.N    R0,??DataTable3
   \   0000001A   0x7800             LDRB     R0,[R0, #+0]
   \   0000001C   0x2800             CMP      R0,#+0
   \   0000001E   0xD003             BEQ.N    ??OSQPend_2
    412                  *perr = OS_ERR_PEND_ISR;                 /* ... can't PEND from an ISR                         */
   \   00000020   0x2002             MOVS     R0,#+2
   \   00000022   0x7020             STRB     R0,[R4, #+0]
    413                  return ((void *)0);
   \   00000024   0x2000             MOVS     R0,#+0
   \   00000026   0xE06D             B.N      ??OSQPend_1
    414              }
    415              if (OSLockNesting > 0) {                     /* See if called with scheduler locked ...            */
   \                     ??OSQPend_2: (+1)
   \   00000028   0x....             LDR.N    R0,??DataTable3_3
   \   0000002A   0x7800             LDRB     R0,[R0, #+0]
   \   0000002C   0x2800             CMP      R0,#+0
   \   0000002E   0xD003             BEQ.N    ??OSQPend_3
    416                  *perr = OS_ERR_PEND_LOCKED;              /* ... can't PEND when locked                         */
   \   00000030   0x200D             MOVS     R0,#+13
   \   00000032   0x7020             STRB     R0,[R4, #+0]
    417                  return ((void *)0);
   \   00000034   0x2000             MOVS     R0,#+0
   \   00000036   0xE065             B.N      ??OSQPend_1
    418              }
    419              OS_ENTER_CRITICAL();
   \                     ??OSQPend_3: (+1)
   \   00000038   0x.... 0x....      BL       OS_CPU_SR_Save
   \   0000003C   0x4605             MOV      R5,R0
    420              pq = (OS_Q *)pevent->OSEventPtr;             /* Point at queue control block                       */
   \   0000003E   0x6870             LDR      R0,[R6, #+4]
    421              if (pq->OSQEntries > 0) {                    /* See if any messages in the queue                   */
   \   00000040   0x8AC1             LDRH     R1,[R0, #+22]
   \   00000042   0x2900             CMP      R1,#+0
   \   00000044   0xD013             BEQ.N    ??OSQPend_4
    422                  pmsg = *pq->OSQOut++;                    /* Yes, extract oldest message from the queue         */
   \   00000046   0x6901             LDR      R1,[R0, #+16]
   \   00000048   0x1D0A             ADDS     R2,R1,#+4
   \   0000004A   0x6102             STR      R2,[R0, #+16]
   \   0000004C   0x680E             LDR      R6,[R1, #+0]
    423                  pq->OSQEntries--;                        /* Update the number of entries in the queue          */
   \   0000004E   0x8AC1             LDRH     R1,[R0, #+22]
   \   00000050   0x1E49             SUBS     R1,R1,#+1
   \   00000052   0x82C1             STRH     R1,[R0, #+22]
    424                  if (pq->OSQOut == pq->OSQEnd) {          /* Wrap OUT pointer if we are at the end of the queue */
   \   00000054   0x6901             LDR      R1,[R0, #+16]
   \   00000056   0x6882             LDR      R2,[R0, #+8]
   \   00000058   0x4291             CMP      R1,R2
   \   0000005A   0xD101             BNE.N    ??OSQPend_5
    425                      pq->OSQOut = pq->OSQStart;
   \   0000005C   0x6841             LDR      R1,[R0, #+4]
   \   0000005E   0x6101             STR      R1,[R0, #+16]
    426                  }
    427                  OS_EXIT_CRITICAL();
   \                     ??OSQPend_5: (+1)
   \   00000060   0x4628             MOV      R0,R5
   \   00000062   0x.... 0x....      BL       OS_CPU_SR_Restore
    428                  *perr = OS_ERR_NONE;
   \   00000066   0x2000             MOVS     R0,#+0
   \   00000068   0x7020             STRB     R0,[R4, #+0]
    429                  return (pmsg);                           /* Return message received                            */
   \   0000006A   0x4630             MOV      R0,R6
   \   0000006C   0xE04A             B.N      ??OSQPend_1
    430              }
    431              OSTCBCur->OSTCBStat     |= OS_STAT_Q;        /* Task will have to pend for a message to be posted  */
   \                     ??OSQPend_4: (+1)
   \   0000006E   0x.... 0x....      LDR.W    R8,??DataTable3_4
   \   00000072   0xF8D8 0x0000      LDR      R0,[R8, #+0]
   \   00000076   0xF890 0x1030      LDRB     R1,[R0, #+48]
   \   0000007A   0xF041 0x0104      ORR      R1,R1,#0x4
   \   0000007E   0xF880 0x1030      STRB     R1,[R0, #+48]
    432              OSTCBCur->OSTCBStatPend  = OS_STAT_PEND_OK;
   \   00000082   0x2000             MOVS     R0,#+0
   \   00000084   0xF8D8 0x1000      LDR      R1,[R8, #+0]
   \   00000088   0xF881 0x0031      STRB     R0,[R1, #+49]
    433              OSTCBCur->OSTCBDly       = timeout;          /* Load timeout into TCB                              */
   \   0000008C   0xF8D8 0x0000      LDR      R0,[R8, #+0]
   \   00000090   0x85C7             STRH     R7,[R0, #+46]
    434              OS_EventTaskWait(pevent);                    /* Suspend task until event or timeout occurs         */
   \   00000092   0x4630             MOV      R0,R6
   \   00000094   0x.... 0x....      BL       OS_EventTaskWait
    435              OS_EXIT_CRITICAL();
   \   00000098   0x4628             MOV      R0,R5
   \   0000009A   0x.... 0x....      BL       OS_CPU_SR_Restore
    436              OS_Sched();                                  /* Find next highest priority task ready to run       */
   \   0000009E   0x.... 0x....      BL       OS_Sched
    437              OS_ENTER_CRITICAL();
   \   000000A2   0x.... 0x....      BL       OS_CPU_SR_Save
   \   000000A6   0x4605             MOV      R5,R0
    438              switch (OSTCBCur->OSTCBStatPend) {                /* See if we timed-out or aborted                */
   \   000000A8   0xF8D8 0x0000      LDR      R0,[R8, #+0]
   \   000000AC   0xF100 0x0124      ADD      R1,R0,#+36
   \   000000B0   0x7B4A             LDRB     R2,[R1, #+13]
   \   000000B2   0x2A00             CMP      R2,#+0
   \   000000B4   0xD002             BEQ.N    ??OSQPend_6
   \   000000B6   0x2A02             CMP      R2,#+2
   \   000000B8   0xD004             BEQ.N    ??OSQPend_7
   \   000000BA   0xE007             B.N      ??OSQPend_8
    439                  case OS_STAT_PEND_OK:                         /* Extract message from TCB (Put there by QPost) */
    440                       pmsg =  OSTCBCur->OSTCBMsg;
   \                     ??OSQPend_6: (+1)
   \   000000BC   0x680E             LDR      R6,[R1, #+0]
    441                      *perr =  OS_ERR_NONE;
   \   000000BE   0x2000             MOVS     R0,#+0
   \   000000C0   0x7020             STRB     R0,[R4, #+0]
    442                       break;
   \   000000C2   0xE009             B.N      ??OSQPend_9
    443          
    444                  case OS_STAT_PEND_ABORT:
    445                       pmsg = (void *)0;
   \                     ??OSQPend_7: (+1)
   \   000000C4   0x2600             MOVS     R6,#+0
    446                      *perr =  OS_ERR_PEND_ABORT;               /* Indicate that we aborted                      */
   \   000000C6   0x200E             MOVS     R0,#+14
   \   000000C8   0x7020             STRB     R0,[R4, #+0]
    447                       break;
   \   000000CA   0xE005             B.N      ??OSQPend_9
    448          
    449                  case OS_STAT_PEND_TO:
    450                  default:
    451                       OS_EventTaskRemove(OSTCBCur, pevent);
   \                     ??OSQPend_8: (+1)
   \   000000CC   0x4631             MOV      R1,R6
   \   000000CE   0x.... 0x....      BL       OS_EventTaskRemove
    452                       pmsg = (void *)0;
   \   000000D2   0x2600             MOVS     R6,#+0
    453                      *perr =  OS_ERR_TIMEOUT;                  /* Indicate that we didn't get event within TO   */
   \   000000D4   0x200A             MOVS     R0,#+10
   \   000000D6   0x7020             STRB     R0,[R4, #+0]
    454                       break;
    455              }
    456              OSTCBCur->OSTCBStat          =  OS_STAT_RDY;      /* Set   task  status to ready                   */
   \                     ??OSQPend_9: (+1)
   \   000000D8   0x2000             MOVS     R0,#+0
   \   000000DA   0xF8D8 0x1000      LDR      R1,[R8, #+0]
   \   000000DE   0xF881 0x0030      STRB     R0,[R1, #+48]
    457              OSTCBCur->OSTCBStatPend      =  OS_STAT_PEND_OK;  /* Clear pend  status                            */
   \   000000E2   0xF8D8 0x1000      LDR      R1,[R8, #+0]
   \   000000E6   0xF881 0x0031      STRB     R0,[R1, #+49]
    458              OSTCBCur->OSTCBEventPtr      = (OS_EVENT  *)0;    /* Clear event pointers                          */
   \   000000EA   0xF8D8 0x1000      LDR      R1,[R8, #+0]
   \   000000EE   0x61C8             STR      R0,[R1, #+28]
    459          #if (OS_EVENT_MULTI_EN > 0)
    460              OSTCBCur->OSTCBEventMultiPtr = (OS_EVENT **)0;
   \   000000F0   0xF8D8 0x1000      LDR      R1,[R8, #+0]
   \   000000F4   0x6208             STR      R0,[R1, #+32]
    461          #endif
    462              OSTCBCur->OSTCBMsg           = (void      *)0;    /* Clear  received message                       */
   \   000000F6   0xF8D8 0x1000      LDR      R1,[R8, #+0]
   \   000000FA   0x6248             STR      R0,[R1, #+36]
    463              OS_EXIT_CRITICAL();
   \   000000FC   0x4628             MOV      R0,R5
   \   000000FE   0x.... 0x....      BL       OS_CPU_SR_Restore
    464              return (pmsg);                                    /* Return received message                       */
   \   00000102   0x4630             MOV      R0,R6
   \                     ??OSQPend_1: (+1)
   \   00000104   0xE8BD 0x81F0      POP      {R4-R8,PC}       ;; return
    465          }
    466          /*$PAGE*/
    467          /*
    468          *********************************************************************************************************
    469          *                                      ABORT WAITING ON A MESSAGE QUEUE
    470          *
    471          * Description: This function aborts & readies any tasks currently waiting on a queue.  This function 
    472          *              should be used to fault-abort the wait on the queue, rather than to normally signal
    473          *              the queue via OSQPost(), OSQPostFront() or OSQPostOpt().
    474          *
    475          * Arguments  : pevent        is a pointer to the event control block associated with the desired queue.
    476          *
    477          *              opt           determines the type of ABORT performed:
    478          *                            OS_PEND_OPT_NONE         ABORT wait for a single task (HPT) waiting on the
    479          *                                                     queue
    480          *                            OS_PEND_OPT_BROADCAST    ABORT wait for ALL tasks that are  waiting on the
    481          *                                                     queue
    482          *
    483          *              perr          is a pointer to where an error message will be deposited.  Possible error
    484          *                            messages are:
    485          *
    486          *                            OS_ERR_NONE         No tasks were     waiting on the queue.
    487          *                            OS_ERR_PEND_ABORT   At least one task waiting on the queue was readied
    488          *                                                and informed of the aborted wait; check return value 
    489          *                                                for the number of tasks whose wait on the queue 
    490          *                                                was aborted.
    491          *                            OS_ERR_EVENT_TYPE   If you didn't pass a pointer to a queue.
    492          *                            OS_ERR_PEVENT_NULL  If 'pevent' is a NULL pointer.
    493          *
    494          * Returns    : == 0          if no tasks were waiting on the queue, or upon error.
    495          *              >  0          if one or more tasks waiting on the queue are now readied and informed.
    496          *********************************************************************************************************
    497          */
    498          
    499          #if OS_Q_PEND_ABORT_EN > 0

   \                                 In section .text, align 2, keep-with-next
    500          INT8U  OSQPendAbort (OS_EVENT *pevent, INT8U opt, INT8U *perr)
    501          {
   \                     OSQPendAbort: (+1)
   \   00000000   0xE92D 0x41F0      PUSH     {R4-R8,LR}
   \   00000004   0x4605             MOV      R5,R0
   \   00000006   0x460E             MOV      R6,R1
   \   00000008   0x4614             MOV      R4,R2
    502              INT8U      nbr_tasks;
    503          #if OS_CRITICAL_METHOD == 3                                /* Allocate storage for CPU status register */
    504              OS_CPU_SR  cpu_sr = 0;
    505          #endif
    506          
    507          
    508          
    509          #if OS_ARG_CHK_EN > 0
    510              if (perr == (INT8U *)0) {                              /* Validate 'perr'                          */
    511                  return (0);
    512              }
    513              if (pevent == (OS_EVENT *)0) {                         /* Validate 'pevent'                        */
    514                  *perr = OS_ERR_PEVENT_NULL;
    515                  return (0);
    516              }
    517          #endif
    518              if (pevent->OSEventType != OS_EVENT_TYPE_Q) {          /* Validate event block type                */
   \   0000000A   0x7828             LDRB     R0,[R5, #+0]
   \   0000000C   0x2802             CMP      R0,#+2
   \   0000000E   0xD003             BEQ.N    ??OSQPendAbort_0
    519                  *perr = OS_ERR_EVENT_TYPE;
   \   00000010   0x2001             MOVS     R0,#+1
   \   00000012   0x7020             STRB     R0,[R4, #+0]
    520                  return (0);
   \   00000014   0x2000             MOVS     R0,#+0
   \   00000016   0xE02C             B.N      ??OSQPendAbort_1
    521              }
    522              OS_ENTER_CRITICAL();
   \                     ??OSQPendAbort_0: (+1)
   \   00000018   0x.... 0x....      BL       OS_CPU_SR_Save
   \   0000001C   0x4607             MOV      R7,R0
    523              if (pevent->OSEventGrp != 0) {                         /* See if any task waiting on queue?        */
   \   0000001E   0x7AA8             LDRB     R0,[R5, #+10]
   \   00000020   0x2800             CMP      R0,#+0
   \   00000022   0xD021             BEQ.N    ??OSQPendAbort_2
    524                  nbr_tasks = 0;
   \   00000024   0xF04F 0x0800      MOV      R8,#+0
    525                  switch (opt) {
   \   00000028   0x2E01             CMP      R6,#+1
   \   0000002A   0xD10B             BNE.N    ??OSQPendAbort_3
    526                      case OS_PEND_OPT_BROADCAST:                    /* Do we need to abort ALL waiting tasks?   */
    527                           while (pevent->OSEventGrp != 0) {         /* Yes, ready ALL tasks waiting on queue    */
   \                     ??OSQPendAbort_4: (+1)
   \   0000002C   0x7AA8             LDRB     R0,[R5, #+10]
   \   0000002E   0x2800             CMP      R0,#+0
   \   00000030   0xD010             BEQ.N    ??OSQPendAbort_5
    528                               (void)OS_EventTaskRdy(pevent, (void *)0, OS_STAT_Q, OS_STAT_PEND_ABORT);
   \   00000032   0x2302             MOVS     R3,#+2
   \   00000034   0x2204             MOVS     R2,#+4
   \   00000036   0x2100             MOVS     R1,#+0
   \   00000038   0x4628             MOV      R0,R5
   \   0000003A   0x.... 0x....      BL       OS_EventTaskRdy
    529                               nbr_tasks++;
   \   0000003E   0xF108 0x0801      ADD      R8,R8,#+1
   \   00000042   0xE7F3             B.N      ??OSQPendAbort_4
    530                           }
    531                           break;
    532                         
    533                      case OS_PEND_OPT_NONE:
    534                      default:                                       /* No,  ready HPT       waiting on queue    */
    535                           (void)OS_EventTaskRdy(pevent, (void *)0, OS_STAT_Q, OS_STAT_PEND_ABORT);
   \                     ??OSQPendAbort_3: (+1)
   \   00000044   0x2302             MOVS     R3,#+2
   \   00000046   0x2204             MOVS     R2,#+4
   \   00000048   0x4641             MOV      R1,R8
   \   0000004A   0x4628             MOV      R0,R5
   \   0000004C   0x.... 0x....      BL       OS_EventTaskRdy
    536                           nbr_tasks++;
   \   00000050   0xF04F 0x0801      MOV      R8,#+1
    537                           break;
    538                  }
    539                  OS_EXIT_CRITICAL();
   \                     ??OSQPendAbort_5: (+1)
   \   00000054   0x4638             MOV      R0,R7
   \   00000056   0x.... 0x....      BL       OS_CPU_SR_Restore
    540                  OS_Sched();                                        /* Find HPT ready to run                    */
   \   0000005A   0x.... 0x....      BL       OS_Sched
    541                  *perr = OS_ERR_PEND_ABORT;
   \   0000005E   0x200E             MOVS     R0,#+14
   \   00000060   0x7020             STRB     R0,[R4, #+0]
    542                  return (nbr_tasks);
   \   00000062   0x4640             MOV      R0,R8
   \   00000064   0xB2C0             UXTB     R0,R0
   \   00000066   0xE004             B.N      ??OSQPendAbort_1
    543              }
    544              OS_EXIT_CRITICAL();
   \                     ??OSQPendAbort_2: (+1)
   \   00000068   0x4638             MOV      R0,R7
   \   0000006A   0x.... 0x....      BL       OS_CPU_SR_Restore
    545              *perr = OS_ERR_NONE;
   \   0000006E   0x2000             MOVS     R0,#+0
   \   00000070   0x7020             STRB     R0,[R4, #+0]
    546              return (0);                                            /* No tasks waiting on queue                */
   \                     ??OSQPendAbort_1: (+1)
   \   00000072   0xE8BD 0x81F0      POP      {R4-R8,PC}       ;; return
    547          }
    548          #endif
    549          
    550          /*$PAGE*/
    551          /*
    552          *********************************************************************************************************
    553          *                                        POST MESSAGE TO A QUEUE
    554          *
    555          * Description: This function sends a message to a queue
    556          *
    557          * Arguments  : pevent        is a pointer to the event control block associated with the desired queue
    558          *
    559          *              pmsg          is a pointer to the message to send.
    560          *
    561          * Returns    : OS_ERR_NONE           The call was successful and the message was sent
    562          *              OS_ERR_Q_FULL         If the queue cannot accept any more messages because it is full.
    563          *              OS_ERR_EVENT_TYPE     If you didn't pass a pointer to a queue.
    564          *              OS_ERR_PEVENT_NULL    If 'pevent' is a NULL pointer
    565          *
    566          * Note(s)    : As of V2.60, this function allows you to send NULL pointer messages.
    567          *********************************************************************************************************
    568          */
    569          
    570          #if OS_Q_POST_EN > 0

   \                                 In section .text, align 2, keep-with-next
    571          INT8U  OSQPost (OS_EVENT *pevent, void *pmsg)
    572          {
   \                     OSQPost: (+1)
   \   00000000   0xB570             PUSH     {R4-R6,LR}
   \   00000002   0x4606             MOV      R6,R0
   \   00000004   0x460C             MOV      R4,R1
    573              OS_Q      *pq;
    574          #if OS_CRITICAL_METHOD == 3                            /* Allocate storage for CPU status register     */
    575              OS_CPU_SR  cpu_sr = 0;
    576          #endif
    577          
    578          
    579          
    580          #if OS_ARG_CHK_EN > 0
    581              if (pevent == (OS_EVENT *)0) {                     /* Validate 'pevent'                            */
    582                  return (OS_ERR_PEVENT_NULL);
    583              }
    584          #endif
    585              if (pevent->OSEventType != OS_EVENT_TYPE_Q) {      /* Validate event block type                    */
   \   00000006   0x7830             LDRB     R0,[R6, #+0]
   \   00000008   0x2802             CMP      R0,#+2
   \   0000000A   0xD001             BEQ.N    ??OSQPost_0
    586                  return (OS_ERR_EVENT_TYPE);
   \   0000000C   0x2001             MOVS     R0,#+1
   \   0000000E   0xBD70             POP      {R4-R6,PC}
    587              }
    588              OS_ENTER_CRITICAL();
   \                     ??OSQPost_0: (+1)
   \   00000010   0x.... 0x....      BL       OS_CPU_SR_Save
   \   00000014   0x4605             MOV      R5,R0
    589              if (pevent->OSEventGrp != 0) {                     /* See if any task pending on queue             */
   \   00000016   0x7AB0             LDRB     R0,[R6, #+10]
   \   00000018   0x2800             CMP      R0,#+0
   \   0000001A   0xD00C             BEQ.N    ??OSQPost_1
    590                                                                 /* Ready highest priority task waiting on event */
    591                  (void)OS_EventTaskRdy(pevent, pmsg, OS_STAT_Q, OS_STAT_PEND_OK);
   \   0000001C   0x2300             MOVS     R3,#+0
   \   0000001E   0x2204             MOVS     R2,#+4
   \   00000020   0x4621             MOV      R1,R4
   \   00000022   0x4630             MOV      R0,R6
   \   00000024   0x.... 0x....      BL       OS_EventTaskRdy
    592                  OS_EXIT_CRITICAL();
   \   00000028   0x4628             MOV      R0,R5
   \   0000002A   0x.... 0x....      BL       OS_CPU_SR_Restore
    593                  OS_Sched();                                    /* Find highest priority task ready to run      */
   \   0000002E   0x.... 0x....      BL       OS_Sched
    594                  return (OS_ERR_NONE);
   \   00000032   0x2000             MOVS     R0,#+0
   \   00000034   0xBD70             POP      {R4-R6,PC}
    595              }
    596              pq = (OS_Q *)pevent->OSEventPtr;                   /* Point to queue control block                 */
   \                     ??OSQPost_1: (+1)
   \   00000036   0x6870             LDR      R0,[R6, #+4]
    597              if (pq->OSQEntries >= pq->OSQSize) {               /* Make sure queue is not full                  */
   \   00000038   0x8AC1             LDRH     R1,[R0, #+22]
   \   0000003A   0x8A82             LDRH     R2,[R0, #+20]
   \   0000003C   0x4291             CMP      R1,R2
   \   0000003E   0xD304             BCC.N    ??OSQPost_2
    598                  OS_EXIT_CRITICAL();
   \   00000040   0x4628             MOV      R0,R5
   \   00000042   0x.... 0x....      BL       OS_CPU_SR_Restore
    599                  return (OS_ERR_Q_FULL);
   \   00000046   0x201E             MOVS     R0,#+30
   \   00000048   0xBD70             POP      {R4-R6,PC}
    600              }
    601              *pq->OSQIn++ = pmsg;                               /* Insert message into queue                    */
   \                     ??OSQPost_2: (+1)
   \   0000004A   0x68C1             LDR      R1,[R0, #+12]
   \   0000004C   0x1D0A             ADDS     R2,R1,#+4
   \   0000004E   0x60C2             STR      R2,[R0, #+12]
   \   00000050   0x600C             STR      R4,[R1, #+0]
    602              pq->OSQEntries++;                                  /* Update the nbr of entries in the queue       */
   \   00000052   0x8AC1             LDRH     R1,[R0, #+22]
   \   00000054   0x1C49             ADDS     R1,R1,#+1
   \   00000056   0x82C1             STRH     R1,[R0, #+22]
    603              if (pq->OSQIn == pq->OSQEnd) {                     /* Wrap IN ptr if we are at end of queue        */
   \   00000058   0x68C1             LDR      R1,[R0, #+12]
   \   0000005A   0x6882             LDR      R2,[R0, #+8]
   \   0000005C   0x4291             CMP      R1,R2
   \   0000005E   0xD101             BNE.N    ??OSQPost_3
    604                  pq->OSQIn = pq->OSQStart;
   \   00000060   0x6841             LDR      R1,[R0, #+4]
   \   00000062   0x60C1             STR      R1,[R0, #+12]
    605              }
    606              OS_EXIT_CRITICAL();
   \                     ??OSQPost_3: (+1)
   \   00000064   0x4628             MOV      R0,R5
   \   00000066   0x.... 0x....      BL       OS_CPU_SR_Restore
    607              return (OS_ERR_NONE);
   \   0000006A   0x2000             MOVS     R0,#+0
   \   0000006C   0xBD70             POP      {R4-R6,PC}       ;; return
    608          }
    609          #endif
    610          /*$PAGE*/
    611          /*
    612          *********************************************************************************************************
    613          *                                   POST MESSAGE TO THE FRONT OF A QUEUE
    614          *
    615          * Description: This function sends a message to a queue but unlike OSQPost(), the message is posted at
    616          *              the front instead of the end of the queue.  Using OSQPostFront() allows you to send
    617          *              'priority' messages.
    618          *
    619          * Arguments  : pevent        is a pointer to the event control block associated with the desired queue
    620          *
    621          *              pmsg          is a pointer to the message to send.
    622          *
    623          * Returns    : OS_ERR_NONE           The call was successful and the message was sent
    624          *              OS_ERR_Q_FULL         If the queue cannot accept any more messages because it is full.
    625          *              OS_ERR_EVENT_TYPE     If you didn't pass a pointer to a queue.
    626          *              OS_ERR_PEVENT_NULL    If 'pevent' is a NULL pointer
    627          *
    628          * Note(s)    : As of V2.60, this function allows you to send NULL pointer messages.
    629          *********************************************************************************************************
    630          */
    631          
    632          #if OS_Q_POST_FRONT_EN > 0

   \                                 In section .text, align 2, keep-with-next
    633          INT8U  OSQPostFront (OS_EVENT *pevent, void *pmsg)
    634          {
   \                     OSQPostFront: (+1)
   \   00000000   0xB570             PUSH     {R4-R6,LR}
   \   00000002   0x4606             MOV      R6,R0
   \   00000004   0x460C             MOV      R4,R1
    635              OS_Q      *pq;
    636          #if OS_CRITICAL_METHOD == 3                           /* Allocate storage for CPU status register      */
    637              OS_CPU_SR  cpu_sr = 0;
    638          #endif
    639          
    640          
    641          
    642          #if OS_ARG_CHK_EN > 0
    643              if (pevent == (OS_EVENT *)0) {                    /* Validate 'pevent'                             */
    644                  return (OS_ERR_PEVENT_NULL);
    645              }
    646          #endif
    647              if (pevent->OSEventType != OS_EVENT_TYPE_Q) {     /* Validate event block type                     */
   \   00000006   0x7830             LDRB     R0,[R6, #+0]
   \   00000008   0x2802             CMP      R0,#+2
   \   0000000A   0xD001             BEQ.N    ??OSQPostFront_0
    648                  return (OS_ERR_EVENT_TYPE);
   \   0000000C   0x2001             MOVS     R0,#+1
   \   0000000E   0xBD70             POP      {R4-R6,PC}
    649              }
    650              OS_ENTER_CRITICAL();
   \                     ??OSQPostFront_0: (+1)
   \   00000010   0x.... 0x....      BL       OS_CPU_SR_Save
   \   00000014   0x4605             MOV      R5,R0
    651              if (pevent->OSEventGrp != 0) {                    /* See if any task pending on queue              */
   \   00000016   0x7AB0             LDRB     R0,[R6, #+10]
   \   00000018   0x2800             CMP      R0,#+0
   \   0000001A   0xD00C             BEQ.N    ??OSQPostFront_1
    652                                                                /* Ready highest priority task waiting on event  */
    653                  (void)OS_EventTaskRdy(pevent, pmsg, OS_STAT_Q, OS_STAT_PEND_OK);
   \   0000001C   0x2300             MOVS     R3,#+0
   \   0000001E   0x2204             MOVS     R2,#+4
   \   00000020   0x4621             MOV      R1,R4
   \   00000022   0x4630             MOV      R0,R6
   \   00000024   0x.... 0x....      BL       OS_EventTaskRdy
    654                  OS_EXIT_CRITICAL();
   \   00000028   0x4628             MOV      R0,R5
   \   0000002A   0x.... 0x....      BL       OS_CPU_SR_Restore
    655                  OS_Sched();                                   /* Find highest priority task ready to run       */
   \   0000002E   0x.... 0x....      BL       OS_Sched
    656                  return (OS_ERR_NONE);
   \   00000032   0x2000             MOVS     R0,#+0
   \   00000034   0xBD70             POP      {R4-R6,PC}
    657              }
    658              pq = (OS_Q *)pevent->OSEventPtr;                  /* Point to queue control block                  */
   \                     ??OSQPostFront_1: (+1)
   \   00000036   0x6870             LDR      R0,[R6, #+4]
    659              if (pq->OSQEntries >= pq->OSQSize) {              /* Make sure queue is not full                   */
   \   00000038   0x8AC1             LDRH     R1,[R0, #+22]
   \   0000003A   0x8A82             LDRH     R2,[R0, #+20]
   \   0000003C   0x4291             CMP      R1,R2
   \   0000003E   0xD304             BCC.N    ??OSQPostFront_2
    660                  OS_EXIT_CRITICAL();
   \   00000040   0x4628             MOV      R0,R5
   \   00000042   0x.... 0x....      BL       OS_CPU_SR_Restore
    661                  return (OS_ERR_Q_FULL);
   \   00000046   0x201E             MOVS     R0,#+30
   \   00000048   0xBD70             POP      {R4-R6,PC}
    662              }
    663              if (pq->OSQOut == pq->OSQStart) {                 /* Wrap OUT ptr if we are at the 1st queue entry */
   \                     ??OSQPostFront_2: (+1)
   \   0000004A   0x6901             LDR      R1,[R0, #+16]
   \   0000004C   0x6842             LDR      R2,[R0, #+4]
   \   0000004E   0x4291             CMP      R1,R2
   \   00000050   0xD101             BNE.N    ??OSQPostFront_3
    664                  pq->OSQOut = pq->OSQEnd;
   \   00000052   0x6881             LDR      R1,[R0, #+8]
   \   00000054   0x6101             STR      R1,[R0, #+16]
    665              }
    666              pq->OSQOut--;
   \                     ??OSQPostFront_3: (+1)
   \   00000056   0x6901             LDR      R1,[R0, #+16]
   \   00000058   0x1F09             SUBS     R1,R1,#+4
   \   0000005A   0x6101             STR      R1,[R0, #+16]
    667              *pq->OSQOut = pmsg;                               /* Insert message into queue                     */
   \   0000005C   0x600C             STR      R4,[R1, #+0]
    668              pq->OSQEntries++;                                 /* Update the nbr of entries in the queue        */
   \   0000005E   0x8AC1             LDRH     R1,[R0, #+22]
   \   00000060   0x1C49             ADDS     R1,R1,#+1
   \   00000062   0x82C1             STRH     R1,[R0, #+22]
    669              OS_EXIT_CRITICAL();
   \   00000064   0x4628             MOV      R0,R5
   \   00000066   0x.... 0x....      BL       OS_CPU_SR_Restore
    670              return (OS_ERR_NONE);
   \   0000006A   0x2000             MOVS     R0,#+0
   \   0000006C   0xBD70             POP      {R4-R6,PC}       ;; return
    671          }
    672          #endif
    673          /*$PAGE*/
    674          /*
    675          *********************************************************************************************************
    676          *                                        POST MESSAGE TO A QUEUE
    677          *
    678          * Description: This function sends a message to a queue.  This call has been added to reduce code size
    679          *              since it can replace both OSQPost() and OSQPostFront().  Also, this function adds the
    680          *              capability to broadcast a message to ALL tasks waiting on the message queue.
    681          *
    682          * Arguments  : pevent        is a pointer to the event control block associated with the desired queue
    683          *
    684          *              pmsg          is a pointer to the message to send.
    685          *
    686          *              opt           determines the type of POST performed:
    687          *                            OS_POST_OPT_NONE         POST to a single waiting task
    688          *                                                     (Identical to OSQPost())
    689          *                            OS_POST_OPT_BROADCAST    POST to ALL tasks that are waiting on the queue
    690          *                            OS_POST_OPT_FRONT        POST as LIFO (Simulates OSQPostFront())
    691          *                            OS_POST_OPT_NO_SCHED     Indicates that the scheduler will NOT be invoked
    692          *
    693          * Returns    : OS_ERR_NONE           The call was successful and the message was sent
    694          *              OS_ERR_Q_FULL         If the queue cannot accept any more messages because it is full.
    695          *              OS_ERR_EVENT_TYPE     If you didn't pass a pointer to a queue.
    696          *              OS_ERR_PEVENT_NULL    If 'pevent' is a NULL pointer
    697          *
    698          * Warning    : Interrupts can be disabled for a long time if you do a 'broadcast'.  In fact, the
    699          *              interrupt disable time is proportional to the number of tasks waiting on the queue.
    700          *********************************************************************************************************
    701          */
    702          
    703          #if OS_Q_POST_OPT_EN > 0

   \                                 In section .text, align 2, keep-with-next
    704          INT8U  OSQPostOpt (OS_EVENT *pevent, void *pmsg, INT8U opt)
    705          {
   \                     OSQPostOpt: (+1)
   \   00000000   0xB5F8             PUSH     {R3-R7,LR}
   \   00000002   0x4607             MOV      R7,R0
   \   00000004   0x460C             MOV      R4,R1
   \   00000006   0x4616             MOV      R6,R2
    706              OS_Q      *pq;
    707          #if OS_CRITICAL_METHOD == 3                           /* Allocate storage for CPU status register      */
    708              OS_CPU_SR  cpu_sr = 0;
    709          #endif
    710          
    711          
    712          
    713          #if OS_ARG_CHK_EN > 0
    714              if (pevent == (OS_EVENT *)0) {                    /* Validate 'pevent'                             */
    715                  return (OS_ERR_PEVENT_NULL);
    716              }
    717          #endif
    718              if (pevent->OSEventType != OS_EVENT_TYPE_Q) {     /* Validate event block type                     */
   \   00000008   0x7838             LDRB     R0,[R7, #+0]
   \   0000000A   0x2802             CMP      R0,#+2
   \   0000000C   0xD001             BEQ.N    ??OSQPostOpt_0
    719                  return (OS_ERR_EVENT_TYPE);
   \   0000000E   0x2001             MOVS     R0,#+1
   \   00000010   0xBDF2             POP      {R1,R4-R7,PC}
    720              }
    721              OS_ENTER_CRITICAL();
   \                     ??OSQPostOpt_0: (+1)
   \   00000012   0x.... 0x....      BL       OS_CPU_SR_Save
   \   00000016   0x4605             MOV      R5,R0
    722              if (pevent->OSEventGrp != 0x00) {                 /* See if any task pending on queue              */
   \   00000018   0x7AB8             LDRB     R0,[R7, #+10]
   \   0000001A   0x2800             CMP      R0,#+0
   \   0000001C   0xD01A             BEQ.N    ??OSQPostOpt_1
    723                  if ((opt & OS_POST_OPT_BROADCAST) != 0x00) {  /* Do we need to post msg to ALL waiting tasks ? */
   \   0000001E   0x07F0             LSLS     R0,R6,#+31
   \   00000020   0xD509             BPL.N    ??OSQPostOpt_2
    724                      while (pevent->OSEventGrp != 0) {         /* Yes, Post to ALL tasks waiting on queue       */
   \                     ??OSQPostOpt_3: (+1)
   \   00000022   0x7AB8             LDRB     R0,[R7, #+10]
   \   00000024   0x2800             CMP      R0,#+0
   \   00000026   0xD00C             BEQ.N    ??OSQPostOpt_4
    725                          (void)OS_EventTaskRdy(pevent, pmsg, OS_STAT_Q, OS_STAT_PEND_OK);
   \   00000028   0x2300             MOVS     R3,#+0
   \   0000002A   0x2204             MOVS     R2,#+4
   \   0000002C   0x4621             MOV      R1,R4
   \   0000002E   0x4638             MOV      R0,R7
   \   00000030   0x.... 0x....      BL       OS_EventTaskRdy
   \   00000034   0xE7F5             B.N      ??OSQPostOpt_3
    726                      }
    727                  } else {                                      /* No,  Post to HPT waiting on queue             */
    728                      (void)OS_EventTaskRdy(pevent, pmsg, OS_STAT_Q, OS_STAT_PEND_OK);
   \                     ??OSQPostOpt_2: (+1)
   \   00000036   0x2300             MOVS     R3,#+0
   \   00000038   0x2204             MOVS     R2,#+4
   \   0000003A   0x4621             MOV      R1,R4
   \   0000003C   0x4638             MOV      R0,R7
   \   0000003E   0x.... 0x....      BL       OS_EventTaskRdy
    729                  }
    730                  OS_EXIT_CRITICAL();
   \                     ??OSQPostOpt_4: (+1)
   \   00000042   0x4628             MOV      R0,R5
   \   00000044   0x.... 0x....      BL       OS_CPU_SR_Restore
    731                  if ((opt & OS_POST_OPT_NO_SCHED) == 0) {	  /* See if scheduler needs to be invoked          */
   \   00000048   0x0770             LSLS     R0,R6,#+29
   \   0000004A   0xD401             BMI.N    ??OSQPostOpt_5
    732                      OS_Sched();                               /* Find highest priority task ready to run       */
   \   0000004C   0x.... 0x....      BL       OS_Sched
    733                  }
    734                  return (OS_ERR_NONE);
   \                     ??OSQPostOpt_5: (+1)
   \   00000050   0x2000             MOVS     R0,#+0
   \   00000052   0xBDF2             POP      {R1,R4-R7,PC}
    735              }
    736              pq = (OS_Q *)pevent->OSEventPtr;                  /* Point to queue control block                  */
   \                     ??OSQPostOpt_1: (+1)
   \   00000054   0x6878             LDR      R0,[R7, #+4]
    737              if (pq->OSQEntries >= pq->OSQSize) {              /* Make sure queue is not full                   */
   \   00000056   0x8AC1             LDRH     R1,[R0, #+22]
   \   00000058   0x8A82             LDRH     R2,[R0, #+20]
   \   0000005A   0x4291             CMP      R1,R2
   \   0000005C   0xD304             BCC.N    ??OSQPostOpt_6
    738                  OS_EXIT_CRITICAL();
   \   0000005E   0x4628             MOV      R0,R5
   \   00000060   0x.... 0x....      BL       OS_CPU_SR_Restore
    739                  return (OS_ERR_Q_FULL);
   \   00000064   0x201E             MOVS     R0,#+30
   \   00000066   0xBDF2             POP      {R1,R4-R7,PC}
    740              }
    741              if ((opt & OS_POST_OPT_FRONT) != 0x00) {          /* Do we post to the FRONT of the queue?         */
   \                     ??OSQPostOpt_6: (+1)
   \   00000068   0x07B1             LSLS     R1,R6,#+30
   \   0000006A   0xD50A             BPL.N    ??OSQPostOpt_7
    742                  if (pq->OSQOut == pq->OSQStart) {             /* Yes, Post as LIFO, Wrap OUT pointer if we ... */
   \   0000006C   0x6901             LDR      R1,[R0, #+16]
   \   0000006E   0x6842             LDR      R2,[R0, #+4]
   \   00000070   0x4291             CMP      R1,R2
   \   00000072   0xD101             BNE.N    ??OSQPostOpt_8
    743                      pq->OSQOut = pq->OSQEnd;                  /*      ... are at the 1st queue entry           */
   \   00000074   0x6881             LDR      R1,[R0, #+8]
   \   00000076   0x6101             STR      R1,[R0, #+16]
    744                  }
    745                  pq->OSQOut--;
   \                     ??OSQPostOpt_8: (+1)
   \   00000078   0x6901             LDR      R1,[R0, #+16]
   \   0000007A   0x1F09             SUBS     R1,R1,#+4
   \   0000007C   0x6101             STR      R1,[R0, #+16]
    746                  *pq->OSQOut = pmsg;                           /*      Insert message into queue                */
   \   0000007E   0x600C             STR      R4,[R1, #+0]
   \   00000080   0xE009             B.N      ??OSQPostOpt_9
    747              } else {                                          /* No,  Post as FIFO                             */
    748                  *pq->OSQIn++ = pmsg;                          /*      Insert message into queue                */
   \                     ??OSQPostOpt_7: (+1)
   \   00000082   0x68C1             LDR      R1,[R0, #+12]
   \   00000084   0x1D0A             ADDS     R2,R1,#+4
   \   00000086   0x60C2             STR      R2,[R0, #+12]
   \   00000088   0x600C             STR      R4,[R1, #+0]
    749                  if (pq->OSQIn == pq->OSQEnd) {                /*      Wrap IN ptr if we are at end of queue    */
   \   0000008A   0x68C1             LDR      R1,[R0, #+12]
   \   0000008C   0x6882             LDR      R2,[R0, #+8]
   \   0000008E   0x4291             CMP      R1,R2
   \   00000090   0xD101             BNE.N    ??OSQPostOpt_9
    750                      pq->OSQIn = pq->OSQStart;
   \   00000092   0x6841             LDR      R1,[R0, #+4]
   \   00000094   0x60C1             STR      R1,[R0, #+12]
    751                  }
    752              }
    753              pq->OSQEntries++;                                 /* Update the nbr of entries in the queue        */
   \                     ??OSQPostOpt_9: (+1)
   \   00000096   0x8AC1             LDRH     R1,[R0, #+22]
   \   00000098   0x1C49             ADDS     R1,R1,#+1
   \   0000009A   0x82C1             STRH     R1,[R0, #+22]
    754              OS_EXIT_CRITICAL();
   \   0000009C   0x4628             MOV      R0,R5
   \   0000009E   0x.... 0x....      BL       OS_CPU_SR_Restore
    755              return (OS_ERR_NONE);
   \   000000A2   0x2000             MOVS     R0,#+0
   \   000000A4   0xBDF2             POP      {R1,R4-R7,PC}    ;; return
    756          }
    757          #endif
    758          /*$PAGE*/
    759          /*
    760          *********************************************************************************************************
    761          *                                        QUERY A MESSAGE QUEUE
    762          *
    763          * Description: This function obtains information about a message queue.
    764          *
    765          * Arguments  : pevent        is a pointer to the event control block associated with the desired queue
    766          *
    767          *              p_q_data      is a pointer to a structure that will contain information about the message
    768          *                            queue.
    769          *
    770          * Returns    : OS_ERR_NONE         The call was successful and the message was sent
    771          *              OS_ERR_EVENT_TYPE   If you are attempting to obtain data from a non queue.
    772          *              OS_ERR_PEVENT_NULL  If 'pevent'   is a NULL pointer
    773          *              OS_ERR_PDATA_NULL   If 'p_q_data' is a NULL pointer
    774          *********************************************************************************************************
    775          */
    776          
    777          #if OS_Q_QUERY_EN > 0

   \                                 In section .text, align 2, keep-with-next
    778          INT8U  OSQQuery (OS_EVENT *pevent, OS_Q_DATA *p_q_data)
    779          {
   \                     OSQQuery: (+1)
   \   00000000   0xB570             PUSH     {R4-R6,LR}
   \   00000002   0x4605             MOV      R5,R0
   \   00000004   0x460C             MOV      R4,R1
    780              OS_Q      *pq;
    781              INT8U      i;
    782          #if OS_LOWEST_PRIO <= 63
    783              INT8U     *psrc;
    784              INT8U     *pdest;
    785          #else
    786              INT16U    *psrc;
    787              INT16U    *pdest;
    788          #endif
    789          #if OS_CRITICAL_METHOD == 3                            /* Allocate storage for CPU status register     */
    790              OS_CPU_SR  cpu_sr = 0;
    791          #endif
    792          
    793          
    794          
    795          #if OS_ARG_CHK_EN > 0
    796              if (pevent == (OS_EVENT *)0) {                     /* Validate 'pevent'                            */
    797                  return (OS_ERR_PEVENT_NULL);
    798              }
    799              if (p_q_data == (OS_Q_DATA *)0) {                  /* Validate 'p_q_data'                          */
    800                  return (OS_ERR_PDATA_NULL);
    801              }
    802          #endif
    803              if (pevent->OSEventType != OS_EVENT_TYPE_Q) {      /* Validate event block type                    */
   \   00000006   0x7828             LDRB     R0,[R5, #+0]
   \   00000008   0x2802             CMP      R0,#+2
   \   0000000A   0xD001             BEQ.N    ??OSQQuery_0
    804                  return (OS_ERR_EVENT_TYPE);
   \   0000000C   0x2001             MOVS     R0,#+1
   \   0000000E   0xBD70             POP      {R4-R6,PC}
    805              }
    806              OS_ENTER_CRITICAL();
   \                     ??OSQQuery_0: (+1)
   \   00000010   0x.... 0x....      BL       OS_CPU_SR_Save
    807              p_q_data->OSEventGrp = pevent->OSEventGrp;         /* Copy message queue wait list                 */
   \   00000014   0x7AA9             LDRB     R1,[R5, #+10]
   \   00000016   0x7321             STRB     R1,[R4, #+12]
    808              psrc                 = &pevent->OSEventTbl[0];
   \   00000018   0xF105 0x010B      ADD      R1,R5,#+11
    809              pdest                = &p_q_data->OSEventTbl[0];
   \   0000001C   0xF104 0x0208      ADD      R2,R4,#+8
    810              for (i = 0; i < OS_EVENT_TBL_SIZE; i++) {
   \   00000020   0x2300             MOVS     R3,#+0
   \   00000022   0xE004             B.N      ??OSQQuery_1
    811                  *pdest++ = *psrc++;
   \                     ??OSQQuery_2: (+1)
   \   00000024   0xF811 0x6B01      LDRB     R6,[R1], #+1
   \   00000028   0xF802 0x6B01      STRB     R6,[R2], #+1
    812              }
   \   0000002C   0x1C5B             ADDS     R3,R3,#+1
   \                     ??OSQQuery_1: (+1)
   \   0000002E   0x2B04             CMP      R3,#+4
   \   00000030   0xDBF8             BLT.N    ??OSQQuery_2
    813              pq = (OS_Q *)pevent->OSEventPtr;
   \   00000032   0x6869             LDR      R1,[R5, #+4]
    814              if (pq->OSQEntries > 0) {
   \   00000034   0x8ACA             LDRH     R2,[R1, #+22]
   \   00000036   0x2A00             CMP      R2,#+0
   \   00000038   0xD003             BEQ.N    ??OSQQuery_3
    815                  p_q_data->OSMsg = *pq->OSQOut;                 /* Get next message to return if available      */
   \   0000003A   0x690A             LDR      R2,[R1, #+16]
   \   0000003C   0x6812             LDR      R2,[R2, #+0]
   \   0000003E   0x6022             STR      R2,[R4, #+0]
   \   00000040   0xE001             B.N      ??OSQQuery_4
    816              } else {
    817                  p_q_data->OSMsg = (void *)0;
   \                     ??OSQQuery_3: (+1)
   \   00000042   0x2200             MOVS     R2,#+0
   \   00000044   0x6022             STR      R2,[R4, #+0]
    818              }
    819              p_q_data->OSNMsgs = pq->OSQEntries;
   \                     ??OSQQuery_4: (+1)
   \   00000046   0x8ACA             LDRH     R2,[R1, #+22]
   \   00000048   0x80A2             STRH     R2,[R4, #+4]
    820              p_q_data->OSQSize = pq->OSQSize;
   \   0000004A   0x8A89             LDRH     R1,[R1, #+20]
   \   0000004C   0x80E1             STRH     R1,[R4, #+6]
    821              OS_EXIT_CRITICAL();
   \   0000004E   0x.... 0x....      BL       OS_CPU_SR_Restore
    822              return (OS_ERR_NONE);
   \   00000052   0x2000             MOVS     R0,#+0
   \   00000054   0xBD70             POP      {R4-R6,PC}       ;; return
    823          }
    824          #endif                                                 /* OS_Q_QUERY_EN                                */
    825          
    826          /*$PAGE*/
    827          /*
    828          *********************************************************************************************************
    829          *                                      QUEUE MODULE INITIALIZATION
    830          *
    831          * Description : This function is called by uC/OS-II to initialize the message queue module.  Your
    832          *               application MUST NOT call this function.
    833          *
    834          * Arguments   :  none
    835          *
    836          * Returns     : none
    837          *
    838          * Note(s)    : This function is INTERNAL to uC/OS-II and your application should not call it.
    839          *********************************************************************************************************
    840          */
    841          

   \                                 In section .text, align 2, keep-with-next
    842          void  OS_QInit (void)
    843          {
   \                     OS_QInit: (+1)
   \   00000000   0xB510             PUSH     {R4,LR}
    844          #if OS_MAX_QS == 1
    845              OSQFreeList         = &OSQTbl[0];                /* Only ONE queue!                                */
    846              OSQFreeList->OSQPtr = (OS_Q *)0;
    847          #endif
    848          
    849          #if OS_MAX_QS >= 2
    850              INT16U  i;
    851              OS_Q   *pq1;
    852              OS_Q   *pq2;
    853          
    854          
    855          
    856              OS_MemClr((INT8U *)&OSQTbl[0], sizeof(OSQTbl));  /* Clear the queue table                          */
   \   00000002   0x....             LDR.N    R4,??DataTable3_5
   \   00000004   0x2160             MOVS     R1,#+96
   \   00000006   0x4620             MOV      R0,R4
   \   00000008   0x.... 0x....      BL       OS_MemClr
    857              pq1 = &OSQTbl[0];
   \   0000000C   0x4620             MOV      R0,R4
    858              pq2 = &OSQTbl[1];
   \   0000000E   0xF104 0x0118      ADD      R1,R4,#+24
    859              for (i = 0; i < (OS_MAX_QS - 1); i++) {          /* Init. list of free QUEUE control blocks        */
   \   00000012   0x2200             MOVS     R2,#+0
   \   00000014   0xE003             B.N      ??OS_QInit_0
    860                  pq1->OSQPtr = pq2;
   \                     ??OS_QInit_1: (+1)
   \   00000016   0xF840 0x1B18      STR      R1,[R0], #+24
    861                  pq1++;
    862                  pq2++;
   \   0000001A   0x3118             ADDS     R1,R1,#+24
    863              }
   \   0000001C   0x1C52             ADDS     R2,R2,#+1
   \                     ??OS_QInit_0: (+1)
   \   0000001E   0x2A03             CMP      R2,#+3
   \   00000020   0xDBF9             BLT.N    ??OS_QInit_1
    864              pq1->OSQPtr = (OS_Q *)0;
   \   00000022   0x2100             MOVS     R1,#+0
   \   00000024   0x6001             STR      R1,[R0, #+0]
    865              OSQFreeList = &OSQTbl[0];
   \   00000026   0x....             LDR.N    R0,??DataTable3_2
   \   00000028   0x6004             STR      R4,[R0, #+0]
    866          #endif
    867          }
   \   0000002A   0xBD10             POP      {R4,PC}          ;; return

   \                                 In section .text, align 4, keep-with-next
   \                     ??DataTable3:
   \   00000000   0x........         DC32     OSIntNesting

   \                                 In section .text, align 4, keep-with-next
   \                     ??DataTable3_1:
   \   00000000   0x........         DC32     OSEventFreeList

   \                                 In section .text, align 4, keep-with-next
   \                     ??DataTable3_2:
   \   00000000   0x........         DC32     OSQFreeList

   \                                 In section .text, align 4, keep-with-next
   \                     ??DataTable3_3:
   \   00000000   0x........         DC32     OSLockNesting

   \                                 In section .text, align 4, keep-with-next
   \                     ??DataTable3_4:
   \   00000000   0x........         DC32     OSTCBCur

   \                                 In section .text, align 4, keep-with-next
   \                     ??DataTable3_5:
   \   00000000   0x........         DC32     OSQTbl
    868          #endif                                               /* OS_Q_EN                                        */

   Maximum stack usage in bytes:

   .cstack Function
   ------- --------
      16   OSQAccept
        16   -> OS_CPU_SR_Restore
        16   -> OS_CPU_SR_Save
      24   OSQCreate
        24   -> OS_CPU_SR_Restore
        24   -> OS_CPU_SR_Save
        24   -> OS_EventWaitListInit
      24   OSQDel
        24   -> OS_CPU_SR_Restore
        24   -> OS_CPU_SR_Save
        24   -> OS_EventTaskRdy
        24   -> OS_Sched
       8   OSQFlush
         8   -> OS_CPU_SR_Restore
         8   -> OS_CPU_SR_Save
      24   OSQPend
        24   -> OS_CPU_SR_Restore
        24   -> OS_CPU_SR_Save
        24   -> OS_EventTaskRemove
        24   -> OS_EventTaskWait
        24   -> OS_Sched
      24   OSQPendAbort
        24   -> OS_CPU_SR_Restore
        24   -> OS_CPU_SR_Save
        24   -> OS_EventTaskRdy
        24   -> OS_Sched
      16   OSQPost
        16   -> OS_CPU_SR_Restore
        16   -> OS_CPU_SR_Save
        16   -> OS_EventTaskRdy
        16   -> OS_Sched
      16   OSQPostFront
        16   -> OS_CPU_SR_Restore
        16   -> OS_CPU_SR_Save
        16   -> OS_EventTaskRdy
        16   -> OS_Sched
      24   OSQPostOpt
        24   -> OS_CPU_SR_Restore
        24   -> OS_CPU_SR_Save
        24   -> OS_EventTaskRdy
        24   -> OS_Sched
      16   OSQQuery
        16   -> OS_CPU_SR_Restore
        16   -> OS_CPU_SR_Save
       8   OS_QInit
         8   -> OS_MemClr


   Section sizes:

   Bytes  Function/Label
   -----  --------------
       4  ??DataTable3
       4  ??DataTable3_1
       4  ??DataTable3_2
       4  ??DataTable3_3
       4  ??DataTable3_4
       4  ??DataTable3_5
      78  OSQAccept
     150  OSQCreate
     242  OSQDel
      30  OSQFlush
     264  OSQPend
     118  OSQPendAbort
     110  OSQPost
     110  OSQPostFront
     166  OSQPostOpt
      86  OSQQuery
      44  OS_QInit

 
 1 422 bytes in section .text
 
 1 422 bytes of CODE memory

Errors: none
Warnings: none
