###############################################################################
#
# IAR ANSI C/C++ Compiler V7.40.3.8902/W32 for ARM        12/Jul/2019  09:14:40
# Copyright 1999-2015 IAR Systems AB.
#
#    Cpu mode     =  thumb
#    Endian       =  little
#    Source file  =  
#        E:\MYWorkPlace\SVNData\zhouwanli\XF-SXT-N-V1.0\UCOS-II\uC-OSII\Source\os_time.c
#    Command line =  
#        E:\MYWorkPlace\SVNData\zhouwanli\XF-SXT-N-V1.0\UCOS-II\uC-OSII\Source\os_time.c
#        -D LORA_MODULE -lCN
#        E:\MYWorkPlace\SVNData\zhouwanli\XF-SXT-N-V1.0\EWIAR\Flash\List\ -o
#        E:\MYWorkPlace\SVNData\zhouwanli\XF-SXT-N-V1.0\EWIAR\Flash\Obj\
#        --no_unroll --no_inline --no_tbaa --no_scheduling --debug
#        --endian=little --cpu=Cortex-M3 -e --fpu=None --dlib_config
#        D:\Softwares\IAR7.40\arm\INC\c\DLib_Config_Full.h -I
#        E:\MYWorkPlace\SVNData\zhouwanli\XF-SXT-N-V1.0\EWIAR\..\UCOS-II\CPU\inc\
#        -I
#        E:\MYWorkPlace\SVNData\zhouwanli\XF-SXT-N-V1.0\EWIAR\..\UCOS-II\uC-CPU\
#        -I
#        E:\MYWorkPlace\SVNData\zhouwanli\XF-SXT-N-V1.0\EWIAR\..\UCOS-II\uC-CPU\
#        -I
#        E:\MYWorkPlace\SVNData\zhouwanli\XF-SXT-N-V1.0\EWIAR\..\UCOS-II\uC-LIB\
#        -I
#        E:\MYWorkPlace\SVNData\zhouwanli\XF-SXT-N-V1.0\EWIAR\..\UCOS-II\uC-OSII\Ports\
#        -I
#        E:\MYWorkPlace\SVNData\zhouwanli\XF-SXT-N-V1.0\EWIAR\..\UCOS-II\uC-OSII\Source\
#        -I E:\MYWorkPlace\SVNData\zhouwanli\XF-SXT-N-V1.0\EWIAR\..\USER\BSP\
#        -I E:\MYWorkPlace\SVNData\zhouwanli\XF-SXT-N-V1.0\EWIAR\..\USER\APP\
#        -Om --use_c++_inline
#    List file    =  
#        E:\MYWorkPlace\SVNData\zhouwanli\XF-SXT-N-V1.0\EWIAR\Flash\List\os_time.lst
#    Object file  =  
#        E:\MYWorkPlace\SVNData\zhouwanli\XF-SXT-N-V1.0\EWIAR\Flash\Obj\os_time.o
#
###############################################################################

E:\MYWorkPlace\SVNData\zhouwanli\XF-SXT-N-V1.0\UCOS-II\uC-OSII\Source\os_time.c
      1          /*
      2          *********************************************************************************************************
      3          *                                                uC/OS-II
      4          *                                          The Real-Time Kernel
      5          *                                             TIME MANAGEMENT
      6          *
      7          *                              (c) Copyright 1992-2007, Micrium, Weston, FL
      8          *                                           All Rights Reserved
      9          *
     10          * File    : OS_TIME.C
     11          * By      : Jean J. Labrosse
     12          * Version : V2.86
     13          *
     14          * LICENSING TERMS:
     15          * ---------------
     16          *   uC/OS-II is provided in source form for FREE evaluation, for educational use or for peaceful research.  
     17          * If you plan on using  uC/OS-II  in a commercial product you need to contact Micriµm to properly license 
     18          * its use in your product. We provide ALL the source code for your convenience and to help you experience 
     19          * uC/OS-II.   The fact that the  source is provided does  NOT  mean that you can use it without  paying a 
     20          * licensing fee.
     21          *********************************************************************************************************
     22          */
     23          
     24          #ifndef  OS_MASTER_FILE
     25          #include <ucos_ii.h>
     26          #endif
     27          
     28          /*
     29          *********************************************************************************************************
     30          *                                DELAY TASK 'n' TICKS   (n from 0 to 65535)
     31          *
     32          * Description: This function is called to delay execution of the currently running task until the
     33          *              specified number of system ticks expires.  This, of course, directly equates to delaying
     34          *              the current task for some time to expire.  No delay will result If the specified delay is
     35          *              0.  If the specified delay is greater than 0 then, a context switch will result.
     36          *
     37          * Arguments  : ticks     is the time delay that the task will be suspended in number of clock 'ticks'.
     38          *                        Note that by specifying 0, the task will not be delayed.
     39          *
     40          * Returns    : none
     41          *********************************************************************************************************
     42          */
     43          

   \                                 In section .text, align 2, keep-with-next
     44          void  OSTimeDly (INT16U ticks)
     45          {
   \                     OSTimeDly: (+1)
   \   00000000   0xB570             PUSH     {R4-R6,LR}
   \   00000002   0x4604             MOV      R4,R0
     46              INT8U      y;
     47          #if OS_CRITICAL_METHOD == 3                      /* Allocate storage for CPU status register           */
     48              OS_CPU_SR  cpu_sr = 0;
     49          #endif
     50          
     51          
     52          
     53              if (OSIntNesting > 0) {                      /* See if trying to call from an ISR                  */
   \   00000004   0x....             LDR.N    R0,??DataTable4
   \   00000006   0x7800             LDRB     R0,[R0, #+0]
   \   00000008   0x2800             CMP      R0,#+0
   \   0000000A   0xD119             BNE.N    ??OSTimeDly_0
     54                  return;
     55              }
     56              if (ticks > 0) {                             /* 0 means no delay!                                  */
   \   0000000C   0x2C00             CMP      R4,#+0
   \   0000000E   0xD017             BEQ.N    ??OSTimeDly_0
     57                  OS_ENTER_CRITICAL();
   \   00000010   0x.... 0x....      BL       OS_CPU_SR_Save
     58                  y            =  OSTCBCur->OSTCBY;        /* Delay current task                                 */
   \   00000014   0x....             LDR.N    R1,??DataTable4_1
   \   00000016   0x6809             LDR      R1,[R1, #+0]
   \   00000018   0x312E             ADDS     R1,R1,#+46
   \   0000001A   0x798A             LDRB     R2,[R1, #+6]
     59                  OSRdyTbl[y] &= ~OSTCBCur->OSTCBBitX;
   \   0000001C   0x....             LDR.N    R3,??DataTable4_2
   \   0000001E   0x5CD5             LDRB     R5,[R2, R3]
   \   00000020   0x79CE             LDRB     R6,[R1, #+7]
   \   00000022   0x43B5             BICS     R5,R5,R6
   \   00000024   0x54D5             STRB     R5,[R2, R3]
     60                  if (OSRdyTbl[y] == 0) {
   \   00000026   0xD104             BNE.N    ??OSTimeDly_1
     61                      OSRdyGrp &= ~OSTCBCur->OSTCBBitY;
   \   00000028   0x....             LDR.N    R2,??DataTable4_3
   \   0000002A   0x7813             LDRB     R3,[R2, #+0]
   \   0000002C   0x7A0D             LDRB     R5,[R1, #+8]
   \   0000002E   0x43AB             BICS     R3,R3,R5
   \   00000030   0x7013             STRB     R3,[R2, #+0]
     62                  }
     63                  OSTCBCur->OSTCBDly = ticks;              /* Load ticks in TCB                                  */
   \                     ??OSTimeDly_1: (+1)
   \   00000032   0x800C             STRH     R4,[R1, #+0]
     64                  OS_EXIT_CRITICAL();
   \   00000034   0x.... 0x....      BL       OS_CPU_SR_Restore
     65                  OS_Sched();                              /* Find next task to run!                             */
   \   00000038   0xE8BD 0x4070      POP      {R4-R6,LR}
   \   0000003C   0x.... 0x....      B.W      OS_Sched
     66              }
     67          }
   \                     ??OSTimeDly_0: (+1)
   \   00000040   0xBD70             POP      {R4-R6,PC}       ;; return
     68          /*$PAGE*/
     69          /*
     70          *********************************************************************************************************
     71          *                                     DELAY TASK FOR SPECIFIED TIME
     72          *
     73          * Description: This function is called to delay execution of the currently running task until some time
     74          *              expires.  This call allows you to specify the delay time in HOURS, MINUTES, SECONDS and
     75          *              MILLISECONDS instead of ticks.
     76          *
     77          * Arguments  : hours     specifies the number of hours that the task will be delayed (max. is 255)
     78          *              minutes   specifies the number of minutes (max. 59)
     79          *              seconds   specifies the number of seconds (max. 59)
     80          *              milli     specifies the number of milliseconds (max. 999)
     81          *
     82          * Returns    : OS_ERR_NONE
     83          *              OS_ERR_TIME_INVALID_MINUTES
     84          *              OS_ERR_TIME_INVALID_SECONDS
     85          *              OS_ERR_TIME_INVALID_MS
     86          *              OS_ERR_TIME_ZERO_DLY
     87          *              OS_ERR_TIME_DLY_ISR
     88          *
     89          * Note(s)    : The resolution on the milliseconds depends on the tick rate.  For example, you can't do
     90          *              a 10 mS delay if the ticker interrupts every 100 mS.  In this case, the delay would be
     91          *              set to 0.  The actual delay is rounded to the nearest tick.
     92          *********************************************************************************************************
     93          */
     94          
     95          #if OS_TIME_DLY_HMSM_EN > 0

   \                                 In section .text, align 2, keep-with-next
     96          INT8U  OSTimeDlyHMSM (INT8U hours, INT8U minutes, INT8U seconds, INT16U ms)
     97          {
   \                     OSTimeDlyHMSM: (+1)
   \   00000000   0xB570             PUSH     {R4-R6,LR}
     98              INT32U ticks;
     99              INT16U loops;
    100          
    101          
    102              if (OSIntNesting > 0) {                      /* See if trying to call from an ISR                  */
   \   00000002   0x....             LDR.N    R4,??DataTable4
   \   00000004   0x7824             LDRB     R4,[R4, #+0]
   \   00000006   0x2C00             CMP      R4,#+0
   \   00000008   0xD001             BEQ.N    ??OSTimeDlyHMSM_0
    103                  return (OS_ERR_TIME_DLY_ISR);
   \   0000000A   0x2055             MOVS     R0,#+85
   \   0000000C   0xBD70             POP      {R4-R6,PC}
    104              }
    105          #if OS_ARG_CHK_EN > 0
    106              if (hours == 0) {
    107                  if (minutes == 0) {
    108                      if (seconds == 0) {
    109                          if (ms == 0) {
    110                              return (OS_ERR_TIME_ZERO_DLY);
    111                          }
    112                      }
    113                  }
    114              }
    115              if (minutes > 59) {
    116                  return (OS_ERR_TIME_INVALID_MINUTES);    /* Validate arguments to be within range              */
    117              }
    118              if (seconds > 59) {
    119                  return (OS_ERR_TIME_INVALID_SECONDS);
    120              }
    121              if (ms > 999) {
    122                  return (OS_ERR_TIME_INVALID_MS);
    123              }
    124          #endif
    125                                                           /* Compute the total number of clock ticks required.. */
    126                                                           /* .. (rounded to the nearest tick)                   */
    127              ticks = ((INT32U)hours * 3600L + (INT32U)minutes * 60L + (INT32U)seconds) * OS_TICKS_PER_SEC
    128                    + OS_TICKS_PER_SEC * ((INT32U)ms + 500L / OS_TICKS_PER_SEC) / 1000L;
   \                     ??OSTimeDlyHMSM_0: (+1)
   \   0000000E   0xF44F 0x747A      MOV      R4,#+1000
   \   00000012   0xF44F 0x6561      MOV      R5,#+3600
   \   00000016   0xEBC1 0x1601      RSB      R6,R1,R1, LSL #+4
   \   0000001A   0x00B1             LSLS     R1,R6,#+2
   \   0000001C   0xFB05 0x1000      MLA      R0,R5,R0,R1
   \   00000020   0x1810             ADDS     R0,R2,R0
   \   00000022   0xFB04 0xF103      MUL      R1,R4,R3
   \   00000026   0x4622             MOV      R2,R4
   \   00000028   0xFBB1 0xF1F2      UDIV     R1,R1,R2
   \   0000002C   0xFB04 0x1000      MLA      R0,R4,R0,R1
    129              loops = (INT16U)(ticks >> 16);               /* Compute the integral number of 65536 tick delays   */
   \   00000030   0x0C04             LSRS     R4,R0,#+16
    130              ticks = ticks & 0xFFFFL;                     /* Obtain  the fractional number of ticks             */
    131              OSTimeDly((INT16U)ticks);
   \   00000032   0xB280             UXTH     R0,R0
   \   00000034   0x.... 0x....      BL       OSTimeDly
   \   00000038   0xE008             B.N      ??OSTimeDlyHMSM_1
    132              while (loops > 0) {
    133                  OSTimeDly((INT16U)32768u);
   \                     ??OSTimeDlyHMSM_2: (+1)
   \   0000003A   0xF44F 0x4000      MOV      R0,#+32768
   \   0000003E   0x.... 0x....      BL       OSTimeDly
    134                  OSTimeDly((INT16U)32768u);
   \   00000042   0xF44F 0x4000      MOV      R0,#+32768
   \   00000046   0x.... 0x....      BL       OSTimeDly
    135                  loops--;
   \   0000004A   0x1E64             SUBS     R4,R4,#+1
    136              }
   \                     ??OSTimeDlyHMSM_1: (+1)
   \   0000004C   0xB2A4             UXTH     R4,R4
   \   0000004E   0x2C00             CMP      R4,#+0
   \   00000050   0xD1F3             BNE.N    ??OSTimeDlyHMSM_2
    137              return (OS_ERR_NONE);
   \   00000052   0x2000             MOVS     R0,#+0
   \   00000054   0xBD70             POP      {R4-R6,PC}       ;; return
    138          }
    139          #endif
    140          /*$PAGE*/
    141          /*
    142          *********************************************************************************************************
    143          *                                         RESUME A DELAYED TASK
    144          *
    145          * Description: This function is used resume a task that has been delayed through a call to either
    146          *              OSTimeDly() or OSTimeDlyHMSM().  Note that you can call this function to resume a
    147          *              task that is waiting for an event with timeout.  This would make the task look
    148          *              like a timeout occurred.
    149          *
    150          *              Also, you cannot resume a task that has called OSTimeDlyHMSM() with a combined time that
    151          *              exceeds 65535 clock ticks.  In other words, if the clock tick runs at 100 Hz then, you will
    152          *              not be able to resume a delayed task that called OSTimeDlyHMSM(0, 10, 55, 350) or higher:
    153          *
    154          *                  (10 Minutes * 60 + 55 Seconds + 0.35) * 100 ticks/second.
    155          *
    156          * Arguments  : prio                      specifies the priority of the task to resume
    157          *
    158          * Returns    : OS_ERR_NONE               Task has been resumed
    159          *              OS_ERR_PRIO_INVALID       if the priority you specify is higher that the maximum allowed
    160          *                                        (i.e. >= OS_LOWEST_PRIO)
    161          *              OS_ERR_TIME_NOT_DLY       Task is not waiting for time to expire
    162          *              OS_ERR_TASK_NOT_EXIST     The desired task has not been created or has been assigned to a Mutex.
    163          *********************************************************************************************************
    164          */
    165          
    166          #if OS_TIME_DLY_RESUME_EN > 0

   \                                 In section .text, align 2, keep-with-next
    167          INT8U  OSTimeDlyResume (INT8U prio)
    168          {
   \                     OSTimeDlyResume: (+1)
   \   00000000   0xB510             PUSH     {R4,LR}
   \   00000002   0x4604             MOV      R4,R0
    169              OS_TCB    *ptcb;
    170          #if OS_CRITICAL_METHOD == 3                                    /* Storage for CPU status register      */
    171              OS_CPU_SR  cpu_sr = 0;
    172          #endif
    173          
    174          
    175          
    176              if (prio >= OS_LOWEST_PRIO) {
   \   00000004   0x2C1F             CMP      R4,#+31
   \   00000006   0xDB01             BLT.N    ??OSTimeDlyResume_0
    177                  return (OS_ERR_PRIO_INVALID);
   \   00000008   0x202A             MOVS     R0,#+42
   \   0000000A   0xBD10             POP      {R4,PC}
    178              }
    179              OS_ENTER_CRITICAL();
   \                     ??OSTimeDlyResume_0: (+1)
   \   0000000C   0x.... 0x....      BL       OS_CPU_SR_Save
    180              ptcb = OSTCBPrioTbl[prio];                                 /* Make sure that task exist            */
   \   00000010   0x....             LDR.N    R1,??DataTable4_4
   \   00000012   0xF851 0x1024      LDR      R1,[R1, R4, LSL #+2]
    181              if (ptcb == (OS_TCB *)0) {
   \   00000016   0x2900             CMP      R1,#+0
   \   00000018   0xD001             BEQ.N    ??OSTimeDlyResume_1
    182                  OS_EXIT_CRITICAL();
    183                  return (OS_ERR_TASK_NOT_EXIST);                        /* The task does not exist              */
    184              }
    185              if (ptcb == OS_TCB_RESERVED) {
   \   0000001A   0x2901             CMP      R1,#+1
   \   0000001C   0xD103             BNE.N    ??OSTimeDlyResume_2
    186                  OS_EXIT_CRITICAL();
   \                     ??OSTimeDlyResume_1: (+1)
   \   0000001E   0x.... 0x....      BL       OS_CPU_SR_Restore
    187                  return (OS_ERR_TASK_NOT_EXIST);                        /* The task does not exist              */
   \   00000022   0x2043             MOVS     R0,#+67
   \   00000024   0xBD10             POP      {R4,PC}
    188              }
    189              if (ptcb->OSTCBDly == 0) {                                 /* See if task is delayed               */
   \                     ??OSTimeDlyResume_2: (+1)
   \   00000026   0x312E             ADDS     R1,R1,#+46
   \   00000028   0x880A             LDRH     R2,[R1, #+0]
   \   0000002A   0x2A00             CMP      R2,#+0
   \   0000002C   0xD103             BNE.N    ??OSTimeDlyResume_3
    190                  OS_EXIT_CRITICAL();
   \   0000002E   0x.... 0x....      BL       OS_CPU_SR_Restore
    191                  return (OS_ERR_TIME_NOT_DLY);                          /* Indicate that task was not delayed   */
   \   00000032   0x2050             MOVS     R0,#+80
   \   00000034   0xBD10             POP      {R4,PC}
    192              }
    193          
    194              ptcb->OSTCBDly = 0;                                        /* Clear the time delay                 */
   \                     ??OSTimeDlyResume_3: (+1)
   \   00000036   0x2200             MOVS     R2,#+0
   \   00000038   0x800A             STRH     R2,[R1, #+0]
    195              if ((ptcb->OSTCBStat & OS_STAT_PEND_ANY) != OS_STAT_RDY) {
   \   0000003A   0x788A             LDRB     R2,[R1, #+2]
   \   0000003C   0x2337             MOVS     R3,#+55
   \   0000003E   0x421A             TST      R2,R3
   \   00000040   0xD005             BEQ.N    ??OSTimeDlyResume_4
    196                  ptcb->OSTCBStat     &= ~OS_STAT_PEND_ANY;              /* Yes, Clear status flag               */
   \   00000042   0xF002 0x02C8      AND      R2,R2,#0xC8
   \   00000046   0x708A             STRB     R2,[R1, #+2]
    197                  ptcb->OSTCBStatPend  =  OS_STAT_PEND_TO;               /* Indicate PEND timeout                */
   \   00000048   0x2201             MOVS     R2,#+1
   \   0000004A   0x70CA             STRB     R2,[R1, #+3]
   \   0000004C   0xE001             B.N      ??OSTimeDlyResume_5
    198              } else {
    199                  ptcb->OSTCBStatPend  =  OS_STAT_PEND_OK;
   \                     ??OSTimeDlyResume_4: (+1)
   \   0000004E   0x2200             MOVS     R2,#+0
   \   00000050   0x70CA             STRB     R2,[R1, #+3]
    200              }
    201              if ((ptcb->OSTCBStat & OS_STAT_SUSPEND) == OS_STAT_RDY) {  /* Is task suspended?                   */
   \                     ??OSTimeDlyResume_5: (+1)
   \   00000052   0x788A             LDRB     R2,[R1, #+2]
   \   00000054   0x0712             LSLS     R2,R2,#+28
   \   00000056   0xD40F             BMI.N    ??OSTimeDlyResume_6
    202                  OSRdyGrp               |= ptcb->OSTCBBitY;             /* No,  Make ready                      */
   \   00000058   0x....             LDR.N    R2,??DataTable4_3
   \   0000005A   0x7813             LDRB     R3,[R2, #+0]
   \   0000005C   0x7A0C             LDRB     R4,[R1, #+8]
   \   0000005E   0x4323             ORRS     R3,R4,R3
   \   00000060   0x7013             STRB     R3,[R2, #+0]
   \   00000062   0x798A             LDRB     R2,[R1, #+6]
   \   00000064   0x....             LDR.N    R3,??DataTable4_2
   \   00000066   0x5CD4             LDRB     R4,[R2, R3]
   \   00000068   0x79C9             LDRB     R1,[R1, #+7]
   \   0000006A   0x4321             ORRS     R1,R1,R4
   \   0000006C   0x54D1             STRB     R1,[R2, R3]
    203                  OSRdyTbl[ptcb->OSTCBY] |= ptcb->OSTCBBitX;
    204                  OS_EXIT_CRITICAL();
   \   0000006E   0x.... 0x....      BL       OS_CPU_SR_Restore
    205                  OS_Sched();                                            /* See if this is new highest priority  */
   \   00000072   0x.... 0x....      BL       OS_Sched
   \   00000076   0xE001             B.N      ??OSTimeDlyResume_7
    206              } else {
    207                  OS_EXIT_CRITICAL();                                    /* Task may be suspended                */
   \                     ??OSTimeDlyResume_6: (+1)
   \   00000078   0x.... 0x....      BL       OS_CPU_SR_Restore
    208              }
    209              return (OS_ERR_NONE);
   \                     ??OSTimeDlyResume_7: (+1)
   \   0000007C   0x2000             MOVS     R0,#+0
   \   0000007E   0xBD10             POP      {R4,PC}          ;; return
    210          }
    211          #endif
    212          /*$PAGE*/
    213          /*
    214          *********************************************************************************************************
    215          *                                         GET CURRENT SYSTEM TIME
    216          *
    217          * Description: This function is used by your application to obtain the current value of the 32-bit
    218          *              counter which keeps track of the number of clock ticks.
    219          *
    220          * Arguments  : none
    221          *
    222          * Returns    : The current value of OSTime
    223          *********************************************************************************************************
    224          */
    225          
    226          #if OS_TIME_GET_SET_EN > 0

   \                                 In section .text, align 2, keep-with-next
    227          INT32U  OSTimeGet (void)
    228          {
   \                     OSTimeGet: (+1)
   \   00000000   0xB510             PUSH     {R4,LR}
    229              INT32U     ticks;
    230          #if OS_CRITICAL_METHOD == 3                      /* Allocate storage for CPU status register           */
    231              OS_CPU_SR  cpu_sr = 0;
    232          #endif
    233          
    234          
    235          
    236              OS_ENTER_CRITICAL();
   \   00000002   0x.... 0x....      BL       OS_CPU_SR_Save
    237              ticks = OSTime;
   \   00000006   0x....             LDR.N    R1,??DataTable4_5
   \   00000008   0x680C             LDR      R4,[R1, #+0]
    238              OS_EXIT_CRITICAL();
   \   0000000A   0x.... 0x....      BL       OS_CPU_SR_Restore
    239              return (ticks);
   \   0000000E   0x4620             MOV      R0,R4
   \   00000010   0xBD10             POP      {R4,PC}          ;; return
    240          }
    241          #endif
    242          
    243          /*
    244          *********************************************************************************************************
    245          *                                            SET SYSTEM CLOCK
    246          *
    247          * Description: This function sets the 32-bit counter which keeps track of the number of clock ticks.
    248          *
    249          * Arguments  : ticks      specifies the new value that OSTime needs to take.
    250          *
    251          * Returns    : none
    252          *********************************************************************************************************
    253          */
    254          
    255          #if OS_TIME_GET_SET_EN > 0

   \                                 In section .text, align 2, keep-with-next
    256          void  OSTimeSet (INT32U ticks)
    257          {
   \                     OSTimeSet: (+1)
   \   00000000   0xB510             PUSH     {R4,LR}
   \   00000002   0x4604             MOV      R4,R0
    258          #if OS_CRITICAL_METHOD == 3                      /* Allocate storage for CPU status register           */
    259              OS_CPU_SR  cpu_sr = 0;
    260          #endif
    261          
    262          
    263          
    264              OS_ENTER_CRITICAL();
   \   00000004   0x.... 0x....      BL       OS_CPU_SR_Save
    265              OSTime = ticks;
   \   00000008   0x....             LDR.N    R1,??DataTable4_5
   \   0000000A   0x600C             STR      R4,[R1, #+0]
    266              OS_EXIT_CRITICAL();
   \   0000000C   0xE8BD 0x4010      POP      {R4,LR}
   \   00000010   0x.... 0x....      B.W      OS_CPU_SR_Restore
    267          }

   \                                 In section .text, align 4, keep-with-next
   \                     ??DataTable4:
   \   00000000   0x........         DC32     OSIntNesting

   \                                 In section .text, align 4, keep-with-next
   \                     ??DataTable4_1:
   \   00000000   0x........         DC32     OSTCBCur

   \                                 In section .text, align 4, keep-with-next
   \                     ??DataTable4_2:
   \   00000000   0x........         DC32     OSRdyTbl

   \                                 In section .text, align 4, keep-with-next
   \                     ??DataTable4_3:
   \   00000000   0x........         DC32     OSRdyGrp

   \                                 In section .text, align 4, keep-with-next
   \                     ??DataTable4_4:
   \   00000000   0x........         DC32     OSTCBPrioTbl

   \                                 In section .text, align 4, keep-with-next
   \                     ??DataTable4_5:
   \   00000000   0x........         DC32     OSTime
    268          #endif

   Maximum stack usage in bytes:

   .cstack Function
   ------- --------
      16   OSTimeDly
        16   -> OS_CPU_SR_Restore
        16   -> OS_CPU_SR_Save
      16   OSTimeDlyHMSM
        16   -> OSTimeDly
       8   OSTimeDlyResume
         8   -> OS_CPU_SR_Restore
         8   -> OS_CPU_SR_Save
         8   -> OS_Sched
       8   OSTimeGet
         8   -> OS_CPU_SR_Restore
         8   -> OS_CPU_SR_Save
       8   OSTimeSet
         0   -> OS_CPU_SR_Restore
         8   -> OS_CPU_SR_Save


   Section sizes:

   Bytes  Function/Label
   -----  --------------
       4  ??DataTable4
       4  ??DataTable4_1
       4  ??DataTable4_2
       4  ??DataTable4_3
       4  ??DataTable4_4
       4  ??DataTable4_5
      66  OSTimeDly
      86  OSTimeDlyHMSM
     128  OSTimeDlyResume
      18  OSTimeGet
      20  OSTimeSet

 
 342 bytes in section .text
 
 342 bytes of CODE memory

Errors: none
Warnings: none
